0.025 0.0 0.0 0.0 -1.2597860012524662
0.07500000000000001 0.0 0.0 0.0 -8.818502008767265
0.12500000000000003 0.0 0.0 0.0 -23.935934023796857
0.17500000000000002 0.0 0.0 0.0 -46.612082046341264
0.22500000000000003 0.0 0.0 0.0 -76.84694607640044
0.2750000000000001 0.0 0.0 0.0 -114.64052611397446
0.32500000000000007 0.0 0.0 0.0 -159.99282215906325
0.3750000000000001 0.0 0.0 0.0 -212.9038342116668
0.4250000000000001 0.0 0.0 0.0 -273.3735622717852
0.4750000000000001 0.0 0.0 0.0 -341.4020063394184
0.5250000000000001 0.0 0.0 0.0 -416.98916641456634
0.5750000000000002 0.0 0.0 0.0 -500.13504249722916
0.6250000000000001 0.0 0.0 0.0 -590.8396345874067
0.6750000000000002 0.0 0.0 0.0 -689.102942685099
0.7250000000000002 0.0 0.0 0.0 -794.9249667903061
0.7750000000000001 0.0 0.0 0.0 -908.3057069030283
0.8250000000000002 0.0 0.0 0.0 -1029.245163023265
0.8750000000000002 0.0 0.0 0.0 -1157.7433351510167
0.9250000000000002 0.0 0.0 0.0 -1293.800223286283
0.9750000000000002 0.0 0.0 0.0 -1437.4158274290637
1.0250000000000001 0.0 0.0 0.0 -1588.59014757936
1.0750000000000002 0.0 0.0 0.0 -1747.3231837371704
1.1250000000000002 0.0 0.0 0.0 -1913.6149359024964
1.175 0.0 0.0 0.0 -2087.4654040753367
1.225 0.0 0.0 0.0 -2268.874588255692
1.2750000000000001 0.0 0.0 0.0 -2457.8424884435617
1.3250000000000002 0.0 0.0 0.0 -2654.3691046389467
1.3750000000000002 0.0 0.0 0.0 -2858.4544368418465
1.4250000000000003 0.0 0.0 0.0 -3070.0984850522605
1.475 0.0 0.0 0.0 -3289.3012492701896
1.5250000000000001 0.0 0.0 0.0 -3516.062729495634
1.5750000000000002 0.0 0.0 0.0 -3750.3829257285925
1.6250000000000002 0.0 0.0 0.0 -3992.261837969066
1.6750000000000003 0.0 0.0 0.0 -4241.699466217055
1.7250000000000003 0.0006668599359432729 4.6875e-06 0.0012468755211069399 -4495.695810472558
1.7750000000000004 0.18768694411888956 0.0014015625 0.3715689052898681 -3869.2508707355755
1.8250000000000002 5.6851890591520196 0.04613125 11.898101847576122 23591.635352993893
1.8750000000000002 41.62586153251182 0.3918234375 91.95416030542088 215927.96286071584
1.9250000000000003 109.60310394027563 1.3512390625 255.2046629077366 608423.7316524303
1.9750000000000003 132.6466458254798 2.573465625 325.112401499292 776327.9417281372
2.0250000000000004 88.07745768852176 3.426634375 226.94298234632672 539828.5930878366
2.075 37.827640492432366 3.811371875 102.340217771068 239722.6857315285
2.1250000000000004 11.35000631806856 3.932440625 32.20430095915004 70657.21965921289
2.1750000000000003 2.5930516373433634 3.9614171875 7.707768846309399 11393.194870889749
2.2250000000000005 0.5035815461479083 3.96730625 1.5664912796840187 -3715.3886334409026
2.2750000000000004 0.08473351468475408 3.9683421875 0.2755594901646337 -7161.530853779068
2.325 0.01492860250824306 3.9685328125 0.050706271191682216 -8050.231790124749
2.3750000000000004 0.0014072133734693028 3.9685515625 0.0049875020844277595 -8515.491442477945
2.4250000000000003 0.0 3.9685515625 0.0 -8890.309810838653
2.4750000000000005 0.0005399167531069304 3.968559375 0.002078125868511566 -9255.686895206882
2.5250000000000004 0.0008299941031685368 3.968571875 0.003325001389618506 -9630.622695582619
2.5750000000000006 0.003092541651747152 3.9686203125 0.012884380384771712 -9993.117211965873
2.6250000000000004 0.007295647163109626 3.9687390625 0.0315875132013758 -10341.170444356645
2.6750000000000003 0.016731710199793116 3.969021875 0.0752281564401187 -10636.782392754927
2.7250000000000005 0.03607711505097214 3.9696546875 0.16832819534943688 -10820.953057160727
2.7750000000000004 0.08048664830229275 3.97111875 0.3894407877590675 -10704.68243757404
2.8250000000000006 0.19088318479609634 3.9747171875 0.9571847750364273 -9761.97053399487
2.8750000000000004 0.40157437171857713 3.9825578125 2.085607121638208 -7477.817346423215
2.9250000000000003 0.8013624088809381 3.998753125 4.307954925424477 -2569.2228748590733
2.9750000000000005 1.5203823248968547 4.0305390625 8.455062908626159 6962.812880697555
3.0250000000000004 2.6538072424787003 4.0879015625 15.258431376959326 22878.289920246665
3.0750000000000006 4.422729696116571 4.1866859375 26.27665473180765 48927.208243788264
3.1250000000000004 6.758387818982657 4.3425875 41.46983295649571 85013.56785132235
3.1750000000000007 9.391959528734484 4.566228125 59.488431112012094 127890.36874284892
3.2250000000000005 11.98234038615067 4.8606078125 78.30502960103692 172679.61091836798
3.2750000000000004 13.959303688573495 5.2142734375 94.0750955668238 210131.2943778795
3.3250000000000006 14.719885689772388 5.5986828125 102.2529364845905 229308.41912138351
3.3750000000000004 13.998013479316063 5.9753171875 100.1847856202478 223825.98514888005
3.4250000000000007 11.758255968596433 6.30113125 86.66657684558005 190786.99246036902
3.4750000000000005 8.874502308893717 6.5542703125 67.33501876633807 143753.4410558505
3.525000000000001 5.952194292858644 6.7289734375 46.47105067165565 93025.33093532447
3.5750000000000006 3.53127719979114 6.83558125 28.35768997653513 48907.66209879093
3.6250000000000004 1.866848446189034 6.893528125 15.41387519192399 17220.43454624986
3.6750000000000007 0.8571140977547762 6.920871875 7.2734405397904816 -2917.3517222987284
3.7250000000000005 0.3460506723934225 6.9322140625 3.0170231359050916 -13717.696706854815
3.775000000000001 0.15002134921176305 6.9372640625 1.3433005614058764 -18311.600407418424
3.8250000000000006 0.08581221669835402 6.9402296875 0.7888565796869905 -20220.062823989556
3.8750000000000004 0.10581458661543802 6.9439828125 0.9983316672329563 -20298.083956568193
3.9250000000000007 0.1749703230622909 6.95035 1.6936725828369263 -19214.66380515435
3.9750000000000005 0.3058592727025217 6.961765625 3.0365575190691003 -16580.802369748013
4.025000000000001 0.4855153898193596 6.9803453125 4.942198940494207 -12600.499650349197
4.075000000000001 0.786695037895384 7.011203125 8.208181555446984 -5354.755646957896
4.125000000000001 1.1896482320390713 7.05901875 12.718961565638189 4878.429640425889
4.175000000000002 1.7691206954370813 7.131859375 19.375614347654437 20267.05621180216
4.225000000000001 2.5624886207927697 7.2399078125 28.74089638668866 42165.12406717092
4.275000000000001 3.504695037670241 7.391203125 40.244569944421286 69200.63320653216
4.325000000000001 4.733610194008889 7.6003578125 55.63517012661794 105580.58362988589
4.375000000000001 6.135500714734929 7.877759375 73.78884646358759 148600.9753372321
4.425000000000002 7.586181073133728 8.228634375 93.33278900659145 194958.8083285708
4.475000000000001 9.065196169008912 8.6574453125 114.06375704568916 244165.08260390197
4.525000000000001 10.436579877055708 9.1622203125 134.2702061155745 292101.79816322564
4.575000000000001 11.40289763428993 9.7259875 149.96213454870536 329168.9550065418
4.625000000000001 11.886467153421506 10.326578125 159.75717301734775 352040.55313385045
4.675000000000002 11.566413051117534 10.9237015625 158.83490075690233 349118.5925451516
4.725000000000001 10.4390318674807 11.4742125 146.43597057501492 318576.07324044517
4.775000000000001 8.6741697912657 11.941384375 124.26777068525465 264520.99521973124
4.825000000000001 6.568784054481569 12.3026125 96.086721407543 195991.35848300986
4.875000000000001 4.4327466786889405 12.5514546875 66.1920495386567 123331.1630302809
4.925000000000002 2.7176664525703766 12.7071625 41.41829543495662 62984.40886154446
4.975000000000001 1.5139948501585292 12.7956765625 23.544750465062343 19232.095976800498
5.025000000000001 0.7534689194032221 12.8406171875 11.954211246025933 -9410.775623950976
5.075000000000001 0.3472346540540583 12.8617421875 5.619252348455275 -25416.20594070998
5.125000000000002 0.1332504097439839 12.870009375 2.199072794058939 -34416.19497347649
5.175000000000002 0.045818598728102684 12.8729078125 0.7709846972177911 -38630.742722250514
5.225000000000001 0.01582192251771403 12.873928125 0.27140323842761055 -40618.84918703206
5.275000000000001 0.004516763977700092 12.874225 0.07896878300343951 -41875.5143678211
5.325000000000001 0.0014696709511952855 12.8743234375 0.026184385943245736 -42803.73826461768
5.375000000000002 0.00041213017357064134 12.8743515625 0.007481253126641638 -43657.52087742176
5.425000000000002 6.742806102594862e-05 12.87435625 0.0012468755211069399 -44488.86220623336
5.475000000000001 0.0 12.87435625 0.0 -45315.762251052474
5.525000000000001 0.0 12.87435625 0.0 -46147.22101187909
5.575000000000001 0.0 12.87435625 0.0 -46986.238488713236
5.625000000000002 0.0 12.87435625 0.0 -47832.81468155489
5.675000000000002 0.0 12.87435625 0.0 -48686.94959040407
5.725000000000001 0.0 12.87435625 0.0 -49548.643215260745
5.775000000000001 0.0 12.87435625 0.0 -50417.89555612495
5.825000000000001 0.0 12.87435625 0.0 -51294.70661299668
5.875000000000002 0.0 12.87435625 0.0 -52179.07638587591
5.925000000000002 0.0 12.87435625 0.0 -53071.00487476265
5.975000000000001 0.0 12.87435625 0.0 -53970.492079656906
6.025000000000001 0.0 12.87435625 0.0 -54877.538000558685
6.075000000000002 0.0 12.87435625 0.0 -55792.14263746798
6.125000000000002 0.0 12.87435625 0.0 -56714.30599038478
6.175000000000002 0.0 12.87435625 0.0 -57644.0280593091
6.225000000000001 0.0 12.87435625 0.0 -58581.30884424094
6.275000000000001 0.0 12.87435625 0.0 -59526.148345180285
6.325000000000002 0.0 12.87435625 0.0 -60478.54656212715
6.375000000000002 0.0 12.87435625 0.0 -61438.50349508154
6.425000000000002 0.0 12.87435625 0.0 -62406.019144043436
6.475000000000001 0.0 12.87435625 0.0 -63381.09350901283
6.525000000000001 0.0 12.87435625 0.0 -64363.72658998977
6.575000000000002 0.0 12.87435625 0.0 -65353.9183869742
6.625000000000002 0.0 12.87435625 0.0 -66351.66889996616
6.675000000000002 0.0 12.87435625 0.0 -67356.97812896562
6.725000000000001 0.0 12.87435625 0.0 -68369.8460739726
6.775000000000001 0.0 12.87435625 0.0 -69390.2727349871
6.825000000000002 0.0 12.87435625 0.0 -70418.2581120091
6.875000000000002 0.0 12.87435625 0.0 -71453.80220503864
6.925000000000002 0.0 12.87435625 0.0 -72496.90501407567
6.975000000000001 0.0 12.87435625 0.0 -73547.56653912023
7.025000000000002 0.0 12.87435625 0.0 -74605.7867801723
7.075000000000002 0.0 12.87435625 0.0 -75671.5657372319
7.125000000000002 0.0 12.87435625 0.0 -76744.903410299
7.175000000000002 0.0 12.87435625 0.0 -77825.79979937362
7.225000000000001 0.0 12.87435625 0.0 -78914.25490445574
7.275000000000002 0.0 12.87435625 0.0 -80010.26872554538
7.325000000000002 0.0 12.87435625 0.0 -81113.84126264256
7.375000000000002 0.0 12.87435625 0.0 -82224.97251574723
7.425000000000002 0.0 12.87435625 0.0 -83343.66248485942
7.475000000000001 0.0 12.87435625 0.0 -84469.91116997912
7.525000000000002 0.0 12.87435625 0.0 -85603.71857110635
7.575000000000002 0.0 12.87435625 0.0 -86745.08468824108
7.625000000000002 0.0 12.87435625 0.0 -87894.00952138331
7.675000000000002 0.0 12.87435625 0.0 -89050.49307053309
7.725000000000001 0.0 12.87435625 0.0 -90214.53533569037
7.775000000000002 0.0 12.87435625 0.0 -91386.13631685516
7.825000000000002 0.0 12.87435625 0.0 -92565.29601402747
7.875000000000002 0.0 12.87435625 0.0 -93752.01442720728
7.925000000000002 0.0 12.87435625 0.0 -94946.29155639464
7.975000000000002 0.0 12.87435625 0.0 -96148.12740158947
8.025000000000002 0.0 12.87435625 0.0 -97357.52196279187
8.075000000000001 0.0 12.87435625 0.0 -98574.47524000173
8.125000000000002 0.0 12.87435625 0.0 -99798.98723321913
8.175000000000002 0.0 12.87435625 0.0 -101031.05794244405
8.225000000000001 0.0 12.87435625 0.0 -102270.68736767648
8.275000000000002 0.0 12.87435625 0.0 -103517.87550891642
8.325000000000003 0.0 12.87435625 0.0 -104772.62236616387
8.375000000000002 0.0 12.87435625 0.0 -106034.92793941886
8.425000000000002 0.0 12.87435625 0.0 -107304.79222868131
8.475000000000001 0.0 12.87435625 0.0 -108582.21523395133
8.525000000000002 0.0 12.87435625 0.0 -109867.19695522885
8.575000000000003 0.0 12.87435625 0.0 -111159.73739251388
8.625000000000002 0.0 12.87435625 0.0 -112459.8365458064
8.675000000000002 0.0 12.87435625 0.0 -113767.49441510648
8.725000000000001 0.0 12.87435625 0.0 -115082.71100041407
8.775000000000002 0.0 12.87435625 0.0 -116405.48630172914
8.825000000000003 0.0 12.87435625 0.0 -117735.82031905175
8.875000000000002 0.0 12.87435625 0.0 -119073.71305238186
8.925000000000002 0.0 12.87435625 0.0 -120419.1645017195
8.975000000000001 0.0 12.87435625 0.0 -121772.17466706467
9.025000000000002 0.0 12.87435625 0.0 -123132.74354841733
9.075000000000003 0.0 12.87435625 0.0 -124500.87114577749
9.125000000000002 0.0 12.87435625 0.0 -125876.55745914519
9.175000000000002 0.0 12.87435625 0.0 -127259.80248852039
9.225000000000001 0.0 12.87435625 0.0 -128650.60623390312
9.275000000000002 0.0 12.87435625 0.0 -130048.96869529336
9.325000000000003 0.0 12.87435625 0.0 -131454.8898726911
9.375000000000002 0.0 12.87435625 0.0 -132868.36976609638
9.425000000000002 0.0 12.87435625 0.0 -134289.40837550914
9.475000000000001 0.0 12.87435625 0.0 -135718.00570092944
9.525000000000002 0.0 12.87435625 0.0 -137154.16174235728
9.575000000000003 0.0 12.87435625 0.0 -138597.8764997926
9.625000000000002 0.0 12.87435625 0.0 -140049.1499732354
9.675000000000002 0.0 12.87435625 0.0 -141507.9821626858
9.725000000000001 0.0 12.87435625 0.0 -142974.37306814367
9.775000000000002 0.0 12.87435625 0.0 -144448.32268960905
9.825000000000003 0.0 12.87435625 0.0 -145929.83102708196
9.875000000000002 0.0 12.87435625 0.0 -147418.89808056236
9.925000000000002 0.0 12.87435625 0.0 -148915.5238500503
9.975000000000001 0.0 12.87435625 0.0 -150419.70833554573
10.025000000000002 0.0 12.87435625 0.0 -151931.45153704868
10.075000000000003 3.91004922747203e-05 12.874365625 0.0024937510422138797 -153444.75345455916
10.125000000000002 0.00021293397884706997 12.8744171875 0.013715630732176336 -154944.61408807719
10.175000000000002 0.00032585353905284476 12.874496875 0.021196883858817975 -156461.03343760266
10.225000000000003 0.0008541383968436746 12.8747078125 0.05610939844981228 -157919.01150313567
10.275000000000002 0.0016415675141049169 12.8751171875 0.10889379551000607 -159341.54828467622
10.325000000000003 0.004020832783937248 12.8761296875 0.26932511255909897 -160512.6437822243
10.375000000000002 0.00771852942025384 12.8780921875 0.5220252181701055 -161469.29799577984
10.425000000000002 0.01577625848012883 12.8821421875 1.0773004502363959 -161705.51092534288
10.475000000000003 0.03208998795675584 12.890459375 2.2123727996174134 -160554.2825709135
10.525000000000002 0.057988370378371824 12.9056328125 4.036136061823163 -157753.6129324916
10.575000000000003 0.1012956964641906 12.932390625 7.1175810996521145 -151934.5020100772
10.625000000000002 0.1747313917033349 12.978984375 12.393942679802981 -140841.94980367034
10.675000000000002 0.2785943866146411 13.053975 19.947514586668824 -124277.95631327108
10.725000000000003 0.4219920749140327 13.16863125 30.498575246275745 -100509.52153887917
10.775000000000002 0.6153731485159907 13.3373921875 44.89042813606575 -67507.64548049483
10.825000000000003 0.8559259775105451 13.57430625 63.01916696261325 -25522.328138118057
10.875000000000002 1.113561756802768 13.8853859375 82.74723145756725 20303.430488251208
10.925000000000002 1.3751461287670548 14.27308125 103.12699622488647 67689.63039861302
10.975000000000003 1.5860390176178012 14.7243359375 120.03379704074918 106712.2715929673
11.025000000000002 1.6976751586255219 15.2117640625 129.6559354371314 128200.35407131398
11.075000000000003 1.6778507368145714 15.6978796875 129.3068102912215 125689.87783365324
11.125000000000002 1.5129488850223323 16.1401859375 117.65351167095602 95973.84287998494
11.175000000000002 1.2734724524994363 16.5158359375 99.92294176081535 51628.24921030915
11.225000000000003 0.9918527099068545 16.8110375 78.52364844240435 -1551.9031753741438
11.275000000000002 0.7370059853686182 17.0323484375 58.86873397802195 -50542.614277065004
11.325000000000003 0.5394041081012987 17.1957625 43.46815879165643 -89304.88409476334
11.375000000000002 0.43454763594480406 17.328575 35.32813976469663 -110605.71262846922
11.425000000000002 0.41818971480102424 17.4575140625 34.297804959088595 -114808.09987818258
11.475000000000003 0.4654274021048484 17.6022765625 38.506841093171914 -106412.04584390344
11.525000000000002 0.556358597746648 17.7768328125 46.431981905327625 -89082.5505256319
11.575000000000003 0.6278715466021485 17.9755390625 52.85588459007058 -75372.61392336778
11.625000000000002 0.6558157456418855 18.1848859375 55.68629202298333 -70316.2360371112
11.675000000000002 0.612337945620439 18.3820390625 52.44275316741049 -79881.41686686216
11.725000000000003 0.4979594766482538 18.5437421875 43.013049226452395 -104338.15641262062
11.775000000000002 0.35808876350742885 18.66101875 31.195578662574523 -134547.45467438656
11.825000000000003 0.22587814636870476 18.735625 19.845270793938052 -163640.3116521601
11.875000000000002 0.12766692376820035 18.77815 11.311654727482157 -185963.72734594112
11.925000000000002 0.06218755574768787 18.7990390625 5.556492947226226 -201609.70175572962
11.975000000000003 0.027815547508553477 18.8084609375 2.506219797424949 -210755.23488152563
12.025000000000002 0.012731054764511286 18.812809375 1.1566848584135379 -215816.32672332923
12.075000000000003 0.008579038271788835 18.8157640625 0.7859472034710743 -218529.9772811403
12.125000000000004 0.008485932134565938 18.8187109375 0.7838690776025629 -220364.18655495887
12.175000000000002 0.011147458383173133 18.8226140625 1.0382316839083785 -221588.95454478497
12.225000000000003 0.015681759428743555 18.82815 1.472559990427296 -222388.28125061857
12.275000000000002 0.02203411285091607 18.8359921875 2.08602274681191 -222764.16667245966
12.325000000000003 0.03272911753389026 18.8477359375 3.1238388055465864 -222126.61081030834
12.375000000000004 0.046183827231944544 18.8644421875 4.4438643572251335 -220817.61366416447
12.425000000000002 0.06297770611594143 18.8874078125 6.1088588030766005 -218686.17523402814
12.475000000000003 0.08020273349526183 18.916890625 7.842431402588948 -216397.29551989934
12.525000000000002 0.10645736440294304 18.9563390625 10.493288760462303 -211908.97452177803
12.575000000000003 0.1368063607830227 19.0074390625 13.592605680760453 -206349.21223966425
12.625000000000004 0.17599747040345512 19.0737015625 17.6258323663677 -198550.00867355795
12.675000000000002 0.22577476780929293 19.1593796875 22.790390774792645 -188036.36382345922
12.725000000000003 0.28567311030521897 19.2686453125 29.064668397002766 -174860.277689368
12.775000000000002 0.35943096879933467 19.4072046875 36.856809153573735 -158039.75027128423
12.825000000000003 0.44606378139039154 19.580509375 46.099066141192075 -137737.78156920805
12.875000000000004 0.5477156227303396 19.7949703125 57.046633216511005 -113340.37158313932
12.925000000000002 0.6749991042750334 20.0613265625 70.85079211068593 -82077.52031307816
12.975000000000003 0.8313254093591655 20.3919125 87.93589612606692 -42928.22775902451
13.025000000000002 1.0040960433890385 20.7942859375 107.03137910664601 1050.5060790216667
13.075000000000003 1.1875848700446237 21.27385 127.56409393788769 48479.68120106027
13.125000000000004 1.3912857364450828 21.8399765625 150.58972856099584 101899.29760709143
13.175000000000002 1.5888516615769654 22.4914296875 173.28660367170548 154520.355297115
13.225000000000003 1.7671100867269751 23.22148125 194.19379678445293 202827.8542711311
13.275000000000002 1.9192539475137393 24.0203953125 212.51122943986127 244896.7945291397
13.325000000000003 2.039242225966511 24.8756625 227.50116695460892 278952.17607114074
13.375000000000004 2.1040501029057244 25.7647453125 236.49612696387436 298575.9988971343
13.425000000000002 2.1237289413822547 26.668865625 240.49610363558546 306174.26300712035
13.475000000000003 2.096955634102159 27.56825 239.2363437340937 301109.96840109886
13.525000000000002 2.018135845276386 28.4402640625 231.9558375663503 281552.11507906986
13.575000000000003 1.9211746127392797 29.27653125 222.4471648423888 256625.70304103335
13.625000000000004 1.801545453810536 30.0665125 210.13510032180514 224946.73228698928
13.675000000000002 1.6855745100477901 30.811075 198.0537077726263 193815.20281693776
13.725000000000003 1.568113814908084 31.5088265625 185.6019931936787 161785.11463087873
13.775000000000004 1.4775956183927192 32.1711 176.16480799959396 137000.4677288122
13.825000000000003 1.4091055590646469 32.80726875 169.22095822254943 118207.26211073808
13.875000000000004 1.3545095065652355 33.4232203125 163.8431841000152 103174.49777665647
13.925000000000002 1.310733683409739 34.02356875 159.6927511154239 91087.17472656735
13.975000000000003 1.2757756227940422 34.612109375 156.5518716777555 81421.29296047072
14.025000000000004 1.2406933557893927 35.18856875 153.33825783468922 71572.85247836658
14.075000000000003 1.2018258799886914 35.7509578125 149.5955531454999 60443.85328025493
14.125000000000004 1.163178280943959 36.2991359375 145.81544219067737 49217.295366135775
14.175000000000002 1.115596726969366 36.82861875 140.84248698732918 35113.17873600911
14.225000000000003 1.0637735997779012 37.3370734375 135.24900339964347 19508.50338987488
14.275000000000004 1.006019246272226 37.821309375 128.80681320725762 1854.2693277331418
14.325000000000003 0.9359209010818681 38.274965625 120.67261293272963 -19878.523450416047
14.375000000000004 0.8735262213631597 38.7013390625 113.41538177471354 -39508.87494457286
14.425000000000002 0.834537152246289 39.1115203125 109.10825809963646 -52048.78515473707
14.475000000000003 0.8004501880696979 39.5076796875 105.3784377908319 -63207.25408090884
14.525000000000004 0.7868564352791744 39.89980625 104.30570921750623 -67980.28172308812
14.575000000000003 0.7983630409042585 40.3004109375 106.56089141001499 -64753.868081274966
14.625000000000004 0.8181741938609007 40.713778125 109.95571782881548 -58793.01315546926
14.675000000000002 0.8462486201882132 41.1442578125 114.50764473120321 -50055.71694567113
14.725000000000003 0.8784173102790667 41.5941515625 119.67178751445445 -39852.9794518805
14.775000000000004 0.9159680092606405 42.06646875 125.63642438225635 -27731.80067409732
14.825000000000003 0.9625730654667053 42.5661828125 132.92399617795272 -12435.180612321768
14.875000000000004 1.0068188352068552 43.0923984375 139.97341474911767 2280.8807334463927
14.925000000000002 1.0636567416981724 43.6520640625 148.87111846773678 21436.38336320693
14.975000000000003 1.1109800996967338 44.240553125 156.53815604702334 37623.32727696007
