0.025 1635116.597542814 0.99995 856.145048433874 639967.6086101744
0.07500000000000001 0.0 0.99995 0.0 -2.7397287794228395
0.12500000000000003 0.0 0.99995 0.0 -7.436406687004849
0.17500000000000002 0.0 0.99995 0.0 -14.481423548377867
0.22500000000000003 0.0 0.99995 0.0 -23.874779363541883
0.2750000000000001 0.0 0.99995 0.0 -35.61647413249692
0.32500000000000007 0.0 0.99995 0.0 -49.70650785524294
0.3750000000000001 0.0 0.99995 0.0 -66.14488053177999
0.4250000000000001 0.0 0.99995 0.0 -84.93159216210803
0.4750000000000001 0.0 0.99995 0.0 -106.06664274622706
0.5250000000000001 0.0 0.99995 0.0 -129.5500322841371
0.5750000000000002 0.0 0.99995 0.0 -155.38176077583816
0.6250000000000001 0.0 0.99995 0.0 -183.56182822133025
0.6750000000000002 0.0 0.99995 0.0 -214.09023462061333
0.7250000000000002 0.0 0.99995 0.0 -246.96697997368736
0.7750000000000001 0.0 0.99995 0.0 -282.1920642805524
0.8250000000000002 0.0 0.99995 0.0 -319.7654875412085
0.8750000000000002 0.0 0.99995 0.0 -359.68724975565567
0.9250000000000002 0.0 0.99995 0.0 -401.9573509238937
0.9750000000000002 0.0 0.99995 0.0 -446.57579104592276
1.0250000000000001 0.0 0.99995 0.0 -493.5425701217429
1.0750000000000002 0.0 0.99995 0.0 -542.857688151354
1.1250000000000002 0.0 0.99995 0.0 -594.5211451347561
1.175 0.0 0.99995 0.0 -648.5329410719493
1.225 0.0 0.99995 0.0 -704.8930759629334
1.2750000000000001 0.0 0.99995 0.0 -763.6015498077086
1.3250000000000002 0.0 0.99995 0.0 -824.6583626062746
1.3750000000000002 0.0 0.99995 0.0 -888.0635143586319
1.4250000000000003 0.0 0.99995 0.0 -953.81700506478
1.475 0.0 0.99995 0.0 -1021.9188347247191
1.5250000000000001 0.0 0.99995 0.0 -1092.3690033384494
1.5750000000000002 0.0 0.99995 0.0 -1165.1675109059704
1.6250000000000002 0.0 0.99995 0.0 -1240.3143574272826
1.6750000000000003 0.0 0.99995 0.0 -1317.8095429023856
1.7250000000000003 0.0 0.99995 0.0 -1397.65306733128
1.7750000000000004 0.0 0.99995 0.0 -1479.8449307139651
1.8250000000000002 0.0 0.99995 0.0 -1564.3851330504413
1.8750000000000002 0.0 0.99995 0.0 -1651.2736743407083
1.9250000000000003 0.0 0.99995 0.0 -1740.5105545847666
1.9750000000000003 0.0 0.99995 0.0 -1832.0957737826157
2.0250000000000004 0.0 0.99995 0.0 -1926.029331934256
2.075 0.0 0.99995 0.0 -2022.3112290396875
2.1250000000000004 0.0 0.99995 0.0 -2120.9414650989097
2.1750000000000003 0.0 0.99995 0.0 -2221.920040111923
2.2250000000000005 0.0 0.99995 0.0 -2325.246954078727
2.2750000000000004 0.0 0.99995 0.0 -2430.922206999322
2.325 0.0 0.99995 0.0 -2538.9457988737086
2.3750000000000004 0.0 0.99995 0.0 -2649.317729701886
2.4250000000000003 0.0 0.99995 0.0 -2762.0379994838536
2.4750000000000005 0.0 0.99995 0.0 -2877.1066082196135
2.5250000000000004 0.0 0.99995 0.0 -2994.5235559091634
2.5750000000000006 0.0 0.99995 0.0 -3114.2888425525043
2.6250000000000004 0.0 0.99995 0.0 -3236.4024681496367
2.6750000000000003 0.0 0.99995 0.0 -3360.86443270056
2.7250000000000005 0.0022937918828704515 0.9999625 0.010702348222834565 -3479.674736205274
2.7750000000000004 0.06248559895880373 1.000315625 0.3023413372950765 -3390.833378663779
2.8250000000000006 0.25184479244591346 1.001790625 1.2628770902944788 -2804.340360076076
2.8750000000000004 0.8891875330732514 1.007184375 4.618063258153115 -430.19568044216385
2.9250000000000003 2.613478430598662 1.02359375 14.049507629526078 6483.600660237958
2.9750000000000005 6.986369971249951 1.068971875 38.85219963594518 24885.04866196429
3.0250000000000004 16.297444698509974 1.178415625 93.70440986502805 65746.14832473683
3.0750000000000006 30.949987418162063 1.393184375 183.8823959906321 133010.89964855558
3.1250000000000004 48.44967571203064 1.740409375 297.2898289338986 217637.30263342054
3.1750000000000007 63.73279206110983 2.211896875 403.681872617097 297017.3572793317
3.2250000000000005 68.35585393962923 2.7336375 446.70798805994764 329029.06358628906
3.2750000000000004 60.89870426959158 3.212984375 410.4109740622042 301744.42155429267
3.3250000000000006 44.56561061986244 3.5745625 309.5788002807684 226217.43118334244
3.3750000000000004 27.321967580614512 3.802953125 195.54527996646607 140820.09247343845
3.4250000000000007 13.962914865499869 3.92315625 102.91645609783289 71420.40542458068
3.4750000000000005 5.759896222388651 3.9742 43.70303896794495 26996.37003676909
3.525000000000001 2.0157594935332477 3.99258125 15.737803061678228 5927.98631000372
3.5750000000000006 0.5814006026620467 3.998034375 4.668899412211579 -2512.7457557154403
3.6250000000000004 0.1448517791602446 3.99943125 1.1959874139017628 -5277.826160388393
3.6750000000000007 0.028376598879238487 3.9997125 0.24080283501377775 -6163.254904015138
3.7250000000000005 0.008592868673221435 3.9998 0.07491643755984197 -6461.031986595671
3.775000000000001 0.0 3.9998 0.0 -6693.157408129996
3.8250000000000006 0.0 3.9998 0.0 -6871.631168618114
3.8750000000000004 0.0 3.9998 0.0 -7052.4532680600205
3.9250000000000007 0.0 3.9998 0.0 -7235.623706455719
3.9750000000000005 0.0 3.9998 0.0 -7421.142483805209
4.025000000000001 0.0 3.9998 0.0 -7609.0096001084885
4.075000000000001 0.0 3.9998 0.0 -7799.2250553655595
4.125000000000001 0.0 3.9998 0.0 -7991.788849576422
4.175000000000002 0.0 3.9998 0.0 -8186.700982741077
4.225000000000001 0.0 3.9998 0.0 -8383.961454859522
4.275000000000001 0.0 3.9998 0.0 -8583.570265931754
4.325000000000001 0.0 3.9998 0.0 -8785.527415957782
4.375000000000001 0.0 3.9998 0.0 -8989.8329049376
4.425000000000002 0.0 3.9998 0.0 -9196.486732871208
4.475000000000001 0.0 3.9998 0.0 -9405.488899758608
4.525000000000001 0.0 3.9998 0.0 -9616.839405599798
4.575000000000001 0.0 3.9998 0.0 -9830.538250394779
4.625000000000001 0.0 3.9998 0.0 -10046.585434143553
4.675000000000002 0.0 3.9998 0.0 -10264.980956846117
4.725000000000001 0.0 3.9998 0.0 -10485.724818502471
4.775000000000001 0.0 3.9998 0.0 -10708.817019112616
4.825000000000001 0.0 3.9998 0.0 -10934.257558676552
4.875000000000001 0.0 3.9998 0.0 -11162.04643719428
4.925000000000002 0.0 3.9998 0.0 -11392.183654665798
4.975000000000001 0.0 3.9998 0.0 -11624.669211091108
5.025000000000001 0.0 3.9998 0.0 -11859.503106470209
5.075000000000001 0.0 3.9998 0.0 -12096.6853408031
5.125000000000002 0.0 3.9998 0.0 -12336.215914089784
5.175000000000002 0.0 3.9998 0.0 -12578.094826330258
5.225000000000001 0.0 3.9998 0.0 -12822.32207752452
5.275000000000001 0.0 3.9998 0.0 -13068.897667672574
5.325000000000001 0.0 3.9998 0.0 -13317.821596774424
5.375000000000002 0.0 3.9998 0.0 -13569.09386483006
5.425000000000002 0.0 3.9998 0.0 -13822.714471839488
5.475000000000001 0.0 3.9998 0.0 -14078.68341780271
5.525000000000001 0.0 3.9998 0.0 -14337.000702719717
5.575000000000001 0.0 3.9998 0.0 -14597.666326590519
5.625000000000002 0.0 3.9998 0.0 -14860.680289415111
5.675000000000002 0.0 3.9998 0.0 -15126.042591193496
5.725000000000001 0.0 3.9998 0.0 -15393.753231925672
5.775000000000001 0.0 3.9998 0.0 -15663.812211611636
5.825000000000001 0.0 3.9998 0.0 -15936.219530251394
5.875000000000002 0.0 3.9998 0.0 -16210.975187844942
5.925000000000002 0.0 3.9998 0.0 -16488.079184392278
5.975000000000001 0.0 3.9998 0.0 -16767.531519893408
6.025000000000001 0.0 3.9998 0.0 -17049.332194348328
6.075000000000002 0.0 3.9998 0.0 -17333.481207757042
6.125000000000002 0.0 3.9998 0.0 -17619.978560119544
6.175000000000002 0.0 3.9998 0.0 -17908.82425143584
6.225000000000001 0.0 3.9998 0.0 -18200.01828170592
6.275000000000001 0.0 3.9998 0.0 -18493.560650929798
6.325000000000002 0.0 3.9998 0.0 -18789.451359107465
6.375000000000002 0.0 3.9998 0.0 -19087.690406238926
6.425000000000002 0.0 3.9998 0.0 -19388.27779232417
6.475000000000001 0.0 3.9998 0.0 -19691.213517363212
6.525000000000001 0.0 3.9998 0.0 -19996.49758135604
6.575000000000002 0.0 3.9998 0.0 -20304.12998430266
6.625000000000002 0.0 3.9998 0.0 -20614.11072620308
6.675000000000002 0.0 3.9998 0.0 -20926.43980705728
6.725000000000001 0.0 3.9998 0.0 -21241.117226865277
6.775000000000001 0.0 3.9998 0.0 -21558.14298562706
6.825000000000002 0.0 3.9998 0.0 -21877.51708334264
6.875000000000002 0.0 3.9998 0.0 -22199.239520012
6.925000000000002 0.0 3.9998 0.0 -22523.310295635158
6.975000000000001 0.0 3.9998 0.0 -22849.729410212112
7.025000000000002 0.0 3.9998 0.0 -23178.496863742854
7.075000000000002 0.0 3.9998 0.0 -23509.612656227382
7.125000000000002 0.0 3.9998 0.0 -23843.07678766571
7.175000000000002 0.0 3.9998 0.0 -24178.88925805782
7.225000000000001 0.0 3.9998 0.0 -24517.05006740372
7.275000000000002 0.0 3.9998 0.0 -24857.55921570342
7.325000000000002 0.0 3.9998 0.0 -25200.41670295691
7.375000000000002 0.0 3.9998 0.0 -25545.622529164186
7.425000000000002 0.0 3.9998 0.0 -25893.17669432525
7.475000000000001 0.0 3.9998 0.0 -26243.079198440115
7.525000000000002 0.0 3.9998 0.0 -26595.330041508765
7.575000000000002 0.0 3.9998 0.0 -26949.929223531206
7.625000000000002 0.0 3.9998 0.0 -27306.876744507437
7.675000000000002 0.0 3.9998 0.0 -27666.172604437463
7.725000000000001 0.0 3.9998 0.0 -28027.81680332128
7.775000000000002 0.0 3.9998 0.0 -28391.80934115888
7.825000000000002 0.0 3.9998 0.0 -28758.150217950282
7.875000000000002 0.0 3.9998 0.0 -29126.839433695463
7.925000000000002 0.0 3.9998 0.0 -29497.87698839445
7.975000000000002 0.0 3.9998 0.0 -29871.262882047216
8.025000000000002 0.0 3.9998 0.0 -30246.997114653783
8.075000000000001 0.0 3.9998 0.0 -30625.07968621413
8.125000000000002 0.0 3.9998 0.0 -31005.510596728273
8.175000000000002 0.0 3.9998 0.0 -31388.28984619621
8.225000000000001 0.0 3.9998 0.0 -31773.417434617935
8.275000000000002 0.0 3.9998 0.0 -32160.89336199345
8.325000000000003 0.0 3.9998 0.0 -32550.717628322753
8.375000000000002 0.0 3.9998 0.0 -32942.89023360585
8.425000000000002 0.0 3.9998 0.0 -33337.41117784274
8.475000000000001 0.0 3.9998 0.0 -33734.28046103341
8.525000000000002 0.0 3.9998 0.0 -34133.498083177896
8.575000000000003 0.0 3.9998 0.0 -34535.06404427616
8.625000000000002 0.0 3.9998 0.0 -34938.97834432821
8.675000000000002 0.0 3.9998 0.0 -35345.24098333405
8.725000000000001 0.0 3.9998 0.0 -35753.85196129369
8.775000000000002 0.0 3.9998 0.0 -36164.81127820711
8.825000000000003 0.0 3.9998 0.0 -36578.11893407433
8.875000000000002 0.0 3.9998 0.0 -36993.774928895335
8.925000000000002 0.0 3.9998 0.0 -37411.779262670134
8.975000000000001 0.0 3.9998 0.0 -37832.13193539873
9.025000000000002 0.0 3.9998 0.0 -38254.83294708111
9.075000000000003 0.0 3.9998 0.0 -38679.882297717275
9.125000000000002 0.0 3.9998 0.0 -39107.27998730724
9.175000000000002 0.0 3.9998 0.0 -39537.026015851
9.225000000000001 0.0 3.9998 0.0 -39969.12038334854
9.275000000000002 0.0 3.9998 0.0 -40403.56308979987
9.325000000000003 0.0 3.9998 0.0 -40840.354135204994
9.375000000000002 0.0 3.9998 0.0 -41279.49351956392
9.425000000000002 0.0 3.9998 0.0 -41720.98124287663
9.475000000000001 0.0 3.9998 0.0 -42164.81730514313
9.525000000000002 0.0 3.9998 0.0 -42611.00170636342
9.575000000000003 0.0 3.9998 0.0 -43059.5344465375
9.625000000000002 0.0 3.9998 0.0 -43510.41552566537
9.675000000000002 0.0 3.9998 0.0 -43963.64494374704
9.725000000000001 0.0 3.9998 0.0 -44419.22270078249
9.775000000000002 0.0 3.9998 0.0 -44877.14879677174
9.825000000000003 0.0 3.9998 0.0 -45337.42323171478
9.875000000000002 0.0 3.9998 0.0 -45800.046005611606
9.925000000000002 0.0 3.9998 0.0 -46265.01711846222
9.975000000000001 0.0 3.9998 0.0 -46732.33657026663
10.025000000000002 0.0 3.9998 0.0 -47202.00436102484
10.075000000000003 0.0 3.9998 0.0 -47674.020490736824
10.125000000000002 0.0 3.9998 0.0 -48148.38495940261
10.175000000000002 0.0 3.9998 0.0 -48625.097767022184
10.225000000000003 0.0 3.9998 0.0 -49104.158913595544
10.275000000000002 0.0 3.9998 0.0 -49585.56839912271
10.325000000000003 0.0 3.9998 0.0 -50069.32622360366
10.375000000000002 0.0 3.9998 0.0 -50555.432387038396
10.425000000000002 0.0 3.9998 0.0 -51043.88688942692
10.475000000000003 0.0 3.9998 0.0 -51534.68973076924
10.525000000000002 0.0 3.9998 0.0 -52027.84091106535
10.575000000000003 0.0 3.9998 0.0 -52523.34043031526
10.625000000000002 0.0 3.9998 0.0 -53021.18828851894
10.675000000000002 0.0 3.9998 0.0 -53521.38448567644
10.725000000000003 0.0 3.9998 0.0 -54023.929021787706
10.775000000000002 0.0 3.9998 0.0 -54528.82189685277
10.825000000000003 0.0 3.9998 0.0 -55036.06311087163
10.875000000000002 0.0 3.9998 0.0 -55545.65266384429
10.925000000000002 0.0 3.9998 0.0 -56057.590555770716
10.975000000000003 0.0 3.9998 0.0 -56571.876786650944
11.025000000000002 0.0 3.9998 0.0 -57088.51135648498
11.075000000000003 0.0 3.9998 0.0 -57607.494265272784
11.125000000000002 0.0 3.9998 0.0 -58128.82551301438
11.175000000000002 0.0 3.9998 0.0 -58652.50509970978
11.225000000000003 0.0 3.9998 0.0 -59178.53302535896
11.275000000000002 0.0 3.9998 0.0 -59706.90928996195
11.325000000000003 0.0 3.9998 0.0 -60237.63389351871
11.375000000000002 0.0 3.9998 0.0 -60770.70683602926
11.425000000000002 0.0 3.9998 0.0 -61306.128117493616
11.475000000000003 0.0 3.9998 0.0 -61843.89773791176
11.525000000000002 0.0 3.9998 0.0 -62384.01569728369
11.575000000000003 0.0 3.9998 0.0 -62926.48199560941
11.625000000000002 0.0 3.9998 0.0 -63471.29663288892
11.675000000000002 0.0 3.9998 0.0 -64018.45960912223
11.725000000000003 0.0 3.9998 0.0 -64567.970924309324
11.775000000000002 0.0 3.9998 0.0 -65119.83057845019
11.825000000000003 0.00018272060407747387 3.99981875 0.01605352233425185 -65662.03857154488
11.875000000000002 0.00015098762157513774 3.999834375 0.013377935278543208 -66220.59490359336
11.925000000000002 0.0005090620564094241 3.9998875 0.04548497994704691 -66755.49957459561
11.975000000000003 0.0009799445064425088 3.999990625 0.08829437283838518 -67284.75258455166
12.025000000000002 0.003121578690238372 4.000321875 0.28361222790511603 -67702.3539334615
12.075000000000003 0.005695068207591181 4.00093125 0.5217394758631851 -68090.30362132513
12.125000000000004 0.009819170610506325 4.001990625 0.9070240118852294 -68370.60164814256
12.175000000000002 0.020856301115315265 4.004259375 1.942476202444474 -68167.24801391378
12.225000000000003 0.03860825491590098 4.00849375 3.625420460485209 -67482.24271863876
12.275000000000002 0.06856246327656412 4.016075 6.490974197149165 -65915.58576231757
12.325000000000003 0.1254743181081556 4.0300625 11.97592766135188 -62393.27714495016
12.375000000000004 0.22667957139839148 4.0555375 21.811385678136848 -55621.31686653654
12.425000000000002 0.36175465802400364 4.096521875 35.09032423561884 -46277.70492707672
12.475000000000003 0.5539834114869042 4.159790625 54.16993552987715 -32600.441326570668
12.525000000000002 0.8117044611175194 4.2532375 80.0080797268555 -13873.526065018421
12.575000000000003 1.1377027627109788 4.3852625 113.03820192957869 10227.04085758004
12.625000000000004 1.5165759669564425 4.56265625 151.88237480435674 38671.25944122471
12.675000000000002 1.9489265489142389 4.79243125 196.730565032145 71601.12968591558
12.725000000000003 2.4284645028033296 5.08100625 247.07441107235883 108636.65159165267
12.775000000000002 2.8515264375036895 5.422521875 292.4015313831189 141919.82515843597
12.825000000000003 3.216202710273776 5.810734375 332.38282875657313 171204.65038626548
12.875000000000004 3.4509336486811044 6.230534375 359.42766271567604 190817.1272751412
12.925000000000002 3.4746038017707757 6.656503125 364.70927156364496 194159.2558250631
12.975000000000003 3.381756717108989 7.074303125 357.71528700002256 188323.0360360312
13.025000000000002 3.054209702425861 7.45455 325.5627573515718 163678.46790804557
13.075000000000003 2.5622832992706304 7.77600625 275.2269380725251 125439.55144110612
13.125000000000004 2.0467517015759835 8.034753125 221.53593262561984 84690.28663521286
13.175000000000002 1.5589511314006304 8.2333375 170.02553062911704 45568.67349036582
13.225000000000003 1.2299183856787308 8.3912 135.15995570617775 18886.71200656501
13.275000000000002 1.015059059543789 8.522471875 112.3933854491529 1246.40218381038
13.325000000000003 0.9689149076553936 8.648721875 108.09371705062911 -2592.2559778980212
13.375000000000004 1.0689691548163551 8.78905625 120.15258791070796 5794.737521439791
13.425000000000002 1.2045560013902996 8.948375 136.40677927413796 17315.382681823787
13.475000000000003 1.3789582322745508 9.132121875 157.3218432886124 32317.67950325401
13.525000000000002 1.41410566301784 9.321953125 162.53121128607714 35577.62798573045
13.575000000000003 1.3511837904189308 9.50468125 156.4496019084514 30395.228129253082
13.625000000000004 1.1794766151017289 9.665365625 137.57601081748265 15648.479933821916
13.675000000000002 0.9149429106875342 9.790928125 107.5050878983732 -7470.616600563037
13.725000000000003 0.6494784916927346 9.8807125 76.87229169756498 -31012.061473901762
13.775000000000004 0.40316493026739625 9.936853125 48.06692145580574 -53189.854686194274
13.825000000000003 0.22992604118517052 9.969103125 27.61205841491318 -69127.9962374406
13.875000000000004 0.12227588044764011 9.986378125 14.790645243957371 -79362.4861276407
13.925000000000002 0.058723204452895375 9.994734375 7.154519786964907 -85723.3243567946
13.975000000000003 0.02254528139299988 9.997965625 2.7665570156027357 -89658.5109249023
14.025000000000004 0.006797710517487637 9.998946875 0.8401343354925135 -91756.04583196377
14.075000000000003 0.002128027072395647 9.99925625 0.2648831185151555 -92845.92907797906
14.125000000000004 0.0010671656942566477 9.9994125 0.13377935278543207 -93606.16066294811
14.175000000000002 0.0013775456162742653 9.999615625 0.17391315862106171 -94240.74058687098
14.225000000000003 0.0016835429776056096 9.999865625 0.21404696445669133 -94877.66884974761
14.275000000000004 0.0036360997455097657 10.000409375 0.4655521476933036 -95358.94545157805
14.325000000000003 0.006453716811401176 10.00138125 0.8321075743253876 -95756.57039236226
14.375000000000004 0.011663784968115331 10.00315 1.514382273531091 -95920.54367210029
14.425000000000002 0.026890724579482116 10.00725625 3.5157213912011556 -95100.8652907921
14.475000000000003 0.05503643584128873 10.01571875 7.245489746859001 -92991.53524843769
14.525000000000004 0.09421875348858191 10.03030625 12.489640376047939 -89752.5535450371
14.575000000000003 0.16734167258462823 10.05639375 22.33580074105574 -83075.92018059027
14.625000000000004 0.2674958449749701 10.09838125 35.94918768050131 -73585.63515509725
14.675000000000002 0.4223412428485947 10.165128125 57.147863922880866 -58427.698468558025
14.725000000000003 0.6528921805930916 10.269015625 88.94721607997808 -35348.11012097259
14.775000000000004 0.9481817159740509 10.420915625 130.05493560388567 -5312.870112340926
14.825000000000003 1.3320548391416238 10.635759375 183.9466100799691 34276.021557336935
14.875000000000004 1.7439328065936148 10.918934375 242.45099664009427 77310.56488806101
14.925000000000002 2.2751020703501883 11.290846875 318.42696667399684 133402.75987983128
14.975000000000003 2.835153617534755 11.757421875 399.47584976552304 193284.6065326478
