0.025 0.0 0.0 0.0 -2.923192760187762
0.07500000000000001 0.0 0.0 0.0 -20.462349321314335
0.12500000000000003 0.0 0.0 0.0 -55.54066244356748
0.17500000000000002 0.0 0.0 0.0 -108.15813212694722
0.22500000000000003 0.0 0.0 0.0 -178.31475837145348
0.2750000000000001 0.0 0.0 0.0 -266.0105411770864
0.32500000000000007 0.0 0.0 0.0 -371.2454805438458
0.3750000000000001 0.0 0.0 0.0 -494.0195764717318
0.4250000000000001 0.0 0.0 0.0 -634.3328289607445
0.4750000000000001 0.0 0.0 0.0 -792.1852380108835
0.5250000000000001 0.0 0.0 0.0 -967.5768036221492
0.5750000000000002 0.0 0.0 0.0 -1160.5075257945414
0.6250000000000001 0.0 0.0 0.0 -1370.9774045280603
0.6750000000000002 0.0 0.0 0.0 -1598.9864398227057
0.7250000000000002 0.0 0.0 0.0 -1844.5346316784778
0.7750000000000001 0.0 0.0 0.0 -2107.6219800953763
0.8250000000000002 0.0 0.0 0.0 -2388.2484850734013
0.8750000000000002 0.0 0.0 0.0 -2686.4141466125534
0.9250000000000002 0.0 0.0 0.0 -3002.1189647128317
0.9750000000000002 0.0 0.0 0.0 -3335.3629393742362
1.0250000000000001 0.0 0.0 0.0 -3686.146070596768
1.0750000000000002 0.0 0.0 0.0 -4054.4683583804253
1.1250000000000002 0.0 0.0 0.0 -4440.329802725211
1.175 0.0 0.0 0.0 -4843.730403631122
1.225 0.0 0.0 0.0 -5264.670161098159
1.2750000000000001 0.0 0.0 0.0 -5703.149075126324
1.3250000000000002 0.0 0.0 0.0 -6159.167145715615
1.3750000000000002 0.0 0.0 0.0 -6632.724372866032
1.4250000000000003 0.0 0.0 0.0 -7123.8207565775765
1.475 0.0 0.0 0.0 -7632.456296850246
1.5250000000000001 0.0 0.0 0.0 -8158.630993684044
1.5750000000000002 0.0 0.0 0.0 -8702.344847078968
1.6250000000000002 0.0 0.0 0.0 -9263.597857035018
1.6750000000000003 0.0 0.0 0.0 -9842.390023552194
1.7250000000000003 0.0 0.0 0.0 -10438.7213466305
1.7750000000000004 0.0 0.0 0.0 -11052.591826269929
1.8250000000000002 0.0 0.0 0.0 -11684.001462470485
1.8750000000000002 0.0 0.0 0.0 -12332.950255232166
1.9250000000000003 0.0 0.0 0.0 -12999.43820455498
1.9750000000000003 0.0 0.0 0.0 -13683.465310438914
2.0250000000000004 0.0 0.0 0.0 -14385.031572883978
2.075 0.0 0.0 0.0 -15104.136991890167
2.1250000000000004 0.0 0.0 0.0 -15840.781567457485
2.1750000000000003 0.0 0.0 0.0 -16594.965299585925
2.2250000000000005 0.0 0.0 0.0 -17366.688188275493
2.2750000000000004 0.0 0.0 0.0 -18155.95023352619
2.325 0.0 0.0 0.0 -18962.751435338014
2.3750000000000004 0.0 0.0 0.0 -19787.091793710963
2.4250000000000003 0.0 0.0 0.0 -20628.971308645032
2.4750000000000005 0.0 0.0 0.0 -21488.38998014024
2.5250000000000004 0.0018331930427200472 6.40625e-05 0.00734387074704966 -22324.347808196566
2.5750000000000006 0.008383546912584902 0.00036875 0.034928165748163015 -23064.844792814023
2.6250000000000004 0.05436068478031178 0.002421875 0.23536210150300618 -22857.8809339926
2.6750000000000003 0.2644069706047475 0.0127921875 1.1888114670285022 -18464.456231732307
2.7250000000000005 1.0385214730612793 0.0550609375 4.845521742663107 1003.4293139668553
2.7750000000000004 3.0331810486398587 0.1830859375 14.676277890981973 54922.7757031049
2.8250000000000006 6.741532000269788 0.4779796875 33.80544911785796 160736.5829356818
2.8750000000000004 11.166178181412944 0.9838625 57.99239786386666 294769.8510116976
2.9250000000000003 13.741510982917333 1.6282625 73.8714584881764 382403.5799311522
2.9750000000000005 12.445200302646596 2.2319953125 69.20953351418953 355341.76969404577
3.0250000000000004 8.414596157568452 2.654034375 48.38088312516703 238005.42030037817
3.0750000000000006 4.26051448686208 2.8748453125 25.31288951469051 108149.53175014947
3.1250000000000004 1.6598993695159245 2.96369375 10.185232250963043 22606.104043359614
3.1750000000000007 0.49491171008406387 2.9910390625 3.1347580961979538 -17860.86281999136
3.2250000000000005 0.12191522401054013 2.9979890625 0.7967204166555338 -32036.368839903458
3.2750000000000004 0.025355876627998906 2.9994796875 0.17087933396793598 -36670.414016376686
3.3250000000000006 0.005440668582855641 2.999809375 0.03779406652749947 -38570.99834941104
3.3750000000000004 0.000650697517823182 2.99985 0.004657088766421735 -39931.12183900652
3.4250000000000007 0.0 2.99985 0.0 -41149.78448516313
3.4750000000000005 0.0 2.99985 0.0 -42359.986287880856
3.525000000000001 0.0 2.99985 0.0 -43587.72724715972
3.5750000000000006 0.0 2.99985 0.0 -44833.0073629997
3.6250000000000004 0.0 2.99985 0.0 -46095.82663540081
3.6750000000000007 0.0 2.99985 0.0 -47376.18506436307
3.7250000000000005 0.00022599295972608677 2.9998671875 0.0019703067857938113 -48663.08264988642
3.775000000000001 0.0009802054629849104 2.99994375 0.008776821136717886 -49940.519391970905
3.8250000000000006 0.0033318722917056696 3.0002109375 0.030629314579158337 -51151.49529061655
3.8750000000000004 0.012852882255165864 3.00126875 0.12126342672567364 -51996.010345823284
3.9250000000000007 0.042005094062883934 3.004815625 0.4065996730683592 -51771.06455759116
3.9750000000000005 0.1370279263482025 3.0166828125 1.3604072761912722 -47831.65792592015
4.025000000000001 0.4240909531570579 3.054340625 4.31694216767424 -32728.79045081028
4.075000000000001 1.2085226009050187 3.1643359375 12.609426072684265 12146.537867738472
4.125000000000001 2.8202335824057356 3.4273609375 30.152142099398816 108647.32702972609
4.175000000000002 5.066741739931196 3.911428125 55.49154119629819 248658.5770351526
4.225000000000001 6.608801024756344 4.558034375 74.12437423195284 351210.2878840179
4.275000000000001 6.186508028086647 5.177734375 71.03994851819199 332499.45957632223
4.325000000000001 4.242016409480661 5.612653125 49.85735938292143 212731.0921120653
4.375000000000001 2.2913248591916666 5.8530375 27.55671070611224 86703.18549124729
4.425000000000002 1.2355455027900935 5.9856390625 15.200916852399253 16178.739713868155
4.475000000000001 1.1197876835392757 6.1085484375 14.08984294401025 8414.754779927898
4.525000000000001 1.5765511610514744 6.28548125 20.282875409357615 41411.230689426506
4.575000000000001 2.2998063943371108 6.54931875 30.24528387472725 95434.16744236398
4.625000000000001 3.003381004139604 6.90144375 40.36621247695393 150324.56503874034
4.675000000000002 3.439164913360244 7.3134265625 47.228074536678946 187002.42347855557
4.725000000000001 3.5123934939443773 7.7432296875 49.27092443594971 196758.74276180967
4.775000000000001 3.3552018503722287 8.1625328125 48.0672461086284 188372.52288850263
4.825000000000001 3.0743558931904893 8.5548265625 44.97099855415278 169402.76385863448
4.875000000000001 2.909128968302829 8.9337703125 43.44060753798711 159157.4656722052
4.925000000000002 2.8307803711774904 9.3101109375 43.14219561933871 155772.62832921481
4.975000000000001 2.8101599557904153 9.691334375 43.70194186530286 157161.2518296633
5.025000000000001 2.7031578388069972 10.06545 42.88713044997776 150858.33617355063
5.075000000000001 2.4571895965685724 10.412325 39.76437331329328 131652.88136087684
5.125000000000002 2.100479329127285 10.714715625 34.66486111406148 101393.88739164191
5.175000000000002 1.756082114898565 10.9724828125 29.549407341744615 71028.35426584589
5.225000000000001 1.6036364530475182 11.21244375 27.50816951166223 57808.28198348872
5.275000000000001 1.792992472839262 11.4858984375 31.347760080778244 77402.67054457046
5.325000000000001 2.232156679613911 11.832815625 39.76920952085841 122559.519949091
5.375000000000002 2.632998035494627 12.2497515625 47.79588112858498 165494.83019705047
5.425000000000002 2.61975198545712 12.67234375 48.444291179909854 167220.60128844882
5.475000000000001 2.113872063293994 13.019646875 39.81345186413942 117123.833223286
5.525000000000001 1.365256986620355 13.2480703125 26.185556301998457 39111.52600156209
5.575000000000001 0.6951715855227701 13.3664953125 13.575771991716776 -33234.32037672296
5.625000000000002 0.30240369879926543 13.4189390625 6.011943359853044 -77426.70591156912
5.675000000000002 0.14006047230684843 13.4436625 2.834196751965043 -97149.63060297644
5.725000000000001 0.12596969785724363 13.4662921875 2.594177561695615 -100489.09445094486
5.775000000000001 0.2135754574011443 13.5053328125 4.475462304531288 -92003.09745547443
5.825000000000001 0.39832423334332073 13.5794109375 8.492022246771326 -71613.63961656512
5.875000000000002 0.6811852893678862 13.708278125 14.77282292348587 -38600.72093421692
5.925000000000002 1.042028862256383 13.9087796875 22.98470336907706 5175.6585915701435
5.975000000000001 1.4427484758404578 14.191090625 32.363005431858184 55446.49896079609
6.025000000000001 1.77973129854209 14.54519375 40.59297687611893 99288.80017346091
6.075000000000002 1.968269014514375 14.9433359375 45.6414402177188 125351.56222956457
6.125000000000002 1.98050573672265 15.350575 46.684269863799855 129033.78512910713
6.175000000000002 1.8749065775351037 15.7424203125 44.919591458923435 117024.46887208856
6.225000000000001 1.7323813579148737 16.110365625 42.17979031387778 99553.61345850886
6.275000000000001 1.6241156895255915 16.4608796875 40.18154099548544 86205.21888836805
6.325000000000002 1.5892830903602404 16.8093640625 39.94886567596306 82696.2851616661
6.375000000000002 1.626396382532907 17.171646875 41.53066378735807 89299.81227840303
6.425000000000002 1.7031038754302268 17.556990625 44.17427813749724 101813.80023857881
6.475000000000001 1.87011855481731 17.986734375 49.26411792159878 127967.24904219349
6.525000000000001 2.1380078827368183 18.4856546875 57.19424449682146 169960.15868924704
6.575000000000002 2.462866415418756 19.069225 66.89818453565468 221838.52917973947
6.625000000000002 2.6613057730940968 19.7094421875 73.39195746403367 255777.36051367078
6.675000000000002 2.5784233847137967 20.33911875 72.18362204794595 246698.65269104092
6.725000000000001 2.2820758666533556 20.9048046875 64.84799076563687 203394.40571184995
6.775000000000001 2.005597328291297 21.4093765625 57.842117191750205 161913.6195760979
6.825000000000002 1.9955420951032465 21.91885625 58.40472933849369 162669.2942837847
6.875000000000002 2.2519343547988337 22.50225 66.87794411140062 207571.42983491032
6.925000000000002 2.5843804744172414 23.1815421875 77.87136038213656 266526.0262294749
6.975000000000001 2.780739557253462 23.9230390625 85.00225887752177 303899.0834674783
7.025000000000002 2.7921420998184225 24.6782890625 86.57886254375423 310245.60154892056
7.075000000000002 2.6249260980296563 25.3984515625 82.55657079995552 285316.5804738017
7.125000000000002 2.3803953783412495 26.0607890625 75.9277422973503 245818.02024212174
7.175000000000002 2.124715270491796 26.6603109375 68.72680835167006 203107.92085388058
7.225000000000001 1.8520169232010506 27.1901953125 60.743841730828365 156014.2823090784
7.275000000000002 1.6060982360306302 27.6561015625 53.40964339890897 112525.10460771507
7.325000000000002 1.3523479638959481 28.053809375 45.59164519167783 66317.38774979056
7.375000000000002 1.0933212995640054 28.3797453125 37.36400229180029 17805.13173530498
7.425000000000002 0.8427234274294702 28.6343921875 29.19170710072369 -30415.663435741793
7.475000000000001 0.6191027758999426 28.8239953125 21.735349748085074 -74656.99776334965
7.525000000000002 0.43387363624710407 28.9586546875 15.436816310298385 -112451.87124751863
7.575000000000002 0.3027191406166141 29.0538609375 10.914066642908045 -140350.28388824873
7.625000000000002 0.23231385081974146 29.1278921875 8.48664868281007 -156568.23568553996
7.675000000000002 0.22257956581984092 29.1997546875 8.238031790202633 -160639.72663939232
7.725000000000001 0.26896411662553726 29.287728125 10.084925723686268 -153029.75674980582
7.775000000000002 0.34679811431210095 29.4026328125 13.172217338226462 -138512.32601678043
7.825000000000002 0.4116721270515951 29.5407921875 15.838042419405488 -126365.4344403162
7.875000000000002 0.4346535335846468 29.688534375 16.936578011884894 -122986.08202041301
7.925000000000002 0.41866029758744255 29.832653125 16.521201517679817 -128076.26875707108
7.975000000000002 0.38988172211578653 29.9685640625 15.580290468063916 -136117.99465029014
8.025000000000002 0.4006511349841838 30.1099859375 16.212042471108894 -135397.25970007046
8.075000000000001 0.482977686166847 30.2825984375 19.787611930928538 -118259.06390641184
8.125000000000002 0.6599318191751183 30.5213828125 27.37329305623471 -78750.40726931434
8.175000000000002 0.9315480036677846 30.8626078125 39.11667973716324 -16047.289788777969
8.225000000000001 1.2777713717279433 31.336396875 54.31329773839349 65917.28853519724
8.275000000000002 1.6328154431598598 31.9492171875 70.25128844747833 152003.3277026114
8.325000000000003 1.9161528584348118 32.6770953125 83.44105942797823 222728.82771346442
8.375000000000002 2.0500506683947757 33.46521875 90.34734294978297 258356.78856775624
8.425000000000002 2.0100262366576254 34.247209375 89.644301664852 251485.210265487
8.475000000000001 1.8362082230112204 34.97008125 82.86716279691612 210685.0928066566
8.525000000000002 1.622828202732017 35.6165109375 74.10413380769877 158780.43619126506
8.575000000000003 1.4250053990509906 36.19081875 65.83636829691054 109623.24041931241
8.625000000000002 1.256931896668372 36.7033140625 58.75042862000115 67046.50549079868
8.675000000000002 1.1321713809153469 37.1703078125 53.5343100828101 34891.23140572378
8.725000000000001 1.0324765172788826 37.601103125 49.38466487312962 8672.41816408775
8.775000000000002 0.979859997339435 38.01464375 47.406655978991346 -5439.934234109358
8.825000000000003 0.9582572281832873 38.4236890625 46.89133119510691 -11403.82578886766
8.875000000000002 0.979372735826701 38.8464984375 48.46918869293034 -5699.256500187097
8.925000000000002 1.0317042379190582 39.2969328125 51.636009054097116 8858.773631932389
8.975000000000001 1.1066477897617657 39.785515625 56.00919452456584 30134.26460749074
9.025000000000002 1.1744818427703747 40.309840625 60.106537045023416 49852.216426487954
9.075000000000003 1.215869531726691 40.8586734375 62.91601540276669 62362.62908892403
9.125000000000002 1.2359693004787753 41.42274375 64.66278192777224 68922.50259479898
9.175000000000002 1.2361045962839103 41.993075 65.38051095419732 69719.83694411285
9.225000000000001 1.2503141845427095 42.5762671875 66.85483778636723 74723.63213686558
9.275000000000002 1.263698978951785 43.172109375 68.30498358071148 79574.88817305712
9.325000000000003 1.2370208160679856 43.761678125 67.58582160389672 72297.60505268764
9.375000000000002 1.156382778167231 44.318740625 63.85943411556451 48213.7827757569
9.425000000000002 0.992562413218365 44.802 55.39893677736588 -2317.5786577349063
9.475000000000001 0.7871973743558633 45.1893484375 44.40408755624029 -67015.47924778779
9.525000000000002 0.5972834284363643 45.4863578125 34.047975971309306 -128164.91899440187
9.575000000000003 0.44428358544417024 45.7096109375 25.592852197071938 -178718.89789757697
9.625000000000002 0.3291150608742507 45.8767234375 19.157113759474516 -218016.41595731332
9.675000000000002 0.2457412715026671 46.0028015625 14.453095867791147 -247663.47317361075
9.725000000000001 0.18623924525168511 46.0993421875 11.067034097005129 -269970.0695464693
9.775000000000002 0.13710400471177636 46.1711453125 8.23122527585171 -289222.20507588895
9.825000000000003 0.09868171979098758 46.22335625 5.985254658845473 -305198.87976186984
9.875000000000002 0.07077517511125347 46.261184375 4.33646611673347 -317859.09360441176
9.925000000000002 0.053701165813620604 46.290178125 3.3237284288354507 -326985.84660351474
9.975000000000001 0.04855999811436926 46.3166609375 3.035884519310846 -332083.138759179
10.025000000000002 0.05770409521473461 46.348446875 3.643813722127591 -332196.97007140424
10.075000000000003 0.0853214186865539 46.395915625 5.441629104765089 -325685.3405401907
10.125000000000002 0.13462705590796112 46.4715609375 8.67167840187598 -311195.25016553834
10.175000000000002 0.20830539696634778 46.5897640625 13.550337122300165 -287518.698947447
10.225000000000003 0.3042563272963132 46.764115625 19.986971153891126 -255161.6868859168
10.275000000000002 0.4161394358568272 47.00491875 27.60471454416613 -216228.2139809478
10.325000000000003 0.5315876269386668 47.315528125 35.60702599526834 -175165.28023253987
10.375000000000002 0.6440547945465667 47.69550625 43.55918418273216 -134399.88564069307
10.425000000000002 0.7347009390769419 48.1331515625 50.16992168666781 -101141.03020540735
10.475000000000003 0.8044563006845478 48.61695625 55.46144923811515 -75264.71392668283
10.525000000000002 0.8590315435490261 49.1385265625 59.79075060290028 -54777.93680451944
10.575000000000003 0.9061528711290289 49.693946875 63.671180258121844 -36814.69883891707
10.625000000000002 0.948538138624708 50.2808578125 67.28114052729352 -20379.00002987584
10.675000000000002 0.9737206756121005 50.889034375 69.71894737771659 -10504.840377395973
10.725000000000003 0.9573120329940848 51.4925765625 69.18768102074709 -17224.21988147695
10.775000000000002 0.8852504710862388 52.055903125 64.577521379587 -46733.13854211912
10.825000000000003 0.7694892132537017 52.5501203125 56.655096912708785 -94751.59635932255
10.875000000000002 0.6243627416378865 52.954840625 46.395530360281704 -155835.59333308705
10.925000000000002 0.4911959883636455 53.276175 36.836497429603675 -213026.12946341262
10.975000000000003 0.3935352785388985 53.5359828125 29.78333649285796 -256244.20475029928
11.025000000000002 0.33010474150992386 53.7559046875 25.210970918225357 -285629.81919374724
11.075000000000003 0.30378660208083647 53.9601328125 23.411901703996897 -299549.97279375617
11.125000000000002 0.3067651793101788 54.1682296875 23.855399849599213 -300967.66555032623
11.175000000000002 0.325313217466272 54.390896875 25.52568264755624 -295553.8974634574
11.225000000000003 0.35276616423513957 54.6345203125 27.928023975835018 -286070.66853314976
11.275000000000002 0.38469871948268436 54.90256875 30.728009037246736 -274384.97875940334
11.325000000000003 0.40178499455407435 55.1850109375 32.378051410949695 -269136.8281422179
11.375000000000002 0.4056281538725904 55.472678125 32.97702467383102 -269774.2166815936
11.425000000000002 0.3860114970486008 55.7488453125 31.658710315336247 -281133.14437753044
11.475000000000003 0.34947864105374427 56.00106875 28.91389384392676 -300473.6112300285
11.525000000000002 0.29612992770809693 56.21665625 24.7140953706079 -327954.6172390876
11.575000000000003 0.23511317841217952 56.3893109375 19.792448138493665 -359483.1624047078
11.625000000000002 0.17567509963322334 56.519434375 14.916834437647525 -390772.2467268892
11.675000000000002 0.12166365315297467 56.610328125 10.419698758472508 -419965.8702056317
11.725000000000003 0.07956792935272079 56.6702828125 6.872967425244939 -443871.0328409353
11.775000000000002 0.049534943262554795 56.7079265625 4.315330098485863 -462271.7346327999
11.825000000000003 0.027019204081882964 56.728634375 2.3738614392841253 -477249.97558122594
11.875000000000002 0.013760973925515814 56.7392703125 1.2192616628089519 -487852.755686213
11.925000000000002 0.006523211150603066 56.7443546875 0.5828525709975511 -495580.074947761
11.975000000000003 0.003395451181952692 56.7470234375 0.3059349081941663 -501317.9333658702
12.025000000000002 0.0019123273574050497 56.7485390625 0.17374523474727244 -506265.3309405407
12.075000000000003 0.001988416476213361 56.750128125 0.18216381828657327 -510445.26767177216
12.125000000000004 0.003310020707151834 56.7527953125 0.3057557893954578 -513999.74355956475
12.175000000000002 0.005825349984742666 56.757528125 0.5425508412881321 -516939.75860391854
12.225000000000003 0.01052363901846998 56.7661484375 0.9881984124749505 -518731.3128048334
12.275000000000002 0.018656864452950735 56.78155625 1.7662904740647973 -518684.40616230946
12.325000000000003 0.031045675785885008 56.8074046875 2.9631622870351837 -516317.03867634654
12.375000000000004 0.04817456303635916 56.847840625 4.635415391778004 -511313.21034694475
12.425000000000002 0.0733054975945938 56.90986875 7.110658071131156 -501843.9211741042
12.475000000000003 0.1076571032418304 57.0016984375 10.526990918898916 -487138.1711578247
12.525000000000002 0.1465053331792445 57.12766875 14.44073667068026 -469672.9602981063
12.575000000000003 0.1891215105580125 57.2915828125 18.79045757851816 -449791.28859494906
12.625000000000004 0.23487069471954825 57.4967703125 23.521880646403933 -427796.15604835295
12.675000000000002 0.27549643953565456 57.739359375 27.809447331089974 -408296.56265831797
12.725000000000003 0.31626462867284516 58.0200484375 32.177080118798735 -388367.50842484424
12.775000000000002 0.33789069374821534 58.3222921875 34.64802394698288 -379044.9933479314
12.825000000000003 0.3468649099434531 58.634996875 35.84722430433647 -376840.01742757985
12.875000000000004 0.3350149196856411 58.939378125 34.89305846361614 -386674.5806637894
12.925000000000002 0.30647759594825896 59.2199984375 32.169198891655554 -406406.68305656
12.975000000000003 0.2723461196838941 59.4713 28.80821375268873 -429713.32460589183
13.025000000000002 0.23394635877330744 59.6888359375 24.937456512597432 -455883.5053117848
13.075000000000003 0.19670685845659194 59.8731515625 21.129211733255413 -481722.2251742388
13.125000000000004 0.167121344744683 60.0309453125 18.088849243976853 -503291.4841932539
13.175000000000002 0.14845482956088013 60.172184375 16.191085571659997 -518499.2823688303
13.225000000000003 0.14144710759368131 60.3077796875 15.544108470724794 -526741.6197009677
13.275000000000002 0.1436189539087293 60.4465 15.902346068141851 -529389.4961896662
13.325000000000003 0.15450297288815362 60.596859375 17.236601999721675 -526605.9118349259
13.375000000000004 0.1759198103344094 60.7693484375 19.773461545830564 -517125.86663674656
13.425000000000002 0.20102674470513404 60.96793125 22.764745484262985 -505126.3605951286
13.475000000000003 0.22846044436548998 61.1952984375 26.064471994071493 -491422.39371007157
13.525000000000002 0.26102860628354607 61.457009375 30.001503189684946 -474177.9659815758
13.575000000000003 0.29793971303226313 61.757940625 34.49756415606772 -453830.0774096411
13.625000000000004 0.33576489346538113 62.0995796875 39.164146218820996 -432547.7279942675
13.675000000000002 0.3797617799811428 62.4888265625 44.62171689667115 -406866.9177354552
13.725000000000003 0.4271958167662954 62.9299 50.56290833103433 -378503.64663320384
13.775000000000004 0.4804662176423088 63.4295953125 57.28308742098089 -345808.9146875135
13.825000000000003 0.539535315637355 63.9948046875 64.79335953203076 -308720.7218983846
13.875000000000004 0.5906386515283583 64.6180328125 71.44439876567584 -276447.06826581655
13.925000000000002 0.6514189881080042 65.3103578125 79.36539028216438 -237100.95378980984
13.975000000000003 0.7135696601794105 66.0741921875 87.56294122385889 -196228.37847036414
14.025000000000004 0.7742900796888003 66.908965625 95.69511380402479 -155738.3423074796
14.075000000000003 0.8305077814180494 67.81074375 103.3762652490426 -117783.84530115605
14.125000000000004 0.8856800134911885 68.7792734375 111.02839944866963 -80008.88745139376
14.175000000000002 0.9371247302049786 69.811328125 118.31065332896355 -44316.46875819261
14.225000000000003 0.984419001030002 70.9031296875 125.15979795398026 -11059.589221552596
14.275000000000004 1.0298033238747353 72.053309375 131.8520345113283 21303.7511585264
14.325000000000003 1.07109280502069 73.258 138.10095204187272 51174.55238204426
14.375000000000004 1.105280591608711 74.5098359375 143.50550355530513 76313.81444900075
14.425000000000002 1.1268063529488879 75.7949453125 147.31983837380326 92557.53735939634
14.475000000000003 1.1504864467850895 77.1161734375 151.4603485247496 110604.7211132308
14.525000000000004 1.1609844292473137 78.458684375 153.90012568195846 119139.36571050412
14.575000000000003 1.1739927870721518 79.8256 156.69778219898697 129654.4711512163
14.625000000000004 1.1783064004466695 81.2069671875 158.35445196824213 133782.03743536735
14.675000000000002 1.1752150767711198 82.594146875 159.02077389943787 132363.06456295704
14.725000000000003 1.175797506495733 83.9914875 160.18558344743943 133709.55253398593
14.775000000000004 1.176514913679471 85.3991921875 161.3736784392731 135168.5013484537
14.825000000000003 1.1732864679150332 86.8125515625 162.02190937179927 133595.91100636008
14.875000000000004 1.1681885696172054 88.229278125 162.40791038301612 130541.78150770545
14.925000000000002 1.1663473190406828 89.653296875 163.24385781658884 129982.11285248992
14.975000000000003 1.1627197522468664 91.0824140625 163.82832245677477 128000.90504071314
