0.025 0.0 0.0 0.0 -2.9230427128280114
0.07500000000000001 0.0 0.0 0.0 -20.46129898979608
0.12500000000000003 0.0 0.0 0.0 -55.53781154373222
0.17500000000000002 0.0 0.0 0.0 -108.15258037463644
0.22500000000000003 0.0 0.0 0.0 -178.3056054825087
0.2750000000000001 0.0 0.0 0.0 -265.9968868673491
0.32500000000000007 0.0 0.0 0.0 -371.2264245291575
0.3750000000000001 0.0 0.0 0.0 -493.994218467934
0.4250000000000001 0.0 0.0 0.0 -634.3002686836785
0.4750000000000001 0.0 0.0 0.0 -792.1445751763912
0.5250000000000001 0.0 0.0 0.0 -967.5271379460718
0.5750000000000002 0.0 0.0 0.0 -1160.4479569927207
0.6250000000000001 0.0 0.0 0.0 -1370.9070323163376
0.6750000000000002 0.0 0.0 0.0 -1598.9043639169226
0.7250000000000002 0.0 0.0 0.0 -1844.4399517944753
0.7750000000000001 0.0 0.0 0.0 -2107.5137959489966
0.8250000000000002 0.0 0.0 0.0 -2388.1258963804853
0.8750000000000002 0.0 0.0 0.0 -2686.2762530889427
0.9250000000000002 0.0 0.0 0.0 -3001.9648660743683
0.9750000000000002 0.0 0.0 0.0 -3335.191735336761
1.0250000000000001 0.0 0.0 0.0 -3685.956860876123
1.0750000000000002 0.0 0.0 0.0 -4054.260242692452
1.1250000000000002 0.0 0.0 0.0 -4440.10188078575
1.175 0.0 0.0 0.0 -4843.481775156016
1.225 0.0 0.0 0.0 -5264.399925803248
1.2750000000000001 0.0 0.0 0.0 -5702.8563327274505
1.3250000000000002 0.0 0.0 0.0 -6158.850995928621
1.3750000000000002 0.0 0.0 0.0 -6632.383915406759
1.4250000000000003 0.0 0.0 0.0 -7123.455091161865
1.475 0.0 0.0 0.0 -7632.064523193939
1.5250000000000001 0.0 0.0 0.0 -8158.212211502981
1.5750000000000002 0.0 0.0 0.0 -8701.898156088992
1.6250000000000002 0.0 0.0 0.0 -9263.12235695197
1.6750000000000003 0.0 0.0 0.0 -9841.884814091914
1.7250000000000003 0.0 0.0 0.0 -10438.18552750883
1.7750000000000004 0.0 0.0 0.0 -11052.024497202712
1.8250000000000002 0.0 0.0 0.0 -11683.401723173563
1.8750000000000002 0.0 0.0 0.0 -12332.317205421381
1.9250000000000003 0.0 0.0 0.0 -12998.770943946167
1.9750000000000003 0.0 0.0 0.0 -13682.762938747923
2.0250000000000004 0.0 0.0 0.0 -14384.293189826647
2.075 0.0 0.0 0.0 -15103.361697182336
2.1250000000000004 0.0 0.0 0.0 -15839.968460814996
2.1750000000000003 0.0 0.0 0.0 -16594.11348072462
2.2250000000000005 0.0 0.0 0.0 -17365.79675691122
2.2750000000000004 0.0 0.0 0.0 -18155.018289374777
2.325 0.0 0.0 0.0 -18961.778078115312
2.3750000000000004 0.0 0.0 0.0 -19786.07612313281
2.4250000000000003 0.0 0.0 0.0 -20627.912424427275
2.4750000000000005 4.6539146651588195e-05 1.5625e-06 0.00017912799334078935 -21486.286981998714
2.5250000000000004 0.0018780014658874187 6.71875e-05 0.007523375720313153 -22322.19979584712
2.5750000000000006 0.012382489494321672 0.0005171875 0.051588862082147344 -22970.65086597249
2.6250000000000004 0.07066424333017157 0.0031859375 0.3059506126260682 -22462.64019237483
2.6750000000000003 0.3139819650063277 0.0155 1.411707715518761 -17219.16777505413
2.7250000000000005 1.1446513069995643 0.0620859375 5.340701121455635 3767.766385989591
2.7750000000000004 3.2426153652635934 0.19894375 15.6896418087264 60577.16229075635
2.8250000000000006 6.974178004567114 0.5039984375 34.97205377988901 167241.01993924612
2.8750000000000004 11.241595317201487 1.013271875 58.38408250953018 296941.33933145896
2.9250000000000003 13.58627292335824 1.650359375 73.0369314928001 377725.1204673948
2.9750000000000005 12.224197694589192 2.243340625 67.98050649677629 348462.3633470537
3.0250000000000004 8.242213229074194 2.6567125 47.38974366225255 232460.0679704356
3.0750000000000006 4.2080917183388715 2.8747953125 25.001431414553995 106405.23433754055
3.1250000000000004 1.650117443399607 2.963115625 10.125209823588118 22269.862448368527
3.1750000000000007 0.5057119875286946 2.99105625 3.2031667769199954 -17478.04769708046
3.2250000000000005 0.12373056897682183 2.998109375 0.8085837619403232 -31968.496098806412
3.2750000000000004 0.024586362521026955 2.9995546875 0.16569339384023016 -36697.48275680934
3.3250000000000006 0.004383702072517541 2.9998203125 0.03045175886793419 -38610.00767108923
3.3750000000000004 0.00035039357220729734 2.9998421875 0.002507791906771051 -39941.07084164609
3.4250000000000007 0.00012151355652334474 2.99985 0.0008956399667039469 -41142.672268479924
3.4750000000000005 0.0 2.99985 0.0 -42357.811951590724
3.525000000000001 0.0 2.99985 0.0 -43585.48989097848
3.5750000000000006 2.230613986019592e-05 2.9998515625 0.00017912799334078935 -44829.706086643215
3.6250000000000004 0.0001084752574785417 2.999859375 0.0008956399667039469 -46088.46053858491
3.6750000000000007 0.0008654581321940405 2.9999234375 0.007344247726972364 -47332.75324680359
3.7250000000000005 0.0016436695311312225 3.0000484375 0.01433023946726315 -48591.58421129922
3.775000000000001 0.004661216257490625 3.0004125 0.041736822448403925 -49753.95343207182
3.8250000000000006 0.011340638686270431 3.001321875 0.10425249212433942 -50737.86090912142
3.8750000000000004 0.034858350312324454 3.004190625 0.32887899577368923 -50834.30664244794
3.9250000000000007 0.08551343771150247 3.0114109375 0.8277504572277876 -49417.29063205146
3.9750000000000005 0.21268836241855932 3.0298296875 2.1115607855012253 -43635.81287793192
4.025000000000001 0.5427185795304703 3.07801875 5.524486442623284 -25985.873380089375
4.075000000000001 1.3534492932588575 3.2011984375 14.12155535502113 20587.52786147622
4.125000000000001 2.957496832223115 3.4770109375 31.61967338451614 116834.39084676481
4.175000000000002 5.011572833079085 3.9557828125 54.887324951524626 245272.71557577647
4.225000000000001 6.437007613033433 4.5855484375 72.19753771600514 340435.5020485112
4.275000000000001 6.010818171564416 5.18761875 69.02249403403965 321219.7502649689
4.325000000000001 4.18700166067403 5.616875 49.210758842555016 209110.46022514964
4.375000000000001 2.3302274730181893 5.861328125 28.024574558166496 89310.6319290534
4.425000000000002 1.3235203941506397 6.0033640625 16.283271978657773 22220.26537668021
4.475000000000001 1.1791814984219287 6.1327859375 14.837171688417584 12586.360568030053
4.525000000000001 1.5933957359833475 6.3116 20.499586685913275 42618.91750310293
4.575000000000001 2.2302140847199854 6.567440625 29.330059373634167 90319.93618189883
4.625000000000001 2.8891700026786804 6.9061578125 38.83118726842297 141747.41660441775
4.675000000000002 3.3565631952361894 7.308225 46.093752630431936 180660.35877065972
4.725000000000001 3.5032137071358 7.7368828125 49.14215282110549 196029.76268062473
4.775000000000001 3.3944976478449918 8.161075 48.630205016137516 191505.62833431276
4.825000000000001 3.171781628815406 8.5657796875 46.39612068319119 177349.9557317238
4.875000000000001 2.9699052601492144 8.9526203125 44.34815033532595 164215.74487285793
4.925000000000002 2.8521995263355735 9.3317890625 43.46863188802267 157586.99575771508
4.975000000000001 2.76102831065696 9.706328125 42.93787564375391 152887.7083862952
5.025000000000001 2.632856028725757 10.0706953125 41.771752407105375 144623.88275859843
5.075000000000001 2.4120103553232433 10.411175 39.03324364491139 127564.51887462464
5.125000000000002 2.111973066105008 10.7152046875 34.85454581625745 102447.61673437389
5.175000000000002 1.8193629928522175 10.982246875 30.614227957894286 76969.17633784619
5.225000000000001 1.7257193996461135 11.2404625 29.602333923512166 69496.1976850415
5.275000000000001 1.890632423846391 11.52879375 33.054846867162546 86928.68077595989
5.325000000000001 2.269973961370306 11.8815703125 40.4429809525034 126314.62561060123
5.375000000000002 2.600371857856111 12.29331875 47.20362967717147 162180.03218896565
5.425000000000002 2.5437868406548887 12.7036359375 47.03954843527131 159369.9005110531
5.475000000000001 2.0318842408625746 13.0374515625 38.269262753312915 108497.23057686357
5.525000000000001 1.3058354897823172 13.255921875 25.04585515690251 32747.022386397104
5.575000000000001 0.6873005169046934 13.373 13.422060541025346 -34090.72406034636
5.625000000000002 0.30339232636177654 13.4256125 6.03159779177106 -77313.00876336677
5.675000000000002 0.1591086492017987 13.453696875 3.219646552307348 -94992.83172266417
5.725000000000001 0.15838569178142775 13.4821484375 3.261741630742433 -96757.19293823851
5.775000000000001 0.25582329363536965 13.528909375 5.360763456709803 -87056.09241008986
5.825000000000001 0.4373473381572501 13.610240625 9.323970309374769 -66965.53013821816
5.875000000000002 0.7108148265909126 13.74470625 15.41539685092165 -35011.50612262344
5.925000000000002 1.054442366172113 13.9475859375 23.258516039348113 6703.979636694348
5.975000000000001 1.416190701739019 14.2246859375 31.767274851028947 52117.927139735155
6.025000000000001 1.7123055343668385 14.56535625 39.05509726009896 90698.336386499
6.075000000000002 1.9126277230730244 14.9522234375 44.351195511212744 118142.20737698584
6.125000000000002 1.9686234319116955 15.3569984375 46.40418144289153 127463.54011119573
6.175000000000002 1.8902776259165892 15.7520359375 45.28785578839173 119074.33458912867
6.225000000000001 1.7788269336040932 16.1298265625 43.310640997896094 105861.59081078463
6.275000000000001 1.671876135707402 16.4906296875 41.36316145429504 92797.30877616361
6.325000000000002 1.6269698258409826 16.847359375 40.896174775655595 87980.48848526564
6.375000000000002 1.6439890400605874 17.2135421875 41.979899135367376 91803.12993809069
6.425000000000002 1.7316238627442437 17.60531875 44.9140156662895 105938.23313463878
6.475000000000001 1.9185277714765088 18.0461640625 50.53935116916365 135079.7980749099
6.525000000000001 2.193909345303178 18.558103125 58.68967486616956 178299.82475890405
6.575000000000002 2.497034285623956 19.1497390625 67.82627729450986 227008.31318662124
6.625000000000002 2.668418506498857 19.791634375 73.5881083283097 256859.26335806146
6.675000000000002 2.564383036715802 20.41785 71.79055891513488 244491.67527322468
6.725000000000001 2.277988429313447 20.98249375 64.73184120954774 202735.54893211098
6.775000000000001 2.034767860723996 21.494378125 58.68340538640265 166601.8843347203
6.825000000000002 2.0398946701118 22.0151546875 59.702822796505075 169907.68148105263
6.875000000000002 2.26586846704771 22.602128125 67.29175936238096 209870.94037110804
6.925000000000002 2.5398969097767017 23.26969375 76.53100213090552 259029.6610048864
6.975000000000001 2.724011563854752 23.9960265625 83.26818508844596 294202.8433823879
7.025000000000002 2.7099599154000904 24.729009375 84.03055382810436 296003.4875036123
7.075000000000002 2.531854619988322 25.4236015625 79.62937903172117 268960.59336855984
7.125000000000002 2.3040022176341517 26.06465 73.49102095591898 232202.16097723038
7.175000000000002 2.0592012932267547 26.64565625 66.60766955581248 191267.1903296239
7.225000000000001 1.8032704477529053 27.1615671875 59.14501822524185 147080.68142574053
7.275000000000002 1.572449701855803 27.6176890625 52.29068556005655 106272.63426558016
7.325000000000002 1.3290653056953599 28.0085296875 44.806717998278366 61932.0488491428
7.375000000000002 1.1026182357963223 28.3372203125 37.681722935155136 19577.925176428485
7.425000000000002 0.8719993254296603 28.6007 30.205816133077285 -24752.73675256275
7.475000000000001 0.6536664126862786 28.800878125 22.94880373886189 -67878.936937831
7.525000000000002 0.4764688792473457 28.94875 16.952315033785624 -103985.67537937622
7.575000000000002 0.344807109404799 29.0571875 12.431482737850782 -131871.9520771984
7.625000000000002 0.2700382611894955 29.1432359375 9.86475772127061 -148866.76703129752
7.675000000000002 0.25904902624375803 29.22686875 9.587825843565751 -153096.12024167363
7.725000000000001 0.2958169544361245 29.3236203125 11.091784475655018 -147401.01170832673
7.775000000000002 0.3552152574838826 29.4413078125 13.491920458428254 -136720.44143125677
7.825000000000002 0.4076145990162679 29.5780984375 15.681939305012746 -127230.40941046382
7.875000000000002 0.42441518779543475 29.722353125 16.537633729201694 -125206.91564594777
7.925000000000002 0.4142469462818254 29.8649453125 16.347041544287094 -129041.96013770875
7.975000000000002 0.4057429085609695 30.006378125 16.21412857322823 -132572.5428857467
8.025000000000002 0.4369229506239421 30.1605953125 17.67975381474257 -127196.66389006158
8.075000000000001 0.5337765009018706 30.351353125 21.86884106701027 -106634.32315065345
8.125000000000002 0.7157869550569167 30.610334375 29.69010664024915 -65812.52066752227
8.175000000000002 0.984326132176782 30.9708734375 41.33288882342044 -3674.256440668076
8.225000000000001 1.3077827440964578 31.455765625 55.5889693014405 73035.46952990917
8.275000000000002 1.6310715350860636 32.0679 70.17625743914768 151576.65724420943
8.325000000000003 1.8769999945705251 32.78086875 81.73610336140219 213199.30670223277
8.375000000000002 1.986415600255999 33.5444890625 87.54289552153055 242687.41790397908
8.425000000000002 1.943311733731869 34.3004859375 86.66893004202083 234861.99084944846
8.475000000000001 1.786155614892382 35.0036171875 80.60831351532858 198064.02553864085
8.525000000000002 1.5852175466945568 35.6350328125 72.38669687697303 149184.52197155624
8.575000000000003 1.3908548269293088 36.1955484375 64.25858505114137 100809.4801481947
8.625000000000002 1.2316071577573078 36.6976921875 57.56672147591616 60434.90006855625
8.675000000000002 1.1147882027878928 37.1574921875 52.712352856380775 30300.781732640753
8.725000000000001 1.0357464698313537 37.5896296875 49.54107086227543 9545.125140448275
8.775000000000002 0.9927725767360316 38.0085984375 48.03138013439926 -1952.0697080211248
8.825000000000003 0.995611655075635 38.4335671875 48.71923162882789 -1198.802812767506
8.875000000000002 1.0265630670577843 38.8767265625 50.80463972730136 7338.92582620919
8.925000000000002 1.0962943662395879 39.3553359375 54.86869564021719 26905.116208908847
8.975000000000001 1.175260234631517 39.874184375 59.481778852722535 49518.76833533152
9.025000000000002 1.2356339475503721 40.42578125 63.23612246515214 67320.88220547728
9.075000000000003 1.2693632601498834 40.99873125 65.68408562214736 77812.4578193461
9.125000000000002 1.2775608167230001 41.581753125 66.8387446672221 81066.4951769379
9.175000000000002 1.2643686869129729 42.1650953125 66.87546590585696 78061.9942782527
9.225000000000001 1.24476705216329 42.7456703125 66.55823022965042 73063.9551232906
9.275000000000002 1.2164728283323145 43.319215625 65.75233338761021 65320.3777120515
9.325000000000003 1.1588575614397232 43.871503125 63.315297038208776 48453.262044535484
9.375000000000002 1.0495396824651089 44.3770703125 57.959190909325834 15272.608120742429
9.425000000000002 0.8951383632375212 44.8128734375 49.961305134652925 -32673.58405932755
9.475000000000001 0.7215348682460097 45.16789375 40.700208750940774 -87689.31449567451
9.525000000000002 0.5535444898387063 45.4431390625 31.55464992293343 -142077.58318829845
9.575000000000003 0.42039975865222007 45.6543796875 24.217029931714677 -186390.39013719937
9.625000000000002 0.3214877430641505 45.8176109375 18.713143208325583 -220483.73534237721
9.675000000000002 0.24925638906239728 45.9454859375 14.6598349750102 -246496.6188038321
9.725000000000001 0.19329048489193995 46.0456765625 11.486045188998094 -267617.0405215639
9.775000000000002 0.15079708414593992 46.124646875 9.053307911436834 -284618.0004955727
9.825000000000003 0.11978269164808293 46.18801875 7.265073153915735 -298038.4987258584
9.875000000000002 0.09261762260568737 46.23751875 5.674774829036207 -310371.5352124211
9.925000000000002 0.07833606749903703 46.2798109375 4.848457395755145 -318457.10995526076
9.975000000000001 0.0739310844743795 46.320128125 4.6220396121723875 -323211.2229543774
10.025000000000002 0.08293386067328941 46.365809375 5.236986013311318 -323285.874209771
10.075000000000003 0.11030002491671997 46.427171875 7.034714554479479 -316775.06372144166
10.125000000000002 0.15764073770062156 46.51574375 10.154049430515986 -302903.7914893892
10.175000000000002 0.22920001877427693 46.645796875 14.909539397727261 -279916.05751361366
10.225000000000003 0.32017474599712614 46.8292609375 21.03267159409546 -249310.86179411516
10.275000000000002 0.4250854339101633 47.075228125 28.19814958371372 -212904.2043308937
10.325000000000003 0.5455049889940019 47.393953125 36.53924459362758 -169952.08512394904
10.375000000000002 0.6636738090648995 47.7854859375 44.88607169932833 -126985.50417328149
10.425000000000002 0.7600052707235587 48.23818125 51.8978578706602 -91489.46147889073
10.475000000000003 0.8316489184342944 48.7383140625 57.336183748486555 -64794.95704077714
10.525000000000002 0.8828401264919566 49.2743125 61.44788770763105 -45523.990858940466
10.575000000000003 0.9275906160618733 49.84284375 65.17751165697962 -28403.562933380657
10.625000000000002 0.9533168464294837 50.43268125 67.62010097417462 -18485.673264097888
10.675000000000002 0.9485003007731527 51.025075 67.91315437128016 -20585.321851092158
10.725000000000003 0.8998749404879921 51.5923765625 65.03653792622042 -40397.508694363234
10.775000000000002 0.8197549076500004 52.1139984375 59.79973104090244 -73403.23379391135
10.825000000000003 0.7089320888662327 52.5692984375 52.19646423555929 -119637.49714973656
10.875000000000002 0.5945564438131393 52.954678125 44.18066566155231 -168192.29876183864
10.925000000000002 0.48881829040856456 53.274440625 36.65818558120586 -214010.63863021764
10.975000000000003 0.4056288663152018 53.54221875 30.6985972427578 -251121.51675487362
11.025000000000002 0.3490330270284873 53.7747390625 26.656574073022888 -277544.9331358067
11.075000000000003 0.3270779080848258 53.9946140625 25.20689122291588 -289513.88777301664
11.125000000000002 0.32680961007845266 54.216296875 25.414142311211172 -292250.3806665035
11.175000000000002 0.3370252380102285 54.44696875 26.44466565690073 -290408.41181626735
11.225000000000003 0.3479354941283523 54.68724375 27.545586303973227 -288190.9812223082
11.275000000000002 0.36176332119674126 54.9392984375 28.896032245769433 -284598.08888462605
11.325000000000003 0.3684009133579527 55.198259375 29.687777976335724 -284141.7348032208
11.375000000000002 0.3688004395227474 55.4597953125 29.98298090936135 -286474.91897809255
11.425000000000002 0.3556265985327554 55.7142109375 29.16669464370737 -295030.64140924125
11.475000000000003 0.3306450742330789 55.9528296875 27.355710631031986 -309156.9020966669
11.525000000000002 0.29119778637449656 56.164815625 24.302473984538235 -330235.7010403697
11.575000000000003 0.23878514860641276 56.3401578125 20.10156428471004 -357739.0382403492
11.625000000000002 0.18836483208029153 56.4796734375 15.994338525399083 -384736.9136966058
11.675000000000002 0.1370470058951707 56.5820546875 11.737182635661883 -412589.3274091394
11.725000000000003 0.09247283726025482 56.6517296875 7.987675479052479 -437625.27937794995
11.775000000000002 0.05748667749194674 56.6954140625 5.008060437821789 -458380.7696030374
11.825000000000003 0.03430328562416344 56.721703125 3.013828487958781 -473652.7980844019
11.875000000000002 0.01861577087009068 56.736090625 1.6494105626819884 -485426.36482204334
11.925000000000002 0.009372334839712863 56.7433953125 0.8374233688681904 -494133.4698159617
11.975000000000003 0.005256460051038294 56.7475265625 0.4736144143930471 -500356.1130661571
12.025000000000002 0.004055525050528129 56.750740625 0.36846628230200373 -505152.2945726295
12.075000000000003 0.005492378169046916 56.7551296875 0.5031705332942773 -508627.0143353788
12.125000000000004 0.00809998020852992 56.76165625 0.7482176281844771 -511503.272354405
12.175000000000002 0.013461115040076781 56.7725921875 1.2537168253921847 -512943.06862970826
12.225000000000003 0.021406985545279807 56.7901265625 2.0101743412703383 -512999.4031612884
12.275000000000002 0.031805901072789904 56.8163921875 3.0111415680586693 -511708.27594914555
12.325000000000003 0.04769602282361579 56.8561015625 4.5523588227628204 -507418.6869932797
12.375000000000004 0.06753609144918706 56.9127859375 6.498405342417157 -500886.63629369077
12.425000000000002 0.09313330489221867 56.9915875 9.03396208815603 -491081.1238503789
12.475000000000003 0.12322096126873601 57.0966875 12.048865344074857 -478617.149663344
12.525000000000002 0.15853068403675488 57.232990625 15.62605137109042 -463031.713732586
12.575000000000003 0.1976606480959316 57.404296875 19.638876677910783 -445031.816058105
12.625000000000004 0.23263623330360655 57.607521875 23.29810332587643 -429023.4566399009
12.675000000000002 0.2642901314752215 57.84023125 26.67824856021712 -414590.63547797385
12.725000000000003 0.2927888122109587 58.100071875 29.78862703658659 -401681.35257232375
12.775000000000002 0.31133111957995907 58.37854375 31.924549229182162 -394229.60792295064
12.825000000000003 0.3168450028291838 58.6641703125 32.74477631068964 -394140.4015298544
12.875000000000004 0.31310241048704757 58.948628125 32.610788571670724 -399395.73339303525
12.925000000000002 0.29747244407449436 59.2209890625 31.223979647226336 -411662.60351249296
12.975000000000003 0.27153709090338823 59.47153125 28.72263634821555 -430169.0118882278
13.025000000000002 0.23952068296362242 59.6942390625 25.53165027484273 -452542.95852023945
13.075000000000003 0.20831532174642636 59.889421875 22.376131544151384 -474736.4434085281
13.125000000000004 0.1814071628932606 60.0606953125 19.635114990050624 -494633.46655309375
13.175000000000002 0.16147855665913682 60.2143171875 17.61150604927973 -510543.02795393637
13.225000000000003 0.1515131936169257 60.3595546875 16.65030523701305 -520539.12761105597
13.275000000000002 0.15377453300368982 60.5080765625 17.02683227901539 -523084.76552445244
13.325000000000003 0.16150989623858494 60.665246875 18.01830572215666 -522214.941694126
13.375000000000004 0.17838945084846497 60.8401484375 20.05105019058794 -515549.6561200763
13.425000000000002 0.20287354612100533 61.0405453125 22.9738816579296 -503932.90880230395
13.475000000000003 0.2333221909972955 61.2727390625 26.61913632241466 -488300.6997408082
13.525000000000002 0.2654697218354171 61.5388890625 30.511945873696696 -471304.0289355897
13.575000000000003 0.30057106302694386 61.8424625 34.80224044220194 -452105.89638664806
13.625000000000004 0.34191116004855265 62.1903375 39.88105643739334 -428523.3020939834
13.675000000000002 0.3819094810866533 62.581765625 44.87407012377451 -405437.2460575957
13.725000000000003 0.4271889909253584 63.022809375 50.562100424317926 -378488.7282774849
13.775000000000004 0.4746613769298025 63.5164421875 56.59101129618888 -349654.74875365105
13.825000000000003 0.521750305135641 64.0629921875 62.65753904666139 -320628.3074860943
13.875000000000004 0.5724927636337859 64.6670421875 69.24944920160245 -288686.4044748144
13.925000000000002 0.6216929920377907 65.327740625 75.74373460017276 -257307.03971981152
13.975000000000003 0.6744542435659655 66.0496671875 82.76304414722493 -223014.2132210856
14.025000000000004 0.7263863227826798 66.8327546875 89.77465119056345 -188781.9249786368
14.075000000000003 0.7793377095261286 67.678928125 97.00694392169781 -153335.17499246472
14.125000000000004 0.8396801387299959 68.5971078125 105.26187836681477 -112196.96326256974
14.175000000000002 0.892972766870307 69.5804875 112.73653127293922 -75432.28978895163
14.225000000000003 0.9330800925535764 70.615296875 118.6325291737513 -47498.15457161062
14.275000000000004 0.980137013189154 71.7099484375 125.49295219071018 -14197.557610546588
14.325000000000003 1.023554772006598 72.8611125 131.97165345385986 16954.50109424058
14.375000000000004 1.0643853168904278 74.06656875 138.19581383847228 46668.02154275065
14.425000000000002 1.0940339155145733 75.3142375 143.03513570656702 68633.00373498397
14.475000000000003 1.1175511335491777 76.5975765625 147.1244486665439 86393.44767094031
14.525000000000004 1.1407826751567707 77.916659375 151.2221806422078 104183.35335061955
14.575000000000003 1.1550886586277074 79.2614953125 154.1745682284507 115561.72077402181
14.625000000000004 1.1790626499191157 80.643678125 158.45608552528225 134342.5499411471
14.675000000000002 1.1870043951831946 82.0447015625 160.61601086898548 141261.84085199528
14.725000000000003 1.1971556249026687 83.4673515625 163.09532142481532 149946.5935065666
14.775000000000004 1.206129067963832 84.910415625 165.43562865781277 157837.80790486117
14.825000000000003 1.2118503163025276 86.3701546875 167.34728260274568 163318.48404687864
14.875000000000004 1.2097960537383567 87.837265625 168.1924084753275 162827.62193261913
14.925000000000002 1.2117479599122054 89.3166390625 169.598204967066 165449.22156208265
14.975000000000003 1.2090587292623094 90.8026359375 170.3575285308376 164444.28293526918
