0.025 0.0 0.0 0.0 -1.259721336490733
0.07500000000000001 0.0 0.0 0.0 -8.81804935543513
0.12500000000000003 0.0 0.0 0.0 -23.934705393323924
0.17500000000000002 0.0 0.0 0.0 -46.60968945015713
0.22500000000000003 0.0 0.0 0.0 -76.84300152593471
0.2750000000000001 0.0 0.0 0.0 -114.63464162065671
0.32500000000000007 0.0 0.0 0.0 -159.9846097343231
0.3750000000000001 0.0 0.0 0.0 -212.89290586693392
0.4250000000000001 0.0 0.0 0.0 -273.35953001848907
0.4750000000000001 0.0 0.0 0.0 -341.38448218898867
0.5250000000000001 0.0 0.0 0.0 -416.96776237843255
0.5750000000000002 0.0 0.0 0.0 -500.109370586821
0.6250000000000001 0.0 0.0 0.0 -590.8093068141538
0.6750000000000002 0.0 0.0 0.0 -689.0675710604311
0.7250000000000002 0.0 0.0 0.0 -794.8841633256525
0.7750000000000001 0.0 0.0 0.0 -908.2590836098185
0.8250000000000002 0.0 0.0 0.0 -1029.192331912929
0.8750000000000002 0.0 0.0 0.0 -1157.6839082349836
0.9250000000000002 0.0 0.0 0.0 -1293.733812575983
0.9750000000000002 0.0 0.0 0.0 -1437.3420449359262
1.0250000000000001 0.0 0.0 0.0 -1588.5086053148143
1.0750000000000002 0.0 0.0 0.0 -1747.2334937126466
1.1250000000000002 0.0 0.0 0.0 -1913.5167101294235
1.175 0.0 0.0 0.0 -2087.3582545651448
1.225 0.0 0.0 0.0 -2268.75812701981
1.2750000000000001 0.0 0.0 0.0 -2457.71632749342
1.3250000000000002 0.0 0.0 0.0 -2654.2328559859748
1.3750000000000002 0.0 0.0 0.0 -2858.307712497473
1.4250000000000003 0.0 0.0 0.0 -3069.940897027917
1.475 0.0 0.0 0.0 -3289.132409577304
1.5250000000000001 0.0 0.0 0.0 -3515.882250145636
1.5750000000000002 0.0 0.0 0.0 -3750.1904187329123
1.6250000000000002 0.0 0.0 0.0 -3992.056915339133
1.6750000000000003 0.0 0.0 0.0 -4241.481739964298
1.7250000000000003 0.0011114902793207706 7.8125e-06 0.0020782325440994493 -4493.464892608408
1.7750000000000004 0.20722206158252124 0.00155 0.41024310420523136 -3776.0063732714616
1.8250000000000002 5.750424907378372 0.046790625 12.034629016371092 23918.89381804654
1.8750000000000002 41.90797308137104 0.3948078125 92.57736255596289 217416.2356813456
1.9250000000000003 108.8636365569006 1.3477015625 253.48285469682747 604250.0192166257
1.9750000000000003 131.29118037995954 2.5573765625 321.7902019562882 768295.2444238869
2.0250000000000004 88.33024122987536 3.41295 227.59431189498062 541367.911303129
2.075 38.38758060540059 3.8033625 103.85509927977297 243355.01985435237
2.1250000000000004 11.84528383337723 3.9297078125 33.609592349685116 74034.57007755672
2.1750000000000003 2.771330734386479 3.960675 8.237698158301397 12667.56197274211
2.2250000000000005 0.5494384753412823 3.9671 1.7091384442673871 -3372.0044600914443
2.2750000000000004 0.09240644927804166 3.9682296875 0.3005124258767804 -7101.129220943942
2.325 0.02019135948604865 3.9684875 0.06858167395528182 -8006.812309815385
2.3750000000000004 0.0041045830273572625 3.9685421875 0.014547627808696145 -8492.053726705772
2.4250000000000003 0.00033746337997345665 3.968546875 0.0012469395264596698 -8886.853471615103
2.4750000000000005 0.00032396668106008476 3.9685515625 0.0012469395264596698 -9257.21154454338
2.5250000000000004 0.0008300367089174168 3.9685640625 0.003325172070559119 -9630.127945490598
2.5750000000000006 0.002693642283807233 3.96860625 0.011222455738137028 -9996.602674456763
2.6250000000000004 0.007968023663289905 3.9687359375 0.03449866023205086 -10333.635731441873
2.6750000000000003 0.023018838129175823 3.969125 0.10349598069615258 -10568.227116445922
2.7250000000000005 0.042314837819344066 3.9698671875 0.1974320916894477 -10750.37682946892
2.7750000000000004 0.10119331772798115 3.9717078125 0.4896315873898303 -10463.084870510862
2.8250000000000006 0.22927051318991482 3.9760296875 1.1496782433958155 -9298.35123957175
2.8750000000000004 0.4652195398825052 3.9851125 2.41615315577002 -6682.175936651582
2.9250000000000003 0.8753970993972832 4.002803125 4.705949772858793 -1611.5589617503574
2.9750000000000005 1.6242011651101242 4.0367578125 9.032414283165027 8351.499685131927
3.0250000000000004 2.8432010418101155 4.0982109375 16.347377191886267 25497.000003995257
3.0750000000000006 4.60680934526971 4.2011015625 27.37032260578975 51555.94199483965
3.1250000000000004 6.933432088688284 4.3610328125 42.54391405676865 87593.3256576651
3.1750000000000007 9.49684585289243 4.587159375 60.15277840292328 129482.15099247161
3.2250000000000005 12.07963170368906 4.8839140625 78.94083189459995 174200.41799925917
3.2750000000000004 13.921904748947604 5.2366140625 93.82305514289611 209514.12667802777
3.3250000000000006 14.575183255262264 5.617225 101.2477487299458 226878.27702877743
3.3750000000000004 13.668227548999155 5.9849671875 97.82448408330518 218135.86905150817
3.4250000000000007 11.540454387141901 6.3047296875 85.06122673697283 186914.90274621994
3.4750000000000005 8.718613893207047 6.553409375 66.15222011122957 140900.3781129128
3.525000000000001 5.914488163892993 6.726996875 46.176664543854486 92312.29515158667
3.5750000000000006 3.534512244920011 6.833696875 28.383668794292642 48967.65386224163
3.6250000000000004 1.8825499692262981 6.892128125 15.543516843828602 17531.454244877634
3.6750000000000007 0.876015573747433 6.9200734375 7.43383781024373 -2531.303700505312
3.7250000000000005 0.3834928364456643 6.9326421875 3.3434605169471943 -12931.619973907193
3.775000000000001 0.1861437163638669 6.9389078125 1.6667425003677585 -17532.49457532802
3.8250000000000006 0.12402265185382029 6.94319375 1.1401183736929579 -19373.927504767806
3.8750000000000004 0.1561307847798285 6.94873125 1.4730512272576899 -19154.91876222652
3.9250000000000007 0.25841115483205507 6.958134375 2.5013606900780974 -17270.468347704187
3.9750000000000005 0.40811240614003685 6.973365625 4.051722167976286 -14137.57626120079
4.025000000000001 0.641439136352269 6.9979109375 6.52939100705165 -8781.24250271634
4.075000000000001 0.9855206633194781 7.036565625 10.282678981695256 -363.46707225083446
4.125000000000001 1.4288407912661172 7.0939921875 15.276256138657411 11030.750030195723
4.175000000000002 1.9902775572928708 7.175934375 21.797749862041485 26093.408804623337
4.225000000000001 2.7549158029911345 7.292090625 30.899161465670616 47355.50925103201
4.275000000000001 3.6920834567702676 7.4514671875 42.39635954613759 74374.05136942174
4.325000000000001 4.822405826459253 7.664534375 56.67880488220664 108086.03515979252
4.375000000000001 6.127279155364216 7.94155 73.68996954867828 148355.46062214434
4.425000000000002 7.497853292904803 8.288321875 92.24609228843345 192334.32775647723
4.475000000000001 8.895341143698579 8.7090765625 111.92653883454642 239010.6365627912
4.525000000000001 10.171516066120457 9.20100625 130.86006860431004 283882.3870410862
4.575000000000001 11.119479166470278 9.7507328125 146.23483296555776 320184.57919136225
4.625000000000001 11.48201527169813 10.3308578125 154.32123579464871 338944.21301361936
4.675000000000002 11.222562359557568 10.9102 154.11299689372996 337740.28850785753
4.725000000000001 10.211591917478236 11.4486890625 143.24550327412513 310883.8056740768
4.775000000000001 8.572431058627961 11.9103578125 122.81024266799523 261000.76451227706
4.825000000000001 6.521071693896009 12.26894375 95.38879554162062 194302.1650224584
4.875000000000001 4.537160627081271 12.523634375 67.75121223065969 127076.00720462078
4.925000000000002 2.895923933892642 12.689546875 44.13500889253119 69517.29105876424
4.975000000000001 1.6535621388251793 12.786215625 25.715218207668947 24453.016584888734
5.025000000000001 0.8498901311297352 12.8369046875 13.483988392626049 -5729.816217005704
5.075000000000001 0.3767124336014155 12.859821875 6.0962873448613255 -24267.207346919087
5.125000000000002 0.14930050595532923 12.869084375 2.4639525042843076 -33777.15680485142
5.175000000000002 0.0546393223626928 12.872540625 0.9194100775095965 -38271.664590802684
5.225000000000001 0.018633511459067116 12.8737421875 0.31963216528249533 -40500.73070477291
5.275000000000001 0.006918135726089376 12.874196875 0.12095313406658795 -41772.35514676206
5.325000000000001 0.0018430153184759352 12.8743203125 0.0328360741967713 -42785.53791677018
5.375000000000002 0.0004350486253519569 12.87435 0.007897283667577908 -43654.27901479723
5.425000000000002 8.990869637748331e-05 12.87435625 0.0016625860352795594 -44485.578440843216
5.475000000000001 0.0 12.87435625 0.0 -45313.436194908165
5.525000000000001 0.0 12.87435625 0.0 -46144.85227699204
5.575000000000001 0.0 12.87435625 0.0 -46983.826687094865
5.625000000000002 0.0 12.87435625 0.0 -47830.359425216644
5.675000000000002 0.0 12.87435625 0.0 -48684.45049135736
5.725000000000001 0.0 12.87435625 0.0 -49546.09988551701
5.775000000000001 0.0 12.87435625 0.0 -50415.30760769563
5.825000000000001 0.0 12.87435625 0.0 -51292.07365789318
5.875000000000002 0.0 12.87435625 0.0 -52176.39803610967
5.925000000000002 0.0 12.87435625 0.0 -53068.280742345116
5.975000000000001 0.0 12.87435625 0.0 -53967.721776599494
6.025000000000001 0.0 12.87435625 0.0 -54874.72113887281
6.075000000000002 0.0 12.87435625 0.0 -55789.2788291651
6.125000000000002 0.0 12.87435625 0.0 -56711.39484747632
6.175000000000002 0.0 12.87435625 0.0 -57641.06919380647
6.225000000000001 0.0 12.87435625 0.0 -58578.30186815558
6.275000000000001 0.0 12.87435625 0.0 -59523.09287052363
6.325000000000002 0.0 12.87435625 0.0 -60475.44220091062
6.375000000000002 0.0 12.87435625 0.0 -61435.349859316564
6.425000000000002 0.0 12.87435625 0.0 -62402.81584574144
6.475000000000001 0.0 12.87435625 0.0 -63377.84016018527
6.525000000000001 0.0 12.87435625 0.0 -64360.42280264805
6.575000000000002 0.0 12.87435625 0.0 -65350.563773129754
6.625000000000002 0.0 12.87435625 0.0 -66348.26307163041
6.675000000000002 0.0 12.87435625 0.0 -67353.52069815002
6.725000000000001 0.0 12.87435625 0.0 -68366.33665268858
6.775000000000001 0.0 12.87435625 0.0 -69386.71093524605
6.825000000000002 0.0 12.87435625 0.0 -70414.6435458225
6.875000000000002 0.0 12.87435625 0.0 -71450.13448441788
6.925000000000002 0.0 12.87435625 0.0 -72493.18375103221
6.975000000000001 0.0 12.87435625 0.0 -73543.7913456655
7.025000000000002 0.0 12.87435625 0.0 -74601.9572683177
7.075000000000002 0.0 12.87435625 0.0 -75667.68151898886
7.125000000000002 0.0 12.87435625 0.0 -76740.96409767895
7.175000000000002 0.0 12.87435625 0.0 -77821.80500438802
7.225000000000001 0.0 12.87435625 0.0 -78910.204239116
7.275000000000002 0.0 12.87435625 0.0 -80006.16180186294
7.325000000000002 0.0 12.87435625 0.0 -81109.67769262883
7.375000000000002 0.0 12.87435625 0.0 -82220.75191141367
7.425000000000002 0.0 12.87435625 0.0 -83339.38445821742
7.475000000000001 0.0 12.87435625 0.0 -84465.57533304015
7.525000000000002 0.0 12.87435625 0.0 -85599.32453588181
7.575000000000002 0.0 12.87435625 0.0 -86740.6320667424
7.625000000000002 0.0 12.87435625 0.0 -87889.49792562194
7.675000000000002 0.0 12.87435625 0.0 -89045.92211252045
7.725000000000001 0.0 12.87435625 0.0 -90209.90462743788
7.775000000000002 0.0 12.87435625 0.0 -91381.44547037425
7.825000000000002 0.0 12.87435625 0.0 -92560.54464132959
7.875000000000002 0.0 12.87435625 0.0 -93747.20214030384
7.925000000000002 0.0 12.87435625 0.0 -94941.4179672971
7.975000000000002 0.0 12.87435625 0.0 -96143.19212230922
8.025000000000002 0.0 12.87435625 0.0 -97352.52460534035
8.075000000000001 0.0 12.87435625 0.0 -98569.41541639039
8.125000000000002 0.0 12.87435625 0.0 -99793.86455545938
8.175000000000002 0.0 12.87435625 0.0 -101025.87202254732
8.225000000000001 0.0 12.87435625 0.0 -102265.43781765422
8.275000000000002 0.0 12.87435625 0.0 -103512.56194078003
8.325000000000003 0.0 12.87435625 0.0 -104767.24439192479
8.375000000000002 0.0 12.87435625 0.0 -106029.48517108851
8.425000000000002 0.0 12.87435625 0.0 -107299.28427827117
8.475000000000001 0.0 12.87435625 0.0 -108576.64171347275
8.525000000000002 0.0 12.87435625 0.0 -109861.55747669333
8.575000000000003 0.0 12.87435625 0.0 -111154.0315679328
8.625000000000002 0.0 12.87435625 0.0 -112454.06398719124
8.675000000000002 0.0 12.87435625 0.0 -113761.65473446863
8.725000000000001 0.0 12.87435625 0.0 -115076.80380976497
8.775000000000002 0.0 12.87435625 0.0 -116399.51121308022
8.825000000000003 0.0 12.87435625 0.0 -117729.77694441444
8.875000000000002 0.0 12.87435625 0.0 -119067.6010037676
8.925000000000002 0.0 12.87435625 0.0 -120412.9833911397
8.975000000000001 0.0 12.87435625 0.0 -121765.92410653076
9.025000000000002 0.0 12.87435625 0.0 -123126.42314994076
9.075000000000003 0.0 12.87435625 0.0 -124494.48052136967
9.125000000000002 0.0 12.87435625 0.0 -125870.09622081755
9.175000000000002 0.0 12.87435625 0.0 -127253.27024828437
9.225000000000001 0.0 12.87435625 0.0 -128644.00260377015
9.275000000000002 0.0 12.87435625 0.0 -130042.29328727486
9.325000000000003 0.0 12.87435625 0.0 -131448.1422987985
9.375000000000002 0.0 12.87435625 0.0 -132861.54963834112
9.425000000000002 0.0 12.87435625 0.0 -134282.51530590266
9.475000000000001 0.0 12.87435625 0.0 -135711.03930148316
9.525000000000002 0.0 12.87435625 0.0 -137147.1216250826
9.575000000000003 0.0 12.87435625 0.0 -138590.762276701
9.625000000000002 0.0 12.87435625 0.0 -140041.96125633828
9.675000000000002 0.0 12.87435625 0.0 -141500.71856399457
9.725000000000001 0.0 12.87435625 0.0 -142967.03419966978
9.775000000000002 0.0 12.87435625 0.0 -144440.90816336393
9.825000000000003 0.0 12.87435625 0.0 -145922.34045507706
9.875000000000002 0.0 12.87435625 0.0 -147411.3310748091
9.925000000000002 0.0 12.87435625 0.0 -148907.88002256007
9.975000000000001 0.0 12.87435625 0.0 -150411.98729833
10.025000000000002 1.3164507052029327e-05 12.874359375 0.0008312930176397797 -151921.6529021189
10.075000000000003 0.0001238245814471007 12.8743890625 0.007897283667577908 -153423.8768339267
10.125000000000002 0.0006646462320581547 12.87455 0.04281159040844866 -154866.6590937535
10.175000000000002 0.0012268057071424111 12.87485 0.07980412969341887 -156311.9996815992
10.225000000000003 0.0021892374498198603 12.875390625 0.1438136920516819 -157699.89859746385
10.275000000000002 0.0045302070112787545 12.8765203125 0.3005124258767804 -158872.35584134745
10.325000000000003 0.009171444310986283 12.8788296875 0.6143255400357973 -159674.37141325
10.375000000000002 0.01619991080170937 12.8829484375 1.0956441972492297 -160080.9453131715
10.425000000000002 0.027287267462306912 12.889953125 1.8633432990395664 -159806.0775411119
10.475000000000003 0.04657296300337327 12.9020234375 3.2108692806336494 -158143.76809707127
10.525000000000002 0.0785161395633094 12.9225671875 5.464920297963912 -154308.01698104962
10.575000000000003 0.1265240799747591 12.9559875 8.890263177148626 -147661.82419304686
10.625000000000002 0.19938683861241452 13.009153125 14.142788109105572 -136627.18973306307
10.675000000000002 0.29984364568962885 13.089859375 21.46897347356495 -120611.1136010983
10.725000000000003 0.4421022348559203 13.2099734375 31.951994072511397 -97007.59579715235
10.775000000000002 0.6183790006684512 13.37955 45.10969995571383 -66976.63632122541
10.825000000000003 0.826507048897444 13.608309375 60.8531427702848 -30732.23517331743
10.875000000000002 1.0682946495146595 13.906728125 79.38349542649313 12209.607646571647
10.925000000000002 1.2864767895902411 14.26940625 96.47737374821992 51687.89213844176
10.975000000000003 1.4753787427096563 14.6891546875 111.65886248286638 86557.61830229298
11.025000000000002 1.5733883202293626 15.140875 120.16382134633898 105356.78613812517
11.075000000000003 1.5831708673792497 15.5995359375 122.01012313851693 108128.39564593846
11.125000000000002 1.4823625809503644 16.032878125 115.27498710959945 90246.44682573283
11.175000000000002 1.3075089318024515 16.4185484375 102.59361212550459 58050.9396775082
11.225000000000003 1.0812504999714108 16.740340625 85.60115155192986 15475.874201264698
11.275000000000002 0.8564890538803337 16.9975171875 68.41250582619215 -27578.74960299782
11.325000000000003 0.6754902316492265 17.2021484375 54.43472938108806 -62915.93173527924
11.375000000000002 0.5687600280274204 17.375971875 46.23942716668629 -84348.67219557962
11.425000000000002 0.5369275922721344 17.5415125 44.03608502343206 -91372.97098389894
11.475000000000003 0.5533036679867837 17.7135984375 45.77722824887857 -88914.82810023721
11.525000000000002 0.5878880053740967 17.8980375 49.06332954760862 -82747.24354459447
11.575000000000003 0.6031968406049845 18.088925 50.77870268950831 -80366.21731697061
11.625000000000002 0.5961933613119862 18.2792296875 50.623666541718485 -82492.74941736567
11.675000000000002 0.5316215324579687 18.4503859375 45.52991857613074 -96508.83984577973
11.725000000000003 0.4216776970476148 18.5873109375 36.42393486090459 -120185.48860221272
11.775000000000002 0.3006722115068349 18.685778125 26.193627339320642 -146574.6956866646
11.825000000000003 0.1925749310656588 18.74938125 16.91930678802244 -170671.46109913554
11.875000000000002 0.10807398474092877 18.785378125 9.575664270192624 -190130.78483962535
11.925000000000002 0.05555719225954018 18.8040390625 4.964066254835945 -203024.66690813412
11.975000000000003 0.028532005399092186 18.813703125 2.570773657051019 -210589.10730466183
12.025000000000002 0.017082356711124298 18.8195375 1.5520240639334688 -214854.10602920852
12.075000000000003 0.014813325125353754 18.8246390625 1.3570858512969406 -217144.6630817741
12.125000000000004 0.01845312518532674 18.831046875 1.7045663326703686 -218137.7784623586
12.175000000000002 0.024821996100475915 18.8397375 2.3118258820562274 -218513.45217096215
12.225000000000003 0.03306484791797181 18.851409375 3.1048794208845774 -218449.6842075845
12.275000000000002 0.042459223738016166 18.8665203125 4.019717386797155 -218100.4745722259
12.325000000000003 0.054748747669200355 18.8861640625 5.225507908883656 -217058.82326488625
12.375000000000004 0.07114540596006418 18.9118984375 6.845698000263587 -215027.73028556549
12.425000000000002 0.09278740314864123 18.9457328125 9.000409501985896 -211718.19563426374
12.475000000000003 0.11763444702948318 18.9889734375 11.502601485081632 -207580.21931098087
12.525000000000002 0.14621929735298492 19.043153125 14.412542693329682 -202468.801315717
12.575000000000003 0.18069289596222646 19.1106421875 17.953019655457503 -195847.941648472
12.625000000000004 0.22417919631446115 19.195040625 22.451146173906352 -186930.640309246
12.675000000000002 0.2768532575965069 19.300096875 27.946408667014115 -175621.89729803894
12.725000000000003 0.3402638218580477 19.4302359375 34.61878207309981 -161488.7126148508
12.775000000000002 0.41401254245925256 19.589828125 42.45371876435473 -144566.08625968162
12.825000000000003 0.5033984508597649 19.7853984375 52.02439527644152 -123475.01823253141
12.875000000000004 0.6079714058720651 20.023440625 63.32249867918376 -98235.5085334001
12.925000000000002 0.7257757259481417 20.30981875 76.18052342952707 -69250.55716228779
12.975000000000003 0.8638683571952579 20.653328125 91.37822237801751 -34644.16411919438
13.025000000000002 1.0181890179733 21.061328125 108.53361638304963 4664.670595880103
13.075000000000003 1.1757895338859976 21.5361046875 126.29710123048527 45428.946982935624
13.125000000000004 1.3464469179011238 22.0839578125 145.7364728014827 90217.66504197218
13.175000000000002 1.516176825579917 22.70558125 165.36039142239616 135442.82477298978
13.225000000000003 1.6770352912046238 23.398384375 184.29516813168627 179002.42617598845
13.275000000000002 1.8068989578974284 24.150490625 200.07061572743635 214953.4692509682
13.325000000000003 1.91281426205392 24.9526921875 213.39665844671083 245003.95399792894
13.375000000000004 1.9748126595952369 25.787121875 221.9697833376299 263611.8804168709
13.425000000000002 1.9972673650353145 26.6373609375 226.17529471386956 271704.24850779376
13.475000000000003 1.9805601657253398 27.4867796875 225.9570802967391 269146.0582706977
13.525000000000002 1.924945108241435 28.318484375 221.24489582624798 255768.30970558268
13.575000000000003 1.8604198040439794 29.1282640625 215.4125440144873 239688.00281244877
13.625000000000004 1.783499967551489 29.9102921875 208.03024637133726 219871.13759129588
13.675000000000002 1.6932700689663154 30.658215625 198.9579300233255 195980.71404212405
13.725000000000003 1.6193108125472961 31.3787109375 191.66167120750114 176355.73216493335
13.775000000000004 1.5564750340974667 32.076303125 185.56912468121922 159619.1919597236
13.825000000000003 1.4984672199682276 32.75278125 179.95249340753605 144020.09342649492
13.875000000000004 1.4551358506691725 33.4144578125 176.01507402948522 132453.43656524736
13.925000000000002 1.4202166149878244 34.06491875 173.03156338917606 123174.22137598076
13.975000000000003 1.3863483415918418 34.7044359375 170.12037524140155 114061.44785869529
14.025000000000004 1.3444174664210349 35.32905625 166.1576014263127 102411.11601339089
14.075000000000003 1.2963244824590396 35.935634375 161.35813118896945 88740.22584006749
14.125000000000004 1.2399485542537134 36.5199625 155.4393249033742 72368.77733872522
14.175000000000002 1.1676424969940762 37.07411875 147.41319081806213 50919.77050936397
14.225000000000003 1.0926362492522443 37.5963421875 138.91862311731006 28336.20535198372
14.275000000000004 1.0212344577669112 38.0878765625 130.75491003757858 6541.081866584544
14.325000000000003 0.952835340679475 38.5497078125 122.8534699049125 -14630.599946833507
14.375000000000004 0.8903363373644997 38.9842640625 115.5979444469525 -34255.84008827055
14.425000000000002 0.8455417299515342 39.3998328125 110.54700807177319 -48584.638557726576
14.475000000000003 0.8147304000033421 39.8030390625 107.25841289399021 -58680.99535520148
14.525000000000004 0.8030918613850435 40.2032359375 106.45787771800312 -62798.91048069537
14.575000000000003 0.8063853539476266 40.6078453125 107.6316634589105 -62174.38393420819
14.625000000000004 0.8286513062979085 41.026484375 111.36375346160429 -55402.415715739946
14.675000000000002 0.8497109319426036 41.458703125 114.97613726975794 -48926.00582529069
14.725000000000003 0.8847442810671466 41.9118140625 120.5337467391887 -37777.154262860364
14.775000000000004 0.9171968541150839 42.384740625 125.80497576404254 -27324.86102844891
14.825000000000003 0.9533489239895652 42.879640625 131.65021261757664 -15499.126122056448
14.875000000000004 0.9930699895558904 43.39864375 138.06197566263225 -2317.9495436829748
14.925000000000002 1.03828164838571 43.9449296875 145.31957935313636 12890.668706671626
14.975000000000003 1.0789567517889365 44.5164265625 152.02603577294528 26765.728629007237
