0.07500000000000001 0.0 0.99995 0.0 -2.7395881492613996
0.12500000000000003 0.0 0.99995 0.0 -7.436024976566656
0.17500000000000002 0.0 0.99995 0.0 -14.480680217524542
0.22500000000000003 0.0 0.99995 0.0 -23.873553872135055
0.2750000000000001 0.0 0.99995 0.0 -35.6146459403982
0.32500000000000007 0.0 0.99995 0.0 -49.703956422313965
0.3750000000000001 0.0 0.99995 0.0 -66.14148531788237
0.4250000000000001 0.0 0.99995 0.0 -84.92723262710338
0.4750000000000001 0.0 0.99995 0.0 -106.06119834997705
0.5250000000000001 0.0 0.99995 0.0 -129.54338248650333
0.5750000000000002 0.0 0.99995 0.0 -155.37378503668225
0.6250000000000001 0.0 0.99995 0.0 -183.5524060005138
0.6750000000000002 0.0 0.99995 0.0 -214.07924537799795
0.7250000000000002 0.0 0.99995 0.0 -246.95430316913473
0.7750000000000001 0.0 0.99995 0.0 -282.1775793739242
0.8250000000000002 0.0 0.99995 0.0 -319.7490739923662
0.8750000000000002 0.0 0.99995 0.0 -359.66878702446087
0.9250000000000002 0.0 0.99995 0.0 -401.93671847020823
0.9750000000000002 0.0 0.99995 0.0 -446.5528683296081
1.0250000000000001 0.0 0.99995 0.0 -493.5172366026607
1.0750000000000002 0.0 0.99995 0.0 -542.8298232893658
1.1250000000000002 0.0 0.99995 0.0 -594.4906283897237
1.175 0.0 0.99995 0.0 -648.4996519037342
1.225 0.0 0.99995 0.0 -704.8568938313972
1.2750000000000001 0.0 0.99995 0.0 -763.562354172713
1.3250000000000002 0.0 0.99995 0.0 -824.6160329276814
1.3750000000000002 0.0 0.99995 0.0 -888.0179300963023
1.4250000000000003 0.0 0.99995 0.0 -953.7680456785758
1.475 0.0 0.99995 0.0 -1021.8663796745021
1.5250000000000001 0.0 0.99995 0.0 -1092.312932084081
1.5750000000000002 0.0 0.99995 0.0 -1165.1077029073124
1.6250000000000002 0.0 0.99995 0.0 -1240.2506921441966
1.6750000000000003 0.0 0.99995 0.0 -1317.7418997947332
1.7250000000000003 0.0 0.99995 0.0 -1397.5813258589228
1.7750000000000004 0.0 0.99995 0.0 -1479.7689703367644
1.8250000000000002 0.0 0.99995 0.0 -1564.3048332282592
1.8750000000000002 0.0 0.99995 0.0 -1651.1889145334064
1.9250000000000003 0.0 0.99995 0.0 -1740.4212142522063
1.9750000000000003 0.0 0.99995 0.0 -1832.001732384659
2.0250000000000004 0.0 0.99995 0.0 -1925.9304689307642
2.075 0.0 0.99995 0.0 -2022.2074238905216
2.1250000000000004 0.0 0.99995 0.0 -2120.8325972639323
2.1750000000000003 0.0 0.99995 0.0 -2221.805989050995
2.2250000000000005 0.0 0.99995 0.0 -2325.1275992517108
2.2750000000000004 0.0 0.99995 0.0 -2430.7974278660786
2.325 0.0 0.99995 0.0 -2538.8154748941
2.3750000000000004 0.0 0.99995 0.0 -2649.1817403357736
2.4250000000000003 0.0 0.99995 0.0 -2761.8962241910995
2.4750000000000005 0.0 0.99995 0.0 -2876.9589264600786
2.5250000000000004 0.0 0.99995 0.0 -2994.369847142709
2.5750000000000006 0.0 0.99995 0.0 -3114.1289862389935
2.6250000000000004 0.0 0.99995 0.0 -3236.2363437489307
2.6750000000000003 0.004165808808016006 0.999971875 0.01873007080369629 -3346.6919196725194
2.7250000000000005 0.016057367404077406 1.000059375 0.07492028321478517 -3431.4957140097613
2.7750000000000004 0.06193580821890868 1.000409375 0.29968113285914066 -3392.6477267606556
2.8250000000000006 0.316956537825049 1.002265625 1.5893802939136568 -2560.1479579252036
2.8750000000000004 1.153014977383406 1.009259375 5.988271208381757 594.0035924965964
2.9250000000000003 3.4070040296191246 1.03065 18.315333521614445 9671.806924504745
2.9750000000000005 8.466735291609954 1.085640625 47.084722276091945 31037.262038099238
3.0250000000000004 17.58317520207109 1.2037125 101.09689502515099 71268.36893328009
3.0750000000000006 31.819423660922656 1.424503125 189.04795607050772 136865.12761004726
3.1250000000000004 48.071477162162886 1.769 294.96918218981074 215891.5380684008
3.1750000000000007 61.365752560315705 2.222953125 388.689105042706 285795.6003083407
3.2250000000000005 65.66031504566848 2.72409375 429.09254349067936 315845.3143298669
3.2750000000000004 59.034964594355785 3.188746875 397.85078539011397 292340.6801329795
3.3250000000000006 44.881824541194405 3.552871875 311.7754071495274 227847.69771767844
3.3750000000000004 27.871445076735125 3.78584375 199.47792978376603 143752.3670839637
3.4250000000000007 14.452258893768247 3.910253125 106.52326410942185 74112.68823183533
3.4750000000000005 6.477130188253191 3.96765 49.14503006449854 31062.661161293294
3.525000000000001 2.4631090018382698 3.990109375 19.230431266595033 8538.285872337608
3.5750000000000006 0.7300367394782334 3.99695625 5.862512161556939 -1620.4376350317261
3.6250000000000004 0.22296004422139465 3.99910625 1.8408983875632927 -4795.509360814715
3.6750000000000007 0.06558483943236303 3.99975625 0.5565506753098326 -5926.929305011359
3.7250000000000005 0.002455231362127264 3.99978125 0.021405795204224334 -6500.697467621651
3.775000000000001 0.0017929678415347528 3.9998 0.016054346403168246 -6680.813848645598
3.8250000000000006 0.0 3.9998 0.0 -6871.2784480832
3.8750000000000004 0.0 3.9998 0.0 -7052.091265934451
3.9250000000000007 0.0 3.9998 0.0 -7235.2523021993575
3.9750000000000005 0.0 3.9998 0.0 -7420.761556877914
4.025000000000001 0.0 3.9998 0.0 -7608.619029970125
4.075000000000001 0.0 3.9998 0.0 -7798.824721475987
4.125000000000001 0.0 3.9998 0.0 -7991.378631395502
4.175000000000002 0.0 3.9998 0.0 -8186.280759728671
4.225000000000001 0.0 3.9998 0.0 -8383.531106475493
4.275000000000001 0.0 3.9998 0.0 -8583.129671635965
4.325000000000001 0.0 3.9998 0.0 -8785.076455210092
4.375000000000001 0.0 3.9998 0.0 -8989.37145719787
4.425000000000002 0.0 3.9998 0.0 -9196.014677599302
4.475000000000001 0.0 3.9998 0.0 -9405.006116414384
4.525000000000001 0.0 3.9998 0.0 -9616.345773643121
4.575000000000001 0.0 3.9998 0.0 -9830.03364928551
4.625000000000001 0.0 3.9998 0.0 -10046.069743341552
4.675000000000002 0.0 3.9998 0.0 -10264.454055811248
4.725000000000001 0.0 3.9998 0.0 -10485.186586694595
4.775000000000001 0.0 3.9998 0.0 -10708.267335991595
4.825000000000001 0.0 3.9998 0.0 -10933.696303702247
4.875000000000001 0.0 3.9998 0.0 -11161.47348982655
4.925000000000002 0.0 3.9998 0.0 -11391.598894364508
4.975000000000001 0.0 3.9998 0.0 -11624.072517316119
5.025000000000001 0.0 3.9998 0.0 -11858.89435868138
5.075000000000001 0.0 3.9998 0.0 -12096.064418460297
5.125000000000002 0.0 3.9998 0.0 -12335.582696652868
5.175000000000002 0.0 3.9998 0.0 -12577.449193259086
5.225000000000001 0.0 3.9998 0.0 -12821.663908278962
5.275000000000001 0.0 3.9998 0.0 -13068.226841712483
5.325000000000001 0.0 3.9998 0.0 -13317.137993559665
5.375000000000002 0.0 3.9998 0.0 -13568.397363820495
5.425000000000002 0.0 3.9998 0.0 -13822.004952494979
5.475000000000001 0.0 3.9998 0.0 -14077.960759583117
5.525000000000001 0.0 3.9998 0.0 -14336.264785084903
5.575000000000001 0.0 3.9998 0.0 -14596.917029000348
5.625000000000002 0.0 3.9998 0.0 -14859.91749132944
5.675000000000002 0.0 3.9998 0.0 -15125.266172072186
5.725000000000001 0.0 3.9998 0.0 -15392.963071228587
5.775000000000001 0.0 3.9998 0.0 -15663.00818879864
5.825000000000001 0.0 3.9998 0.0 -15935.401524782346
5.875000000000002 0.0 3.9998 0.0 -16210.143079179705
5.925000000000002 0.0 3.9998 0.0 -16487.232851990713
5.975000000000001 0.0 3.9998 0.0 -16766.670843215375
6.025000000000001 0.0 3.9998 0.0 -17048.45705285369
6.075000000000002 0.0 3.9998 0.0 -17332.59148090566
6.125000000000002 0.0 3.9998 0.0 -17619.074127371277
6.175000000000002 0.0 3.9998 0.0 -17907.90499225055
6.225000000000001 0.0 3.9998 0.0 -18199.08407554348
6.275000000000001 0.0 3.9998 0.0 -18492.611377250058
6.325000000000002 0.0 3.9998 0.0 -18788.486897370287
6.375000000000002 0.0 3.9998 0.0 -19086.71063590417
6.425000000000002 0.0 3.9998 0.0 -19387.28259285171
6.475000000000001 0.0 3.9998 0.0 -19690.202768212897
6.525000000000001 0.0 3.9998 0.0 -19995.47116198774
6.575000000000002 0.0 3.9998 0.0 -20303.087774176234
6.625000000000002 0.0 3.9998 0.0 -20613.05260477838
6.675000000000002 0.0 3.9998 0.0 -20925.36565379418
6.725000000000001 0.0 3.9998 0.0 -21240.026921223634
6.775000000000001 0.0 3.9998 0.0 -21557.036407066735
6.825000000000002 0.0 3.9998 0.0 -21876.394111323494
6.875000000000002 0.0 3.9998 0.0 -22198.100033993906
6.925000000000002 0.0 3.9998 0.0 -22522.154175077965
6.975000000000001 0.0 3.9998 0.0 -22848.556534575684
7.025000000000002 0.0 3.9998 0.0 -23177.307112487048
7.075000000000002 0.0 3.9998 0.0 -23508.40590881207
7.125000000000002 0.0 3.9998 0.0 -23841.852923550745
7.175000000000002 0.0 3.9998 0.0 -24177.64815670307
7.225000000000001 0.0 3.9998 0.0 -24515.791608269043
7.275000000000002 0.0 3.9998 0.0 -24856.28327824868
7.325000000000002 0.0 3.9998 0.0 -25199.123166641963
7.375000000000002 0.0 3.9998 0.0 -25544.311273448897
7.425000000000002 0.0 3.9998 0.0 -25891.84759866949
7.475000000000001 0.0 3.9998 0.0 -26241.73214230373
7.525000000000002 0.0 3.9998 0.0 -26593.96490435163
7.575000000000002 0.0 3.9998 0.0 -26948.545884813168
7.625000000000002 0.0 3.9998 0.0 -27305.47508368837
7.675000000000002 0.0 3.9998 0.0 -27664.75250097722
7.725000000000001 0.0 3.9998 0.0 -28026.378136679727
7.775000000000002 0.0 3.9998 0.0 -28390.351990795883
7.825000000000002 0.0 3.9998 0.0 -28756.6740633257
7.875000000000002 0.0 3.9998 0.0 -29125.344354269153
7.925000000000002 0.0 3.9998 0.0 -29496.362863626273
7.975000000000002 0.0 3.9998 0.0 -29869.729591397037
8.025000000000002 0.0 3.9998 0.0 -30245.44453758146
8.075000000000001 0.0 3.9998 0.0 -30623.507702179533
8.125000000000002 0.0 3.9998 0.0 -31003.919085191257
8.175000000000002 0.0 3.9998 0.0 -31386.678686616637
8.225000000000001 0.0 3.9998 0.0 -31771.78650645567
8.275000000000002 0.0 3.9998 0.0 -32159.24254470836
8.325000000000003 0.0 3.9998 0.0 -32549.046801374687
8.375000000000002 0.0 3.9998 0.0 -32941.19927645468
8.425000000000002 0.0 3.9998 0.0 -33335.69996994832
8.475000000000001 0.0 3.9998 0.0 -33732.54888185561
8.525000000000002 0.0 3.9998 0.0 -34131.74601217656
8.575000000000003 0.0 3.9998 0.0 -34533.291360911164
8.625000000000002 0.0 3.9998 0.0 -34937.18492805941
8.675000000000002 0.0 3.9998 0.0 -35343.42671362132
8.725000000000001 0.0 3.9998 0.0 -35752.016717596875
8.775000000000002 0.0 3.9998 0.0 -36162.954939986084
8.825000000000003 0.0 3.9998 0.0 -36576.241380788946
8.875000000000002 0.0 3.9998 0.0 -36991.87604000546
8.925000000000002 0.0 3.9998 0.0 -37409.858917635625
8.975000000000001 0.0 3.9998 0.0 -37830.19001367945
9.025000000000002 0.0 3.9998 0.0 -38252.86932813693
9.075000000000003 0.0 3.9998 0.0 -38677.89686100805
9.125000000000002 0.0 3.9998 0.0 -39105.27261229283
9.175000000000002 0.0 3.9998 0.0 -39534.996581991254
9.225000000000001 0.0 3.9998 0.0 -39967.068770103346
9.275000000000002 0.0 3.9998 0.0 -40401.489176629075
9.325000000000003 0.0 3.9998 0.0 -40838.25780156847
9.375000000000002 0.0 3.9998 0.0 -41277.37464492151
9.425000000000002 0.0 3.9998 0.0 -41718.8397066882
9.475000000000001 0.0 3.9998 0.0 -42162.65298686855
9.525000000000002 0.0 3.9998 0.0 -42608.81448546255
9.575000000000003 0.0 3.9998 0.0 -43057.324202470205
9.625000000000002 0.0 3.9998 0.0 -43508.182137891505
9.675000000000002 0.0 3.9998 0.0 -43961.388291726464
9.725000000000001 0.0 3.9998 0.0 -44416.942663975075
9.775000000000002 0.0 3.9998 0.0 -44874.84525463733
9.825000000000003 0.0 3.9998 0.0 -45335.09606371325
9.875000000000002 0.0 3.9998 0.0 -45797.69509120282
9.925000000000002 0.0 3.9998 0.0 -46262.64233710604
9.975000000000001 0.0 3.9998 0.0 -46729.937801422915
10.025000000000002 0.0 3.9998 0.0 -47199.581484153445
10.075000000000003 0.0 3.9998 0.0 -47671.57338529762
10.125000000000002 0.0 3.9998 0.0 -48145.913504855445
10.175000000000002 0.0 3.9998 0.0 -48622.60184282693
10.225000000000003 0.0 3.9998 0.0 -49101.63839921206
10.275000000000002 0.0 3.9998 0.0 -49583.02317401086
10.325000000000003 0.0 3.9998 0.0 -50066.7561672233
10.375000000000002 0.0 3.9998 0.0 -50552.83737884939
10.425000000000002 0.0 3.9998 0.0 -51041.26680888913
10.475000000000003 0.0 3.9998 0.0 -51532.044457342534
10.525000000000002 0.0 3.9998 0.0 -52025.17032420959
10.575000000000003 0.0 3.9998 0.0 -52520.64440949029
10.625000000000002 0.0 3.9998 0.0 -53018.46671318464
10.675000000000002 0.0 3.9998 0.0 -53518.63723529266
10.725000000000003 0.0 3.9998 0.0 -54021.15597581432
10.775000000000002 0.0 3.9998 0.0 -54526.022934749635
10.825000000000003 0.0 3.9998 0.0 -55033.23811209861
10.875000000000002 0.0 3.9998 0.0 -55542.80150786124
10.925000000000002 0.0 3.9998 0.0 -56054.713122037494
10.975000000000003 0.0 3.9998 0.0 -56568.97295462741
11.025000000000002 0.0 3.9998 0.0 -57085.58100563101
11.075000000000003 0.0 3.9998 0.0 -57604.537275048235
11.125000000000002 0.0 3.9998 0.0 -58125.841762879114
11.175000000000002 0.0 3.9998 0.0 -58649.49446912365
11.225000000000003 0.0 3.9998 0.0 -59175.49539378184
11.275000000000002 0.0 3.9998 0.0 -59703.84453685369
11.325000000000003 0.0 3.9998 0.0 -60234.54189833918
11.375000000000002 0.0 3.9998 0.0 -60767.58747823832
11.425000000000002 0.0 3.9998 0.0 -61302.98127655112
11.475000000000003 0.0 3.9998 0.0 -61840.72329327757
11.525000000000002 0.0 3.9998 0.0 -62380.81352841768
11.575000000000003 0.0 3.9998 0.0 -62923.251981971436
11.625000000000002 0.0 3.9998 0.0 -63468.03865393885
11.675000000000002 0.0 3.9998 0.0 -64015.17354431991
11.725000000000003 0.0 3.9998 0.0 -64564.65665311462
11.775000000000002 0.00015357093587451797 3.999815625 0.013378622002640207 -65106.48798032298
11.825000000000003 0.0009441049152653304 3.9999125 0.08294745641636929 -65608.66752594501
11.875000000000002 0.002144134284688374 4.000134375 0.18997643243749093 -66085.1952899807
11.925000000000002 0.0018866209315716123 4.00033125 0.16857063723326662 -66660.07127243001
11.975000000000003 0.007394506290122446 4.001109375 0.6662553757314823 -66849.295473293
12.025000000000002 0.012516406083112388 4.0024375 1.1371828702244176 -67060.86789256961
12.075000000000003 0.01904294912171242 4.004475 1.7445723091442829 -67172.7885302599
12.125000000000004 0.03232671656003015 4.0079625 2.9861084309892942 -66813.05738636384
12.175000000000002 0.05225834595690474 4.013646875 4.867142684560508 -65977.67446088143
12.225000000000003 0.0825204765374496 4.022696875 7.748897863929208 -64396.63975381266
12.275000000000002 0.13221420749265383 4.037315625 12.517038745670177 -61407.95326515756
12.325000000000003 0.21566655031704043 4.06135625 20.584347813262223 -55955.614994916104
12.375000000000004 0.32101610632781963 4.09743125 30.88856247969571 -48833.6249430883
12.425000000000002 0.471174113956255 4.150809375 45.70404848541948 -38341.983109674155
12.475000000000003 0.6776151049145465 4.22819375 66.25896333027589 -23562.689494673657
12.525000000000002 0.9184841066540003 4.333928125 90.53313509186628 -6005.744098086812
12.575000000000003 1.2013980137441271 4.4733375 119.36674123195645 14956.853080086381
12.625000000000004 1.5441997083759742 4.653953125 154.6488431773192 40737.10203984591
12.675000000000002 1.9155479096036652 4.87978125 193.36122380415893 69079.0027811918
12.725000000000003 2.28210166290323 5.15095 232.18330913142026 97500.55530412402
12.775000000000002 2.618288894214684 5.464515625 268.48486207338425 124035.7596086426
12.825000000000003 2.911244206164127 5.8159 300.8664787685746 147638.61569474754
12.875000000000004 3.1095603682016 6.194153125 323.8723571643147 164231.12356243882
12.925000000000002 3.20436554436017 6.586971875 336.34390859517583 172947.28321171642
12.975000000000003 3.1150356645167054 6.9718 329.5020813030257 167225.0946425804
13.025000000000002 2.9464787854311636 7.338615625 314.079205858382 155086.55785503073
13.075000000000003 2.654258813979095 7.67159375 285.1064620494644 132817.67284906737
13.125000000000004 2.265067188018655 7.957925 245.16592392278235 102348.43962469039
13.175000000000002 1.904929157475568 8.20056875 207.7592968034003 73770.85818189975
13.225000000000003 1.605433160598899 8.40661875 176.42656407321695 49730.92852069544
13.275000000000002 1.4306815869243787 8.59163125 158.41358740886216 35644.650641077504
13.325000000000003 1.306063606931202 8.761803125 145.7065722307545 25522.024543045904
13.375000000000004 1.2871518734662042 8.930771875 144.6764183365512 24125.050226600666
13.425000000000002 1.3073064128546348 9.103671875 148.04247963241548 26011.727691741748
13.475000000000003 1.2987953697572605 9.276728125 148.17626585244187 25480.05693846919
13.525000000000002 1.2438138426680274 9.443690625 142.9586032714122 20946.037966782984
13.575000000000003 1.1403141055855601 9.59789375 132.0336205440562 12143.670776683124
13.625000000000004 0.9556684905289443 9.72808125 111.47067852599821 -3865.044631830402
13.675000000000002 0.743514671145509 9.8301125 87.36240167724056 -22526.108258757566
13.725000000000003 0.5175567805287423 9.90165625 61.258034425688976 -42681.52010409838
13.775000000000004 0.3286305103326661 9.947415625 39.18063239693211 -59829.28016785285
13.825000000000003 0.19422172336672663 9.97465625 23.324289599402938 -72329.38845002098
13.875000000000004 0.10283823240876355 9.989184375 12.439442738054865 -81115.84495060277
13.925000000000002 0.044275264486270526 9.995484375 5.394260391464532 -87034.64966959819
13.975000000000003 0.01814181527950995 9.998084375 2.2262027012393304 -90057.80260700728
14.025000000000004 0.0063650620436542975 9.999003125 0.7866629737552442 -91791.30376283002
14.075000000000003 0.0033104342592870633 9.999484375 0.4120615576813184 -92731.15313706639
14.125000000000004 0.0017929303973920248 9.999746875 0.2247608496443555 -93533.35072971645
14.175000000000002 0.001801498276726854 10.0000125 0.22743657404488354 -94195.89654078013
14.225000000000003 0.004209073495577099 10.0006375 0.5351448801056082 -94632.79057025746
14.275000000000004 0.010511793431928304 10.002209375 1.3458893734656048 -94696.03281814847
14.325000000000003 0.01907160836502973 10.00508125 2.4589907240852704 -94535.62328445312
14.375000000000004 0.03317960734575568 10.0101125 4.307916284850147 -93827.56196917144
14.425000000000002 0.059432779889680404 10.0191875 7.7703036591334325 -91915.8488723034
14.475000000000003 0.10696884441106148 10.035634375 14.082337519979081 -87876.48399384899
14.525000000000004 0.17080548809403 10.062078125 22.641979877268287 -82159.46733380826
14.575000000000003 0.2745602776090147 10.104878125 36.646721389632056 -72374.79889218116
14.625000000000004 0.41924301478695175 10.17068125 56.342728701918965 -58338.47866896774
14.675000000000002 0.6082824975781538 10.266809375 82.30795828464308 -39618.50666416797
14.725000000000003 0.8626066819574391 10.404059375 117.51781567119157 -13990.882877781856
14.775000000000004 1.215134770117285 10.598715625 166.6708729088917 22056.392690190638
14.825000000000003 1.5788227485834672 10.853346875 218.02337560382588 59745.320039749466
14.875000000000004 1.9997093649783837 11.1780375 278.0104409392641 103885.89917089463
14.925000000000002 2.477081156110911 11.582946875 346.6962863008189 154526.13008362614
14.975000000000003 2.950151329277697 12.068421875 415.6791370708323 205386.012777944
