0.025 733533.9915136974 0.99995 384.077499816305 479975.34566631465
0.07500000000000001 0.0 0.99995 0.0 -4.580335797481937
0.12500000000000003 0.0 0.99995 0.0 -12.432340021736685
0.17500000000000002 0.0 0.99995 0.0 -24.210346358118816
0.22500000000000003 0.0 0.99995 0.0 -39.91435480662831
0.2750000000000001 0.0 0.99995 0.0 -59.54436536726519
0.32500000000000007 0.0 0.99995 0.0 -83.10037804002944
0.3750000000000001 0.0 0.99995 0.0 -110.58239282492106
0.4250000000000001 0.0 0.99995 0.0 -141.99040972194007
0.4750000000000001 0.0 0.99995 0.0 -177.3244287310864
0.5250000000000001 0.0 0.99995 0.0 -216.58444985236017
0.5750000000000002 0.0 0.99995 0.0 -259.7704730857613
0.6250000000000001 0.0 0.99995 0.0 -306.88249843128983
0.6750000000000002 0.0 0.99995 0.0 -357.9205258889457
0.7250000000000002 0.0 0.99995 0.0 -412.8845554587289
0.7750000000000001 0.0 0.99995 0.0 -471.77458714063954
0.8250000000000002 0.0 0.99995 0.0 -534.5906209346775
0.8750000000000002 0.0 0.99995 0.0 -601.3326568408429
0.9250000000000002 0.0 0.99995 0.0 -672.0006948591356
0.9750000000000002 0.0 0.99995 0.0 -746.5947349895556
1.0250000000000001 0.0 0.99995 0.0 -825.1147772321033
1.0750000000000002 0.0 0.99995 0.0 -907.560821586778
1.1250000000000002 0.0 0.99995 0.0 -993.9328680535806
1.175 0.0 0.99995 0.0 -1084.2309166325101
1.225 0.0 0.99995 0.0 -1178.4549673235667
1.2750000000000001 0.0 0.99995 0.0 -1276.6050201267515
1.3250000000000002 0.0 0.99995 0.0 -1378.681075042063
1.3750000000000002 0.0 0.99995 0.0 -1484.6831320695026
1.4250000000000003 0.0 0.99995 0.0 -1594.6111912090687
1.475 0.0 0.99995 0.0 -1708.4652524607627
1.5250000000000001 0.0 0.99995 0.0 -1826.245315824584
1.5750000000000002 0.0 0.99995 0.0 -1947.9513813005328
1.6250000000000002 0.0 0.99995 0.0 -2073.5834488886085
1.6750000000000003 0.0 0.99995 0.0 -2203.1415185888122
1.7250000000000003 0.0 0.99995 0.0 -2336.6255904011427
1.7750000000000004 0.0 0.99995 0.0 -2474.0356643256005
1.8250000000000002 0.0 0.99995 0.0 -2615.3717403621863
1.8750000000000002 0.0 0.99995 0.0 -2760.6338185108993
1.9250000000000003 0.0 0.99995 0.0 -2909.8218987717396
1.9750000000000003 0.0 0.99995 0.0 -3062.9359811447066
2.0250000000000004 0.0 0.99995 0.0 -3219.9760656298017
2.075 0.0 0.99995 0.0 -3380.9421522270245
2.1250000000000004 0.0 0.99995 0.0 -3545.8342409363745
2.1750000000000003 0.0 0.99995 0.0 -3714.652331757851
2.2250000000000005 0.0 0.99995 0.0 -3887.396424691456
2.2750000000000004 0.0 0.99995 0.0 -4064.0665197371873
2.325 0.0 0.99995 0.0 -4244.662616895047
2.3750000000000004 0.0 0.99995 0.0 -4429.184716165034
2.4250000000000003 0.0 0.99995 0.0 -4617.632817547146
2.4750000000000005 0.0 0.99995 0.0 -4810.0069210413885
2.5250000000000004 0.0 0.99995 0.0 -5006.307026647757
2.5750000000000006 0.0 0.99995 0.0 -5206.533134366253
2.6250000000000004 0.0 0.99995 0.0 -5410.685244196878
2.6750000000000003 0.0 0.99995 0.0 -5618.763356139628
2.7250000000000005 0.0 0.99995 0.0 -5830.767470194505
2.7750000000000004 0.0 0.99995 0.0 -6046.697586361512
2.8250000000000006 0.0 0.99995 0.0 -6266.553704640645
2.8750000000000004 0.0 0.99995 0.0 -6490.335825031905
2.9250000000000003 0.0 0.99995 0.0 -6718.043947535294
2.9750000000000005 0.0 0.99995 0.0 -6949.678072150807
3.0250000000000004 0.0 0.99995 0.0 -7185.238198878451
3.0750000000000006 0.0 0.99995 0.0 -7424.724327718221
3.1250000000000004 0.0 0.99995 0.0 -7668.136458670118
3.1750000000000007 0.0 0.99995 0.0 -7915.474591734143
3.2250000000000005 0.0 0.99995 0.0 -8166.738726910295
3.2750000000000004 0.014723467984528005 1.0002083333333334 0.09922498203498054 -8297.928864198573
3.3250000000000006 0.17232948330296521 1.003325 1.1971013961639587 -7185.04500359898
3.3750000000000004 1.7891149471576944 1.0366625 12.804823891320634 7057.9128548884855
3.4250000000000007 10.131520990230042 1.2310833333333333 74.67640139893913 84110.94471126383
3.4750000000000005 30.306637046095222 1.8297625 229.9506950601953 277884.05056552705
3.525000000000001 51.30489100685272 2.8726166666666666 400.55684884879196 490813.23041767813
3.5750000000000006 52.322771844287786 3.9665458333333334 420.1745880388693 515050.48426771705
3.6250000000000004 31.973056092551243 4.6538458333333335 263.98966510700177 319585.81211564393
3.6750000000000007 12.014386668146699 4.9192833333333335 101.9536690409425 116805.2139614586
3.7250000000000005 2.9803648927207425 4.986933333333333 25.984142069676516 21576.689805161186
3.775000000000001 0.49277194738127655 4.998420833333333 4.412310894684538 -5675.76035324837
3.8250000000000006 0.05031277259868825 4.999625 0.46251644851789314 -10910.136513770056
3.8750000000000004 0.005088869180082134 4.99975 0.048012088081442195 -11730.43867640386
3.9250000000000007 0.0 4.99975 0.0 -12096.666841149798
3.9750000000000005 0.0 4.99975 0.0 -12406.82100800786
4.025000000000001 0.0 4.99975 0.0 -12720.901176978048
4.075000000000001 0.0 4.99975 0.0 -13038.907348060364
4.125000000000001 0.0 4.99975 0.0 -13360.839521254811
4.175000000000002 0.0 4.99975 0.0 -13686.697696561383
4.225000000000001 0.0 4.99975 0.0 -14016.481873980085
4.275000000000001 0.0 4.99975 0.0 -14350.19205351091
4.325000000000001 0.0 4.99975 0.0 -14687.828235153864
4.375000000000001 0.0 4.99975 0.0 -15029.390418908946
4.425000000000002 0.0 4.99975 0.0 -15374.878604776155
4.475000000000001 0.0 4.99975 0.0 -15724.29279275549
4.525000000000001 0.0 4.99975 0.0 -16077.632982846955
4.575000000000001 0.0 4.99975 0.0 -16434.899175050545
4.625000000000001 0.0 4.99975 0.0 -16796.091369366266
4.675000000000002 0.001515044723410607 4.999804166666666 0.020805238168624954 -17135.20956579411
4.725000000000001 0.018938687623305583 5.000495833333333 0.26566688738398014 -17198.253764334084
4.775000000000001 0.11930812037973901 5.004945833333333 1.7092303356993424 -15767.223964986184
4.825000000000001 0.5162985753589528 5.024608333333333 7.552301455210858 -8842.120167750414
4.875000000000001 1.4333681261047095 5.080333333333333 21.40378886670693 8087.057627373233
4.925000000000002 3.0182155779389577 5.200091666666666 45.99878118789373 38438.30942038475
4.975000000000001 4.559963804500328 5.384716666666667 70.91385409629014 69185.63521128414
5.025000000000001 5.07430158878892 5.594316666666667 80.50666929496228 80781.0350000714
5.075000000000001 4.501299950640679 5.783966666666666 72.84394003716409 70808.50878674653
5.125000000000002 2.9088520441024732 5.90895 48.005686469698006 39368.05657130954
5.175000000000002 1.4050574504734008 5.970504166666666 23.642752574238184 8517.678353760428
5.225000000000001 0.4882298205637033 5.992308333333333 8.374908564339567 -10970.625865900824
5.275000000000001 0.13117391539856518 5.998279166666666 2.293377407356889 -18982.85608767419
5.325000000000001 0.026409147759362258 5.999504166666667 0.4705184631981335 -21677.0123115597
5.375000000000002 0.003967362791942369 5.999691666666667 0.07201813212216329 -22595.094537557325
5.425000000000002 0.00017309196469292404 5.9997 0.0032008058720961463 -23105.10276566708
5.475000000000001 0.0 5.9997 0.0 -23537.036995888968
5.525000000000001 0.0 5.9997 0.0 -23968.897228222977
5.575000000000001 0.0 5.9997 0.0 -24404.683462669116
5.625000000000002 0.0 5.9997 0.0 -24844.395699227385
5.675000000000002 0.0 5.9997 0.0 -25288.033937897777
5.725000000000001 0.0 5.9997 0.0 -25735.598178680295
5.775000000000001 0.0 5.9997 0.0 -26187.088421574947
5.825000000000001 0.0 5.9997 0.0 -26642.50466658172
5.875000000000002 0.0 5.9997 0.0 -27101.846913700625
5.925000000000002 0.0 5.9997 0.0 -27565.115162931652
5.975000000000001 0.0 5.9997 0.0 -28032.30941427481
6.025000000000001 0.0 5.9997 0.0 -28503.429667730095
6.075000000000002 0.0 5.9997 0.0 -28978.475923297505
6.125000000000002 0.0 5.9997 0.0 -29457.44818097705
6.175000000000002 0.0 5.9997 0.0 -29940.346440768713
6.225000000000001 0.0 5.9997 0.0 -30427.170702672513
6.275000000000001 0.0 5.9997 0.0 -30917.92096668843
6.325000000000002 0.0 5.9997 0.0 -31412.597232816475
6.375000000000002 0.0 5.9997 0.0 -31911.199501056657
6.425000000000002 0.0 5.9997 0.0 -32413.727771408965
6.475000000000001 0.0 5.9997 0.0 -32920.1820438734
6.525000000000001 0.0 5.9997 0.0 -33430.56231844996
6.575000000000002 0.0 5.9997 0.0 -33944.86859513864
6.625000000000002 0.0 5.9997 0.0 -34463.10087393945
6.675000000000002 0.0 5.9997 0.0 -34985.259154852385
6.725000000000001 0.0 5.9997 0.0 -35511.34343787746
6.775000000000001 0.0 5.9997 0.0 -36041.353723014654
6.825000000000002 0.0 5.9997 0.0 -36575.290010263976
6.875000000000002 0.0 5.9997 0.0 -37113.15229962543
6.925000000000002 0.0 5.9997 0.0 -37654.940591099
6.975000000000001 0.0 5.9997 0.0 -38200.65488468471
7.025000000000002 0.0 5.9997 0.0 -38750.295180382534
7.075000000000002 0.0 5.9997 0.0 -39303.861478192506
7.125000000000002 0.0 5.9997 0.0 -39861.35377811459
7.175000000000002 0.0 5.9997 0.0 -40422.77208014881
7.225000000000001 0.0 5.9997 0.0 -40988.11638429514
7.275000000000002 0.0 5.9997 0.0 -41557.38669055362
7.325000000000002 0.0 5.9997 0.0 -42130.58299892421
7.375000000000002 0.0 5.9997 0.0 -42707.70530940694
7.425000000000002 0.0 5.9997 0.0 -43288.75362200179
7.475000000000001 0.0 5.9997 0.0 -43873.72793670877
7.525000000000002 0.0 5.9997 0.0 -44462.62825352788
7.575000000000002 0.0 5.9997 0.0 -45055.45457245911
7.625000000000002 0.0 5.9997 0.0 -45652.206893502465
7.675000000000002 0.0 5.9997 0.0 -46252.88521665796
7.725000000000001 0.0 5.9997 0.0 -46857.48954192557
7.775000000000002 0.0 5.9997 0.0 -47466.01986930531
7.825000000000002 0.0 5.9997 0.0 -48078.47619879719
7.875000000000002 0.0 5.9997 0.0 -48694.85853040118
7.925000000000002 0.0 5.9997 0.0 -49315.16686411731
7.975000000000002 0.0 5.9997 0.0 -49939.40119994556
8.025000000000002 0.0 5.9997 0.0 -50567.561537885944
8.075000000000001 0.0 5.9997 0.0 -51199.64787793845
8.125000000000002 0.0 5.9997 0.0 -51835.66022010309
8.175000000000002 0.0 5.9997 0.0 -52475.598564379856
8.225000000000001 0.0 5.9997 0.0 -53119.46291076874
8.275000000000002 0.0 5.9997 0.0 -53767.25325926975
8.325000000000003 0.0 5.9997 0.0 -54418.96960988289
8.375000000000002 0.0 5.9997 0.0 -55074.61196260816
8.425000000000002 0.0 5.9997 0.0 -55734.18031744556
8.475000000000001 0.0 5.9997 0.0 -56397.674674395086
8.525000000000002 0.0 5.9997 0.0 -57065.09503345675
8.575000000000003 0.0 5.9997 0.0 -57736.44139463053
8.625000000000002 0.0 5.9997 0.0 -58411.713757916434
8.675000000000002 0.0 5.9997 0.0 -59090.91212331447
8.725000000000001 0.0 5.9997 0.0 -59774.03649082464
8.775000000000002 0.0 5.9997 0.0 -60461.08686044692
8.825000000000003 0.0 5.9997 0.0 -61152.06323218134
8.875000000000002 0.0 5.9997 0.0 -61846.965606027894
8.925000000000002 0.0 5.9997 0.0 -62545.79398198656
8.975000000000001 0.0 5.9997 0.0 -63248.54836005736
9.025000000000002 0.0 5.9997 0.0 -63955.228740240294
9.075000000000003 0.0 5.9997 0.0 -64665.835122535354
9.125000000000002 0.0 5.9997 0.0 -65380.36750694252
9.175000000000002 0.0 5.9997 0.0 -66098.82589346184
9.225000000000001 0.0 5.9997 0.0 -66821.21028209326
9.275000000000002 0.0 5.9997 0.0 -67547.52067283684
9.325000000000003 0.0 5.9997 0.0 -68277.75706569252
9.375000000000002 0.0 5.9997 0.0 -69011.91946066036
9.425000000000002 0.0 5.9997 0.0 -69750.00785774029
9.475000000000001 0.0 5.9997 0.0 -70492.02225693237
9.525000000000002 0.0 5.9997 0.0 -71237.96265823657
9.575000000000003 0.0 5.9997 0.0 -71987.8290616529
9.625000000000002 0.0 5.9997 0.0 -72741.62146718135
9.675000000000002 0.0 5.9997 0.0 -73499.33987482193
9.725000000000001 0.0 5.9997 0.0 -74260.98428457466
9.775000000000002 0.0 5.9997 0.0 -75026.55469643949
9.825000000000003 0.0 5.9997 0.0 -75796.05111041645
9.875000000000002 0.0 5.9997 0.0 -76569.47352650555
9.925000000000002 0.0 5.9997 0.0 -77346.82194470675
9.975000000000001 0.0 5.9997 0.0 -78128.09636502012
10.025000000000002 0.0 5.9997 0.0 -78913.2967874456
10.075000000000003 0.0 5.9997 0.0 -79702.42321198319
10.125000000000002 0.0 5.9997 0.0 -80495.47563863292
10.175000000000002 0.0 5.9997 0.0 -81292.45406739479
10.225000000000003 0.0 5.9997 0.0 -82093.35849826876
10.275000000000002 0.0 5.9997 0.0 -82898.18893125489
10.325000000000003 0.0 5.9997 0.0 -83706.94536635313
10.375000000000002 0.0 5.9997 0.0 -84519.6278035635
10.425000000000002 0.0 5.9997 0.0 -85336.23624288596
