0.025 732350.6453448873 0.99995 383.4579012112071 479975.34460902977
0.07500000000000001 0.0 0.99995 0.0 -4.587736791598986
0.12500000000000003 0.0 0.99995 0.0 -12.452428434340101
0.17500000000000002 0.0 0.99995 0.0 -24.24946589845178
0.22500000000000003 0.0 0.99995 0.0 -39.97884918393402
0.2750000000000001 0.0 0.99995 0.0 -59.640578290786806
0.32500000000000007 0.0 0.99995 0.0 -83.23465321901017
0.3750000000000001 0.0 0.99995 0.0 -110.76107396860408
0.4250000000000001 0.0 0.99995 0.0 -142.21984053956854
0.4750000000000001 0.0 0.99995 0.0 -177.6109529319036
0.5250000000000001 0.0 0.99995 0.0 -216.93441114560915
0.5750000000000002 0.0 0.99995 0.0 -260.1902151806853
0.6250000000000001 0.0 0.99995 0.0 -307.378365037132
0.6750000000000002 0.0 0.99995 0.0 -358.49886071494933
0.7250000000000002 0.0 0.99995 0.0 -413.55170221413704
0.7750000000000001 0.0 0.99995 0.0 -472.5368895346955
0.8250000000000002 0.0 0.99995 0.0 -535.4544226766243
0.8750000000000002 0.0 0.99995 0.0 -602.3043016399239
0.9250000000000002 0.0 0.99995 0.0 -673.0865264245939
0.9750000000000002 0.0 0.99995 0.0 -747.8010970306345
1.0250000000000001 0.0 0.99995 0.0 -826.4480134580457
1.0750000000000002 0.0 0.99995 0.0 -909.0272757068274
1.1250000000000002 0.0 0.99995 0.0 -995.5388837769798
1.175 0.0 0.99995 0.0 -1085.9828376685027
1.225 0.0 0.99995 0.0 -1180.3591373813958
1.2750000000000001 0.0 0.99995 0.0 -1278.6677829156602
1.3250000000000002 0.0 0.99995 0.0 -1380.9087742712945
1.3750000000000002 0.0 0.99995 0.0 -1487.0821114482997
1.4250000000000003 0.0 0.99995 0.0 -1597.1877944466753
1.475 0.0 0.99995 0.0 -1711.2258232664215
1.5250000000000001 0.0 0.99995 0.0 -1829.1961979075384
1.5750000000000002 0.0 0.99995 0.0 -1951.0989183700256
1.6250000000000002 0.0 0.99995 0.0 -2076.9339846538837
1.6750000000000003 0.0 0.99995 0.0 -2206.701396759112
1.7250000000000003 0.0 0.99995 0.0 -2340.401154685711
1.7750000000000004 0.0 0.99995 0.0 -2478.03325843368
1.8250000000000002 0.0 0.99995 0.0 -2619.5977080030207
1.8750000000000002 0.0 0.99995 0.0 -2765.0945033937314
1.9250000000000003 0.0 0.99995 0.0 -2914.5236446058125
1.9750000000000003 0.0 0.99995 0.0 -3067.8851316392643
2.0250000000000004 0.0 0.99995 0.0 -3225.1789644940864
2.075 0.0 0.99995 0.0 -3386.4051431702796
2.1250000000000004 0.0 0.99995 0.0 -3551.563667667843
2.1750000000000003 0.0 0.99995 0.0 -3720.6545379867766
2.2250000000000005 0.0 0.99995 0.0 -3893.6777541270817
2.2750000000000004 0.0 0.99995 0.0 -4070.6333160887566
2.325 0.0 0.99995 0.0 -4251.521223871802
2.3750000000000004 0.0 0.99995 0.0 -4436.341477476219
2.4250000000000003 0.0 0.99995 0.0 -4625.094076902004
2.4750000000000005 0.0 0.99995 0.0 -4817.779022149163
2.5250000000000004 0.0 0.99995 0.0 -5014.3963132176905
2.5750000000000006 0.0 0.99995 0.0 -5214.945950107588
2.6250000000000004 0.0 0.99995 0.0 -5419.427932818859
2.6750000000000003 0.0 0.99995 0.0 -5627.842261351498
2.7250000000000005 0.0 0.99995 0.0 -5840.188935705507
2.7750000000000004 0.0 0.99995 0.0 -6056.4679558808875
2.8250000000000006 0.0 0.99995 0.0 -6276.679321877641
2.8750000000000004 0.0 0.99995 0.0 -6500.823033695762
2.9250000000000003 0.0 0.99995 0.0 -6728.899091335255
2.9750000000000005 0.0 0.99995 0.0 -6960.907494796117
3.0250000000000004 0.0 0.99995 0.0 -7196.848244078351
3.0750000000000006 0.0 0.99995 0.0 -7436.721339181955
3.1250000000000004 0.0 0.99995 0.0 -7680.526780106931
3.1750000000000007 0.0 0.99995 0.0 -7928.264566853275
3.2250000000000005 0.0 0.99995 0.0 -8179.934699420991
3.2750000000000004 0.00734985795132203 1.0000791666666666 0.04953245552922405 -8373.537177810078
3.3250000000000006 0.1674511723033069 1.0031125 1.163213794363713 -7239.072002020534
3.3750000000000004 1.7295230508491928 1.0353916666666667 12.3783204188677 6535.46082794764
3.4250000000000007 9.511444089156543 1.2182083333333333 70.10600060645918 78526.06131209445
3.4750000000000005 29.21176126884847 1.7961916666666666 221.6433581029627 267934.7294504199
3.525000000000001 51.74788451213525 2.84975 404.01546807698116 495935.46524292394
3.5750000000000006 52.74414761284062 3.954270833333333 423.5584185149793 520118.26868960663
3.6250000000000004 32.443980199242766 4.652820833333333 267.8779107866281 324969.1397904679
3.6750000000000007 12.16578380414873 4.9220375 103.23841989207175 118602.07854550789
3.7250000000000005 2.8835558482267345 4.987595833333334 25.140117912800363 20555.084954726473
3.775000000000001 0.4703849749943016 4.998579166666667 4.211856541130148 -5935.8409818763175
3.8250000000000006 0.04710299518138569 4.999708333333333 0.43300953059418446 -10964.699264300483
3.8750000000000004 0.0016935532509853553 4.99975 0.015978211461040014 -11789.489892546017
3.9250000000000007 0.0 4.99975 0.0 -12116.212866612921
3.9750000000000005 0.0 4.99975 0.0 -12426.868186501195
4.025000000000001 0.0 4.99975 0.0 -12741.455852210838
4.075000000000001 0.0 4.99975 0.0 -13059.975863741853
4.125000000000001 0.0 4.99975 0.0 -13382.42822109424
4.175000000000002 0.0 4.99975 0.0 -13708.812924267997
4.225000000000001 0.0 4.99975 0.0 -14039.129973263125
4.275000000000001 0.0 4.99975 0.0 -14373.379368079619
4.325000000000001 0.0 4.99975 0.0 -14711.561108717488
4.375000000000001 0.0 4.99975 0.0 -15053.675195176726
4.425000000000002 0.0 4.99975 0.0 -15399.721627457338
4.475000000000001 0.0 4.99975 0.0 -15749.700405559315
4.525000000000001 0.0 4.99975 0.0 -16103.611529482665
4.575000000000001 0.0 4.99975 0.0 -16461.454999227386
4.625000000000001 0.0 4.99975 0.0 -16823.23081479348
4.675000000000002 0.0 4.99975 0.0 -17188.93897618094
4.725000000000001 0.006378648119339653 4.999983333333334 0.0894779841818241 -17446.579483389774
4.775000000000001 0.05576575422956967 5.002066666666667 0.7989105730520007 -16932.15233641998
4.825000000000001 0.2994048353684129 5.0134875 4.379627761471068 -12827.657535271552
4.875000000000001 1.0655341441909323 5.054979166666667 15.911102972903647 1224.9049200555091
4.925000000000002 2.72398476764559 5.1632375 41.51458901807417 32887.535029561186
4.975000000000001 4.818613055613483 5.35865 74.93621393113156 74332.23279324551
5.025000000000001 5.8547756446166135 5.600879166666667 92.88933232875611 96410.99821110845
5.075000000000001 4.9230435130137336 5.808633333333334 79.66896016589162 79465.83128315002
5.125000000000002 2.854298062393605 5.931470833333333 47.10536520829207 38304.73200937023
5.175000000000002 1.149447137682918 5.981908333333333 19.34162497358894 3147.7003897690556
5.225000000000001 0.3276006544848127 5.9965625 5.619536970847773 -14437.26357565348
5.275000000000001 0.057575890804672604 5.9991875 1.006627322045521 -20624.15988689738
5.325000000000001 0.010582490526586543 5.999679166666667 0.18854289524027218 -22064.98854396267
5.375000000000002 0.00044010695476513767 5.9997 0.007989105730520007 -22711.749546849318
5.425000000000002 0.0 5.9997 0.0 -23146.442895557335
5.475000000000001 0.0 5.9997 0.0 -23575.06859008673
5.525000000000001 0.0 5.9997 0.0 -24007.626630437488
5.575000000000001 0.0 5.9997 0.0 -24444.11701660962
5.625000000000002 0.0 5.9997 0.0 -24884.53974860312
5.675000000000002 0.0 5.9997 0.0 -25328.894826418
5.725000000000001 0.0 5.9997 0.0 -25777.18225005424
5.775000000000001 0.0 5.9997 0.0 -26229.402019511854
5.825000000000001 0.0 5.9997 0.0 -26685.554134790844
5.875000000000002 0.0 5.9997 0.0 -27145.6385958912
5.925000000000002 0.0 5.9997 0.0 -27609.65540281292
5.975000000000001 0.0 5.9997 0.0 -28077.604555556016
6.025000000000001 0.0 5.9997 0.0 -28549.486054120483
6.075000000000002 0.0 5.9997 0.0 -29025.29989850632
6.125000000000002 0.0 5.9997 0.0 -29505.046088713534
6.175000000000002 0.0 5.9997 0.0 -29988.724624742114
6.225000000000001 0.0 5.9997 0.0 -30476.335506592066
6.275000000000001 0.0 5.9997 0.0 -30967.878734263384
6.325000000000002 0.0 5.9997 0.0 -31463.354307756068
6.375000000000002 0.0 5.9997 0.0 -31962.76222707013
6.425000000000002 0.0 5.9997 0.0 -32466.102492205566
6.475000000000001 0.0 5.9997 0.0 -32973.37510316236
6.525000000000001 0.0 5.9997 0.0 -33484.580059940534
6.575000000000002 0.0 5.9997 0.0 -33999.717362540076
6.625000000000002 0.0 5.9997 0.0 -34518.787010960994
6.675000000000002 0.0 5.9997 0.0 -35041.789005203274
6.725000000000001 0.0 5.9997 0.0 -35568.72334526693
6.775000000000001 0.0 5.9997 0.0 -36099.59003115196
6.825000000000002 0.0 5.9997 0.0 -36634.38906285835
6.875000000000002 0.0 5.9997 0.0 -37173.12044038612
6.925000000000002 0.0 5.9997 0.0 -37715.784163735254
6.975000000000001 0.0 5.9997 0.0 -38262.380232905765
7.025000000000002 0.0 5.9997 0.0 -38812.90864789764
7.075000000000002 0.0 5.9997 0.0 -39367.369408710896
7.125000000000002 0.0 5.9997 0.0 -39925.76251534551
7.175000000000002 0.0 5.9997 0.0 -40488.087967801504
7.225000000000001 0.0 5.9997 0.0 -41054.345766078855
7.275000000000002 0.0 5.9997 0.0 -41624.53591017758
7.325000000000002 0.0 5.9997 0.0 -42198.658400097695
7.375000000000002 0.0 5.9997 0.0 -42776.71323583917
7.425000000000002 0.0 5.9997 0.0 -43358.700417402004
7.475000000000001 0.0 5.9997 0.0 -43944.61994478622
7.525000000000002 0.0 5.9997 0.0 -44534.471817991805
7.575000000000002 0.0 5.9997 0.0 -45128.25603701876
7.625000000000002 0.0 5.9997 0.0 -45725.972601867084
7.675000000000002 0.0 5.9997 0.0 -46327.621512536774
7.725000000000001 0.0 5.9997 0.0 -46933.20276902785
7.775000000000002 0.0 5.9997 0.0 -47542.716371340284
7.825000000000002 0.0 5.9997 0.0 -48156.16231947409
7.875000000000002 0.0 5.9997 0.0 -48773.54061342926
7.925000000000002 0.0 5.9997 0.0 -49394.851253205816
7.975000000000002 0.0 5.9997 0.0 -50020.09423880374
8.025000000000002 0.0 5.9997 0.0 -50649.26957022303
8.075000000000001 0.0 5.9997 0.0 -51282.37724746368
8.125000000000002 0.0 5.9997 0.0 -51919.417270525715
8.175000000000002 0.0 5.9997 0.0 -52560.38963940911
8.225000000000001 0.0 5.9997 0.0 -53205.294354113896
8.275000000000002 0.0 5.9997 0.0 -53854.13141464003
8.325000000000003 0.0 5.9997 0.0 -54506.90082098753
8.375000000000002 0.0 5.9997 0.0 -55163.60257315643
8.425000000000002 0.0 5.9997 0.0 -55824.23667114668
8.475000000000001 0.0 5.9997 0.0 -56488.803114958304
8.525000000000002 0.0 5.9997 0.0 -57157.3019045913
8.575000000000003 0.0 5.9997 0.0 -57829.73304004568
8.625000000000002 0.0 5.9997 0.0 -58506.0965213214
8.675000000000002 0.0 5.9997 0.0 -59186.392348418514
8.725000000000001 0.0 5.9997 0.0 -59870.620521337
8.775000000000002 0.0 5.9997 0.0 -60558.781040076836
8.825000000000003 0.0 5.9997 0.0 -61250.87390463805
8.875000000000002 0.0 5.9997 0.0 -61946.89911502065
8.925000000000002 0.0 5.9997 0.0 -62646.8566712246
8.975000000000001 0.0 5.9997 0.0 -63350.74657324993
9.025000000000002 0.0 5.9997 0.0 -64058.56882109663
9.075000000000003 0.0 5.9997 0.0 -64770.323414764694
9.125000000000002 0.0 5.9997 0.0 -65486.01035425414
9.175000000000002 0.0 5.9997 0.0 -66205.62963956496
9.225000000000001 0.0 5.9997 0.0 -66929.18127069714
9.275000000000002 0.0 5.9997 0.0 -67656.6652476507
9.325000000000003 0.0 5.9997 0.0 -68388.08157042561
9.375000000000002 0.0 5.9997 0.0 -69123.43023902192
9.425000000000002 0.0 5.9997 0.0 -69862.71125343957
9.475000000000001 0.0 5.9997 0.0 -70605.92461367861
9.525000000000002 0.0 5.9997 0.0 -71353.07031973902
9.575000000000003 0.0 5.9997 0.0 -72104.14837162079
9.625000000000002 0.0 5.9997 0.0 -72859.15876932393
9.675000000000002 0.0 5.9997 0.0 -73618.10151284846
9.725000000000001 0.0 5.9997 0.0 -74380.97660219435
9.775000000000002 0.0 5.9997 0.0 -75147.78403736159
9.825000000000003 0.0 5.9997 0.0 -75918.52381835024
9.875000000000002 0.0 5.9997 0.0 -76693.19594516023
9.925000000000002 0.0 5.9997 0.0 -77471.8004177916
9.975000000000001 0.0 5.9997 0.0 -78254.33723624435
10.025000000000002 0.0 5.9997 0.0 -79040.80640051847
10.075000000000003 0.0 5.9997 0.0 -79831.20791061394
10.125000000000002 0.0 5.9997 0.0 -80625.5417665308
10.175000000000002 0.0 5.9997 0.0 -81423.80796826903
10.225000000000003 0.0 5.9997 0.0 -82226.0065158286
10.275000000000002 0.0 5.9997 0.0 -83032.13740920958
10.325000000000003 0.0 5.9997 0.0 -83842.2006484119
10.375000000000002 0.0 5.9997 0.0 -84656.19623343562
10.425000000000002 0.0 5.9997 0.0 -85474.12416428069
