0.025 0.0 0.0 0.0 -3.4625157516678926
0.07500000000000001 0.0 0.0 0.0 -24.23761026167525
0.12500000000000003 0.0 0.0 0.0 -65.78779928168996
0.17500000000000002 0.0 0.0 0.0 -128.11308281171205
0.22500000000000003 0.0 0.0 0.0 -211.21346085174144
0.2750000000000001 0.0 0.0 0.0 -315.08893340177826
0.32500000000000007 0.0 0.0 0.0 -439.73950046182244
0.3750000000000001 0.0 0.0 0.0 -585.1651620318739
0.4250000000000001 0.0 0.0 0.0 -751.3659181119328
0.4750000000000001 0.0 0.0 0.0 -938.3417687019991
0.5250000000000001 0.0 0.0 0.0 -1146.0927138020725
0.5750000000000002 0.0 0.0 0.0 -1374.6187534121534
0.6250000000000001 0.0 0.0 0.0 -1623.919887532242
0.6750000000000002 0.0 0.0 0.0 -1893.9961161623376
0.7250000000000002 0.0 0.0 0.0 -2184.8474393024403
0.7750000000000001 0.0 0.0 0.0 -2496.4738569525507
0.8250000000000002 0.0 0.0 0.0 -2828.8753691126685
0.8750000000000002 0.0 0.0 0.0 -3182.0519757827938
0.9250000000000002 0.0 0.0 0.0 -3556.003676962926
0.9750000000000002 0.0 0.0 0.0 -3950.730472653065
1.0250000000000001 0.0 0.0 0.0 -4366.232362853213
1.0750000000000002 0.0 0.0 0.0 -4802.509347563367
1.1250000000000002 0.0 0.0 0.0 -5259.561426783529
1.175 0.0 0.0 0.0 -5737.388600513698
1.225 0.0 0.0 0.0 -6235.990868753875
1.2750000000000001 0.0 0.0 0.0 -6755.36823150406
1.3250000000000002 0.0 0.0 0.0 -7295.520688764251
1.3750000000000002 0.0 0.0 0.0 -7856.448240534448
1.4250000000000003 0.0 0.0 0.0 -8438.150886814656
1.475 0.0 0.0 0.0 -9040.62862760487
1.5250000000000001 0.0 0.0 0.0 -9663.88146290509
1.5750000000000002 0.0 0.0 0.0 -10307.909392715317
1.6250000000000002 0.0 0.0 0.0 -10972.712417035553
1.6750000000000003 0.0 0.0 0.0 -11658.290535865795
1.7250000000000003 0.0 0.0 0.0 -12364.643749206049
1.7750000000000004 0.0 0.0 0.0 -13091.772057056303
1.8250000000000002 0.0 0.0 0.0 -13839.675459416569
1.8750000000000002 0.0022589814087711196 6.875e-05 0.0049902327769687956 -14575.35395628684
1.9250000000000003 0.1747651405350696 0.005675 0.4069308000855463 -12706.80754766712
1.9750000000000003 2.6878024809572136 0.09643333333333333 6.587712142299049 27355.963766442597
2.0250000000000004 11.704884772653077 0.5119333333333334 30.159152273898684 182400.9599860423
2.075 19.21868429476654 1.2282625 51.99489871416353 325947.181111132
2.1250000000000004 18.177808572904667 1.9388395833333334 51.577382571823804 322313.6271417117
2.1750000000000003 20.479580022779498 2.7775083333333335 60.87494233119198 382904.2980777814
2.2250000000000005 29.685710788657566 4.0497145833333335 92.3433502227572 590088.1939193411
2.2750000000000004 33.38726429135825 5.54558125 108.57778719963717 696510.3146663908
2.325 26.04248047114456 6.764225 88.45550523197333 562487.6603189304
2.3750000000000004 14.647639807259592 7.47945 51.914752551381916 319870.23087696003
2.4250000000000003 6.251776741346357 7.797704166666667 23.100543620463853 128327.02634047969
2.4750000000000005 2.144977023957152 7.9114458333333335 8.255962081557223 29143.04670948932
2.5250000000000004 0.6176272209444231 7.945533333333334 2.4742481423261644 -10129.708016011045
2.5750000000000006 0.16888533385300425 7.955227083333333 0.7036228215526001 -22898.23783602142
2.6250000000000004 0.03524085337598185 7.957329166666667 0.15258014763519742 -27622.54275054181
2.6750000000000003 0.008172841056269345 7.957835416666667 0.03674625953949749 -29489.622759572194
2.7250000000000005 0.0014908695005010702 7.95793125 0.006956082052744381 -30808.477863112592
2.7750000000000004 6.250564882854311e-05 7.9579354166666665 0.00030243835011932094 -31995.10806116299
2.8250000000000006 0.0 7.9579354166666665 0.0 -33160.51335372341
2.8750000000000004 0.0 7.9579354166666665 0.0 -34344.69374079383
2.9250000000000003 0.0 7.9579354166666665 0.0 -35549.64922237426
2.9750000000000005 0.0 7.9579354166666665 0.0 -36775.37979846469
3.0250000000000004 0.0 7.9579354166666665 0.0 -38021.88546906513
3.0750000000000006 0.0 7.9579354166666665 0.0 -39289.16623417558
3.1250000000000004 0.0 7.9579354166666665 0.0 -40577.22209379604
3.1750000000000007 0.00042973731565025216 7.957972916666667 0.002721945151073888 -41868.05304792651
3.2250000000000005 0.0026842122143918654 7.9582145833333335 0.017541424306920614 -43099.659096566975
3.2750000000000004 0.013979254083354254 7.9595125 0.09420954606216847 -43943.04023971744
3.3250000000000006 0.06188884429201188 7.965435416666667 0.42991611469461466 -43094.19647737794
3.3750000000000004 0.24158484487629295 7.98925625 1.729040047632158 -35895.12780954843
3.4250000000000007 0.7782842109746373 8.0682875 5.73649940588822 -10806.834236228933
3.4750000000000005 1.8814032074335485 8.264954166666667 14.275090125631948 44224.68424258056
3.525000000000001 3.7331705675785885 8.6665 29.14628623934908 141112.42762688006
3.5750000000000006 5.740010781771053 9.30154375 46.094780160860765 251716.3959166695
3.6250000000000004 6.991046290524089 10.09678125 57.72247618872324 327113.589111949
3.6750000000000007 6.828876263071115 10.895147916666666 57.949607389662845 327099.0072127184
3.7250000000000005 5.845196438429519 11.597233333333334 50.961013214280634 279346.65021897794
3.775000000000001 4.808749625267105 12.1904375 43.0578454681376 225525.51813072737
3.8250000000000006 4.157036118778206 12.716920833333333 38.214900167676916 191920.6109479668
3.8750000000000004 3.5093963821256176 13.173077083333334 33.11019447518796 156563.92867069622
3.9250000000000007 2.6422427870736804 13.525439583333334 25.576303954540613 105122.47129891565
3.9750000000000005 1.6139610599143484 13.746191666666666 16.023335008496684 40308.23883262508
4.025000000000001 0.7844786663865773 13.85620625 7.98543097737549 -14507.768728175506
4.075000000000001 0.3000686196083663 13.899339583333333 3.1308418004352103 -48293.551383486105
4.125000000000001 0.09541575914007853 13.91339375 1.0201245549524696 -63955.109133306716
4.175000000000002 0.061939559877109696 13.922739583333334 0.6783692193176368 -67939.44197763731
4.225000000000001 0.2087621032530599 13.954997916666667 2.341477706623783 -58686.54991647793
4.275000000000001 0.6831766779758534 14.063077083333333 7.844948363745066 -24058.43294982855
4.325000000000001 1.5587002307834856 14.315466666666667 18.319749400952688 43423.90892231082
4.375000000000001 2.481135409789465 14.7265625 29.83947493782256 117795.47569994016
4.425000000000002 2.793934869539368 15.200127083333333 34.37378190198648 145952.2673830595
4.475000000000001 2.310014132998852 15.600566666666667 29.065988857392398 109003.28397166888
4.525000000000001 1.616832196219611 15.887141666666666 20.801104844506657 52478.52546576822
4.575000000000001 1.3894534621618624 16.1388875 18.273022675859252 33869.99186535753
4.625000000000001 1.9181740598538524 16.494066666666665 25.780752279221275 81606.68317043684
4.675000000000002 3.1027822286562805 17.081083333333332 42.60872451821041 190956.59938100618
4.725000000000001 4.632096480934093 17.976277083333333 64.97782098891068 336928.7404970655
4.775000000000001 5.933106377443821 19.147297916666666 84.99878610928454 467352.1065186148
4.825000000000001 6.438914236018222 20.444904166666667 94.18701440508458 526118.6974456541
4.875000000000001 5.905568023648347 21.659820833333335 88.18497412779159 484412.51327818335
4.925000000000002 4.487443305646728 22.602029166666668 68.39038411248204 351476.5540162027
4.975000000000001 2.8995281709281833 23.223254166666667 45.09174337269003 195347.8196597119
5.025000000000001 1.5908947321661155 23.570989583333333 25.240446166733108 61995.31020871119
5.075000000000001 0.7301993976531873 23.7337875 11.816719996687048 -28872.97433679957
5.125000000000002 0.2916203792703236 23.800091666666667 4.812701465448754 -77309.03397682034
5.175000000000002 0.0989801212758157 23.8230375 1.6655279941071004 -100260.86871135108
5.225000000000001 0.02926773918283266 23.829954166666667 0.5020476611980728 -110115.47854039185
5.275000000000001 0.007239428357793454 23.831697916666666 0.12657044952493582 -114779.8634639426
5.325000000000001 0.0014428909269135737 23.832052083333334 0.02570725976014228 -117649.02348200341
5.375000000000002 0.0004331818691464633 23.832160416666667 0.007863397103102346 -119989.95859457419
5.425000000000002 0.0017908885165866314 23.832616666666667 0.03311699933806564 -122066.66880165499
5.475000000000001 0.014500182781812677 23.836379166666667 0.2731018301577468 -122744.15410324578
5.525000000000001 0.08239023809910628 23.85815 1.5802403793734519 -116385.41449934656
5.575000000000001 0.3207723004753423 23.944452083333335 6.2642543268464355 -87716.44998995739
5.625000000000002 0.88552932465031 24.186991666666668 17.60478514127061 -15049.260575078224
5.675000000000002 1.7901243141566296 24.686047916666666 36.22409972801648 105731.15374529097
5.725000000000001 2.637706734407922 25.434410416666665 54.32004474988087 223029.79297115013
5.775000000000001 2.896047620766735 26.270483333333335 60.68652323906764 262741.6571024993
5.825000000000001 2.400824145643049 26.975641666666668 51.184061497493644 197492.7461393384
5.875000000000002 1.5124540900523227 27.42753125 32.80049760466577 73493.06008166753
5.925000000000002 0.7571158012078085 27.657608333333332 16.700192036063722 -35428.4010705133
5.975000000000001 0.29664757236157235 27.749283333333334 6.654248579325299 -104333.63731720418
6.025000000000001 0.09736747889522267 27.779879166666667 2.2208048049261735 -136144.64865840506
6.075000000000002 0.03208463350483064 27.790129166666667 0.7439983412935296 -148424.43509411596
6.125000000000002 0.033269395571605354 27.800933333333333 0.7842226418593992 -150692.9966243369
6.175000000000002 0.10742621028513809 27.836391666666668 2.5737503595154214 -141414.33324906777
6.225000000000001 0.3128865336029335 27.941345833333333 7.618119601155574 -110632.4449683087
6.275000000000001 0.7035320406870765 28.18114375 17.4057807068921 -48504.33178205963
6.325000000000002 1.2901429276004714 28.627922916666666 32.42955696824443 48229.00630967948
6.375000000000002 1.8405761313998679 29.275435416666667 46.99982692359283 141942.56930690852
6.425000000000002 2.0922835268962148 30.023089583333334 54.268630230360586 187351.3572096276
6.475000000000001 1.8984673195454183 30.712085416666667 50.010903137380794 156515.37001783663
6.525000000000001 1.378956032848706 31.220297916666667 36.888708002403696 67038.60773153568
6.575000000000002 0.8073767949870155 31.522433333333332 21.93056086302726 -34599.92964927526
6.625000000000002 0.37863159630841997 31.6662875 10.441684037869557 -113317.24212459623
6.675000000000002 0.14747448484029704 31.723166666666668 4.12858591747885 -157828.32969442723
6.725000000000001 0.04789952204788861 31.74191875 1.3611237947120038 -178913.19235876822
6.775000000000001 0.012552509883390035 31.74690625 0.36201870509282713 -188324.8301176192
6.825000000000002 0.0029398962803833706 31.748091666666667 0.0860437106089468 -192975.2429709802
6.875000000000002 0.0006924980986278063 31.748375 0.020565807808113824 -196254.4309188512
6.925000000000002 9.033541813510874e-05 31.7484125 0.002721945151073888 -199239.39396123218
6.975000000000001 0.0 31.7484125 0.0 -202145.13209812323
7.025000000000002 0.0 31.7484125 0.0 -205053.64532952427
7.075000000000002 0.0 31.7484125 0.0 -207982.93365543534
7.125000000000002 0.0 31.7484125 0.0 -210932.99707585637
7.175000000000002 0.0 31.7484125 0.0 -213903.83559078744
7.225000000000001 0.0 31.7484125 0.0 -216895.44920022847
7.275000000000002 0.0 31.7484125 0.0 -219907.83790417953
7.325000000000002 0.0 31.7484125 0.0 -222941.0017026406
7.375000000000002 0.0 31.7484125 0.0 -225994.9405956117
7.425000000000002 0.0 31.7484125 0.0 -229069.6545830928
7.475000000000001 0.0 31.7484125 0.0 -232165.14366508392
7.525000000000002 0.0 31.7484125 0.0 -235281.40784158502
7.575000000000002 0.0 31.7484125 0.0 -238418.4471125961
7.625000000000002 0.0 31.7484125 0.0 -241576.26147811723
7.675000000000002 0.0 31.7484125 0.0 -244754.85093814833
7.725000000000001 0.0 31.7484125 0.0 -247954.21549268952
7.775000000000002 0.0 31.7484125 0.0 -251174.35514174058
7.825000000000002 0.0 31.7484125 0.0 -254415.2698853018
7.875000000000002 0.0 31.7484125 0.0 -257676.95972337286
7.925000000000002 0.0 31.7484125 0.0 -260959.42465595406
7.975000000000002 0.0 31.7484125 0.0 -264262.66468304524
8.025000000000002 0.0 31.7484125 0.0 -267586.6798046464
8.075000000000001 0.0 31.7484125 0.0 -270931.4700207576
8.125000000000002 0.0 31.7484125 0.0 -274297.0353313788
8.175000000000002 0.0 31.7484125 0.0 -277683.37573651003
8.225000000000001 0.0 31.7484125 0.0 -281090.4912361512
8.275000000000002 0.0 31.7484125 0.0 -284518.3818303025
8.325000000000003 0.0 31.7484125 0.0 -287967.0475189636
8.375000000000002 0.0 31.7484125 0.0 -291436.4883021349
8.425000000000002 0.0 31.7484125 0.0 -294926.7041798161
8.475000000000001 2.6806265193561593e-05 31.748429166666668 0.0012097534004772838 -298429.69515200733
8.525000000000002 4.967389728571224e-05 31.748460416666667 0.002268287625894907 -301954.46121870866
8.575000000000003 0.0003927704029995808 31.74871041666667 0.018146301007159256 -305402.00237991987
8.625000000000002 0.0015173312946640033 31.7496875 0.07092179310298076 -308626.31863564113
8.675000000000002 0.005052937354262768 31.752979166666666 0.2389262965942635 -311109.4099858724
8.725000000000001 0.013863233369726247 31.762114583333332 0.6630960826366111 -311919.27643061377
8.775000000000002 0.03548478749397359 31.785766666666667 1.716791294452325 -308586.91796986497
8.825000000000003 0.08164802000110147 31.840810416666667 3.9953618242512894 -297175.3346036263
8.875000000000002 0.16220988173104758 31.951408333333333 8.027772346392196 -274186.5263318976
8.925000000000002 0.2806797622192337 32.14494375 14.047807705517279 -238074.4931546789
8.975000000000001 0.4371146351746437 32.44973125 22.123062872878204 -188392.2350719702
9.025000000000002 0.5970751648040155 32.87070625 30.55655626595547 -136361.75208377157
9.075000000000003 0.7231449429970631 33.38623333333334 37.419638526038156 -94737.04419008287
9.125000000000002 0.7739808070201781 33.944097916666664 40.49271460160058 -78196.11139090423
9.175000000000002 0.733229934725203 34.478397916666665 38.782274512500756 -93308.95368623559
9.225000000000001 0.6179885096835259 34.93364375 33.04411169568689 -135077.57107607683
9.275000000000002 0.47731785673431915 35.289085416666666 25.79980589527879 -186826.96356042824
9.325000000000003 0.3763654069955353 35.57238125 20.56308586296275 -225321.13113928965
9.375000000000002 0.3787555233004561 35.86054166666667 20.916182636727054 -226871.073812661
9.425000000000002 0.5086810027229343 36.25168958333333 28.391551336626314 -181342.79158054234
9.475000000000001 0.7273974400754333 36.81696875 41.03090364563791 -101686.2844429338
9.525000000000002 0.9124525381833644 37.5335625 52.01410354939611 -33002.55239983514
9.575000000000003 0.9318845606420432 38.27312083333333 53.68099251607874 -25947.59545124654
9.625000000000002 0.7668180805723039 38.888052083333335 44.6349102448348 -89757.413597168
9.675000000000002 0.5091609283800376 39.300614583333335 29.945933237064565 -190904.00683759945
9.725000000000001 0.26953842814248397 39.521279166666666 16.016983803144175 -287045.37517254084
9.775000000000002 0.11590478921840584 39.61714583333333 6.9585015595453354 -350999.5186019923
9.825000000000003 0.0419858575493396 39.652229166666665 2.5465309080046823 -384247.4371259538
9.875000000000002 0.013450807644458974 39.663583333333335 0.8241445040751494 -399730.1307444251
9.925000000000002 0.0065405371683037615 39.669160416666664 0.40481373163471107 -406616.59945740656
9.975000000000001 0.0076313195915507755 39.67573333333333 0.4770964973132288 -410272.84326489805
10.025000000000002 0.013321906869292398 39.687322916666666 0.8412322708568912 -412019.86216689955
10.075000000000003 0.024179705267385835 39.70856875 1.5421331472584177 -411560.656163411
10.125000000000002 0.03984691111574379 39.74392916666667 2.566643058287617 -408982.2252544326
10.175000000000002 0.06347452613156626 39.800814583333334 4.129039575004029 -402867.569439964
10.225000000000003 0.09690829690227487 39.88851875 6.366024831661585 -392312.6887200055
10.275000000000002 0.1414367496426716 40.017777083333335 9.382242497401574 -376625.58309455705
10.325000000000003 0.1979481836633347 40.20044583333333 13.259048488406089 -355268.2525636186
10.375000000000002 0.26383472310422346 40.44627916666666 17.843862657039935 -329249.69712719007
10.425000000000002 0.33476912347719784 40.76122083333333 22.860105132118992 -300398.91678527155
