0.025 0.0 0.0 0.0 -5.207405579280059
0.07500000000000001 0.0 0.0 0.0 -36.451839054960416
0.12500000000000003 0.0 0.0 0.0 -98.94070600632111
0.17500000000000002 0.0 0.0 0.0 -192.67400643336222
0.22500000000000003 0.0 0.0 0.0 -317.6517403360836
0.2750000000000001 0.0 0.0 0.0 -473.8739077144854
0.32500000000000007 0.0 0.0 0.0 -661.3405085685675
0.3750000000000001 0.0 0.0 0.0 -880.05154289833
0.4250000000000001 0.0 0.0 0.0 -1130.007010703773
0.4750000000000001 0.0 0.0 0.0 -1411.2069119848961
0.5250000000000001 0.0 0.0 0.0 -1723.6512467416994
0.5750000000000002 0.0 0.0 0.0 -2067.3400149741838
0.6250000000000001 0.0 0.0 0.0 -2442.273216682348
0.6750000000000002 0.0 0.0 0.0 -2848.4508518661924
0.7250000000000002 0.0 0.0 0.0 -3285.8729205257177
0.7750000000000001 0.0 0.0 0.0 -3754.539422660923
0.8250000000000002 0.0 0.0 0.0 -4254.450358271808
0.8750000000000002 0.0 0.0 0.0 -4785.605727358376
0.9250000000000002 0.0 0.0 0.0 -5348.005529920621
0.9750000000000002 0.0 0.0 0.0 -5941.6497659585475
1.0250000000000001 0.0 0.0 0.0 -6566.5384354721555
1.0750000000000002 0.0 0.0 0.0 -7222.671538461441
1.1250000000000002 0.0 0.0 0.0 -7910.049074926411
1.175 0.0 0.0 0.0 -8628.671044867058
1.225 0.0 0.0 0.0 -9378.537448283387
1.2750000000000001 0.0 0.0 0.0 -10159.648285175395
1.3250000000000002 0.0 0.0 0.0 -10972.003555543086
1.3750000000000002 0.0 0.0 0.0 -11815.603259386457
1.4250000000000003 0.0 0.0 0.0 -12690.447396705507
1.475 0.0 0.0 0.0 -13596.535967500235
1.5250000000000001 0.0 0.0 0.0 -14533.868971770647
1.5750000000000002 0.0 0.0 0.0 -15502.446409516737
1.6250000000000002 0.0 0.0 0.0 -16502.268280738506
1.6750000000000003 0.0 0.0 0.0 -17533.334585435958
1.7250000000000003 0.0 0.0 0.0 -18595.645323609093
1.7750000000000004 0.0 0.0 0.0 -19689.200495257905
1.8250000000000002 0.0 0.0 0.0 -20814.0001003824
1.8750000000000002 0.0 0.0 0.0 -21970.044138982572
1.9250000000000003 0.0 0.0 0.0 -23157.332611058424
1.9750000000000003 0.0 0.0 0.0 -24375.865516609956
2.0250000000000004 0.0 0.0 0.0 -25625.642855637172
2.075 0.0 0.0 0.0 -26906.664628140068
2.1250000000000004 0.0 0.0 0.0 -28218.930834118644
2.1750000000000003 0.0 0.0 0.0 -29562.441473572893
2.2250000000000005 0.0 0.0 0.0 -30937.196546502833
2.2750000000000004 0.0 0.0 0.0 -32343.196052908443
2.325 0.0 0.0 0.0 -33780.43999278975
2.3750000000000004 0.0 0.0 0.0 -35248.92836614673
2.4250000000000003 0.0 0.0 0.0 -36748.66117297937
2.4750000000000005 0.0 0.0 0.0 -38279.638413287714
2.5250000000000004 0.0 0.0 0.0 -39841.86008707173
2.5750000000000006 0.0 0.0 0.0 -41435.32619433143
2.6250000000000004 0.0 0.0 0.0 -43060.03673506681
2.6750000000000003 0.0 0.0 0.0 -44715.99170927786
2.7250000000000005 0.0 0.0 0.0 -46403.19111696461
2.7750000000000004 0.0 0.0 0.0 -48121.63495812702
2.8250000000000006 0.0 0.0 0.0 -49871.32323276513
2.8750000000000004 0.0 0.0 0.0 -51652.25594087891
2.9250000000000003 3.740804652160099e-05 4.166666666666667e-06 0.00020109775112645947 -53462.43308246838
2.9750000000000005 0.0007593858098467965 9.166666666666667e-05 0.004223052773655649 -55265.854657533506
3.0250000000000004 0.013605556224833887 0.0017125 0.07822702518819274 -56404.52066607433
3.0750000000000006 0.14258290230431223 0.019264583333333335 0.8471242766202105 -50663.43110809084
3.1250000000000004 0.8510364818778053 0.1274625 5.222005852376336 -9090.58598358302
3.1750000000000007 2.8425729721401622 0.5005145833333333 18.004784402729733 116071.01470744913
3.2250000000000005 5.770688690087733 1.2818854166666667 37.71166017099382 310064.3709650056
3.2750000000000004 7.270891612191249 2.297152083333333 49.00028243047762 420303.48278908635
3.3250000000000006 6.015214242996043 3.162925 41.785196766686944 346484.35017969145
3.3750000000000004 3.4599453084415477 3.67600625 24.763076524836656 175098.97313682086
3.4250000000000007 1.4682152146955763 3.9002291666666666 10.821773830243725 34322.3516604746
3.4750000000000005 0.4730420983091661 3.9745958333333333 3.5891926621050487 -39764.514249347354
3.525000000000001 0.1206347270652665 3.9941104166666666 0.941841317400773 -68280.62459264496
3.5750000000000006 0.027370853237630846 3.9986645833333334 0.21979984198122018 -77679.97936941826
3.6250000000000004 0.005553148475445448 3.9996145833333334 0.04585028725683276 -81659.57857966724
3.6750000000000007 0.0009360586375438055 3.999779166666667 0.00794336116949515 -84317.42222339193
3.7250000000000005 9.226314663077952e-05 3.999795833333333 0.0008043910045058379 -86700.51030059226
3.775000000000001 2.245882776663806e-05 3.9998 0.00020109775112645947 -89049.84281126827
3.8250000000000006 0.0 3.9998 0.0 -91426.41975542002
3.8750000000000004 0.0 3.9998 0.0 -93832.2411330474
3.9250000000000007 0.0 3.9998 0.0 -96269.30694415046
3.9750000000000005 0.0 3.9998 0.0 -98737.6171887292
4.025000000000001 0.0 3.9998 0.0 -101237.17186678364
4.075000000000001 0.0 3.9998 0.0 -103767.97097831374
4.125000000000001 0.0 3.9998 0.0 -106330.01452331954
4.175000000000002 0.0 3.9998 0.0 -108923.302501801
4.225000000000001 1.7929527736206403e-05 3.999804166666667 0.00020109775112645947 -111545.83491375817
4.275000000000001 0.0004290582341942136 3.99990625 0.004926894902598257 -114154.61175919096
4.325000000000001 0.0059286187608730175 4.00135 0.06968037076531819 -116197.63303809949
4.375000000000001 0.05553098531452819 4.0151875 0.667845631490972 -112966.8987504837
4.425000000000002 0.3029542500131982 4.092414583333333 3.727246268253363 -85289.40889634356
4.475000000000001 1.0269047389387036 4.360135416666667 12.9211338031284 3366.8365243208973
4.525000000000001 2.224958292392291 4.95323125 28.62485718859362 156734.83751150966
4.575000000000001 3.2258642637239374 5.8322416666666665 42.42408432201571 291130.5940652228
4.625000000000001 3.216874081389511 6.728066666666667 43.235614296686535 296327.1061854601
4.675000000000002 2.3028948269332283 7.383310416666666 31.624330695520324 177942.37387222185
4.725000000000001 1.283097579783661 7.756241666666667 17.998952567947065 39495.39712550794
4.775000000000001 0.7372412248325516 7.975079166666666 10.56185498691278 -37437.824054681725
4.825000000000001 0.7610017910617277 8.205725 11.131766013605164 -34769.289668347046
4.875000000000001 1.1893003860909719 8.573689583333334 17.759244048604327 28113.000284512003
4.925000000000002 1.8029984600345232 9.14303125 27.478398909421678 121712.04580389534
4.975000000000001 2.3992346856283224 9.916110416666667 37.31147564625216 216412.84688980295
5.025000000000001 2.8146278967059506 10.841358333333334 44.65566606626603 286329.4035422349
5.075000000000001 3.0068293227028797 11.84955625 48.65912009569158 322989.7157611912
5.125000000000002 2.9598576714410108 12.86165625 48.84744813962151 321675.7835466718
5.175000000000002 2.710815263668555 13.806772916666667 45.614600692512546 286305.6068986767
5.225000000000001 2.2726343628052015 14.614504166666666 38.98390509349536 217111.18581720593
5.275000000000001 1.6583977712809777 15.215260416666666 28.99457540403961 114482.52030225957
5.325000000000001 1.0265395729648892 15.594208333333333 18.289337720573673 4702.610353837401
5.375000000000002 0.5255364006616517 15.791870833333334 9.53987621568811 -85657.54402806037
5.425000000000002 0.2260236687441508 15.878470833333333 4.179615659412334 -142341.94284343385
5.475000000000001 0.10672363371914613 15.92011875 2.0100725713845256 -167324.58609228305
5.525000000000001 0.12879518421883968 15.971302083333333 2.470284774837428 -166184.47377460785
5.575000000000001 0.3218299094137821 16.101522916666667 6.284908015955238 -131714.6058904084
5.625000000000002 0.7208123237795457 16.3984375 14.33012519639594 -55200.982439684565
5.675000000000002 1.2665552086070564 16.92946875 25.62940563668944 53644.396577563544
5.725000000000001 1.739347228320456 17.671635416666668 35.819531430644965 151427.531161336
5.775000000000001 1.8295191635447439 18.465972916666665 38.33747637249936 172876.42131163273
5.825000000000001 1.49331273920881 19.1256125 31.836488822958742 104597.0670284538
5.875000000000002 0.9627952249490651 19.558239583333332 20.88008004833585 -8024.531688200805
5.925000000000002 0.4887443101211571 19.781608333333335 10.780548791262802 -112155.37483833107
5.975000000000001 0.20204808179898087 19.875514583333334 4.532240566012581 -178015.46242193703
6.025000000000001 0.08200501171323701 19.91426875 1.8704101832271993 -208237.79443901865
6.075000000000002 0.07246974729739897 19.9490875 1.6804733572882586 -213907.37088957604
6.125000000000002 0.14733044868408807 20.02104375 3.472857613078392 -199893.19177360903
6.175000000000002 0.32518273590769897 20.182466666666667 7.79082852526573 -160792.25709111767
6.225000000000001 0.632592500567573 20.501595833333333 15.402277856526657 -88967.56684210204
6.275000000000001 1.0494680985409117 21.03956875 25.964434490066125 12171.87897343791
6.325000000000002 1.4983764296569109 21.819947916666667 37.663798906225715 124590.08035550217
6.375000000000002 1.9475195804475005 22.850347916666667 49.73066946256892 240632.03730409077
6.425000000000002 2.415338855122721 24.1483875 62.64788185955036 365099.74981920375
6.475000000000001 2.8803375229129675 25.720510416666666 75.87609192864886 492629.2179008409
6.525000000000001 3.135380994784292 27.458370833333333 83.87515717520603 568121.4415490024
6.575000000000002 2.8996510024907027 29.090297916666668 78.76244795056694 513180.4207636884
6.625000000000002 2.1965163458389836 30.345372916666665 60.57426239880987 328167.15554489853
6.675000000000002 1.3706954667221123 31.140445833333334 38.37297012557318 103210.64589263307
6.725000000000001 0.7768095224692717 31.59781041666667 22.07399739677364 -63076.10819310811
6.775000000000001 0.5060330231602789 31.900195833333335 14.594166543624977 -141684.1067123249
6.825000000000002 0.5496595682369586 32.23351666666667 16.08721679686338 -131084.3496650175
6.875000000000002 0.8735509747259965 32.771039583333334 25.942715932944466 -37347.83705118566
6.925000000000002 1.3653392842069902 33.62343958333334 41.139773534446576 109481.43112917047
6.975000000000001 1.7695593128281983 34.74421041666667 54.0922785867507 233956.45487605082
7.025000000000002 1.8839430885754516 35.954595833333336 58.417388469103024 272597.23418945563
7.075000000000002 1.7713426801199033 37.108895833333335 55.71051219006532 241270.76906938467
7.125000000000002 1.7180629267470129 38.24435625 54.80124870834703 227791.05951583805
7.175000000000002 1.8580973337814075 39.489660416666666 60.10268817241832 276048.10552881577
7.225000000000001 2.080907570275003 40.90379791666667 68.25116904806245 352588.90710831777
7.275000000000002 2.139870205861128 42.378202083333335 71.15984692035556 376986.4642543442
7.325000000000002 1.9367607289181585 43.73106666666666 65.29392606887231 314085.77696689474
7.375000000000002 1.5602760915287854 44.835879166666665 53.32207419993637 190427.84524596983
7.425000000000002 1.1852873615507975 45.68658541666667 41.058027298613666 63832.66909156914
7.475000000000001 0.8885194288048502 46.3329125 31.1939815081097 -38924.75149630726
7.525000000000002 0.6661383490696967 46.82397916666667 23.700576556760005 -118136.41651765932
7.575000000000002 0.4872878107728575 47.187989583333334 17.568402282785314 -183841.32597248704
7.625000000000002 0.3279711617177906 47.436233333333334 11.981102365487766 -244158.47986079042
7.675000000000002 0.20331659340906988 47.59215 7.525077847152113 -293255.8781825695
7.725000000000001 0.12187472080397552 47.68683333333333 4.569745296597665 -327459.5209378244
7.775000000000002 0.10080995064667679 47.76616875 3.8290017303233514 -339669.40812655474
7.825000000000002 0.18739258084983346 47.91554583333333 7.209454926759135 -310923.53974876093
7.875000000000002 0.42561101291398457 48.25916458333333 16.584229888772423 -222592.91580444266
7.925000000000002 0.7679788520224847 48.88709375 30.306034388010822 -91060.53629360028
7.975000000000002 1.0227750762291006 49.73393958333333 40.871710232195 9051.598783766618
8.025000000000002 1.008964187456773 50.579858333333334 40.82696598256936 3607.4894276577397
8.075000000000001 0.7531858082202889 51.219225 30.858047714852955 -100567.8643619268
8.125000000000002 0.46259689960516137 51.61679375 19.18804357035782 -221692.46258498705
8.175000000000002 0.2954204795420765 51.87382083333333 12.405016424862342 -294245.30524152296
8.225000000000001 0.2721515563307224 52.113508333333336 11.568148133549581 -307692.3923315346
8.275000000000002 0.36266142900208087 52.43680416666667 15.603375607653117 -272715.7238550218
8.325000000000003 0.5319218454698299 52.91673541666667 23.163142816874544 -202717.29981198465
8.375000000000002 0.778054643775174 53.6272 34.28947919119929 -97279.12020242336
8.425000000000002 1.066805852343519 54.612997916666664 47.57801858563574 29631.814973662433
8.475000000000001 1.3634760657262261 55.8879375 61.532995927305265 163139.50571627246
8.525000000000002 1.619529360363889 57.420225 73.95349687900435 281354.9520254067
8.575000000000003 1.789635104065737 59.133375 82.68254696215057 362826.1539010654
8.625000000000002 1.8700043200369048 60.94439583333333 87.40613203835998 404430.1113432484
8.675000000000002 1.829055274643059 62.73635625 86.48621037583199 389875.8243519557
8.725000000000001 1.650389284560273 64.37196666666667 78.94021836256272 309391.2929271872
8.775000000000002 1.3785121948289456 65.7538375 66.69386806333917 182128.51706894318
8.825000000000003 1.1243526062945575 66.89381041666667 55.01903757281699 60518.49677722348
8.875000000000002 0.9882978822316338 67.907225 48.91089448010191 -5759.767947971879
8.925000000000002 1.0013675717502286 68.94564375 50.1176820846118 680.7228933570441
8.975000000000001 1.061294891298018 70.05857291666666 53.7138126191307 30852.969301210192
9.025000000000002 1.050850961467657 71.1728625 53.779471034873495 25881.971275587683
9.075000000000003 0.9463281400523345 72.18746875 48.96840843692408 -27621.271183510427
9.125000000000002 0.7995579508574361 73.0541875 41.83084595619265 -104293.75807608431
9.175000000000002 0.6558841581353625 73.77297708333333 34.69127249794996 -181017.48940213374
9.225000000000001 0.536293333841502 74.36712916666667 28.675835468504175 -246592.46516165894
9.275000000000002 0.42871040000991445 74.84725416666667 23.172493862301927 -307105.6853546598
9.325000000000003 0.33323263594408786 75.22448541666667 18.20648544710957 -362306.1499811362
9.375000000000002 0.2498798937088923 75.5104 13.799227133422086 -411980.8590410885
9.425000000000002 0.19012822268386834 75.73027291666666 10.611827778067703 -449554.81253451644
9.475000000000001 0.15908049450318473 75.91619791666666 8.973383850764876 -471755.01046142005
9.525000000000002 0.15468956750454935 76.09890416666667 8.818035838019686 -479236.45282179944
9.575000000000003 0.17322823552089367 76.30566041666667 9.97877205752161 -473660.13961565436
9.625000000000002 0.20957430645105837 76.55841666666667 12.19889122995772 -457579.07084298483
9.675000000000002 0.27242984286209493 76.89040208333333 16.02276496762735 -425579.2465037912
9.725000000000001 0.36747432717870016 77.34285 21.836702050444416 -373818.6665980732
9.775000000000002 0.4935802155181013 77.95682916666667 29.632759117239434 -302376.3311258309
9.825000000000003 0.6300589325956144 78.74861666666666 38.21440454880996 -223152.24008706422
9.875000000000002 0.7457594488643909 79.69536666666667 45.69343101095412 -154925.39348177332
9.925000000000002 0.7905768561965804 80.70920208333334 48.93120535296568 -128910.79130995786
9.975000000000001 0.7428798764627534 81.67149375 46.44352562265582 -159869.43357161828
10.025000000000002 0.6374145261080392 82.50546875 40.25051927896537 -227710.32026675437
10.075000000000003 0.5305467785073303 83.2065625 33.83721034891588 -297773.4513953662
10.125000000000002 0.47237957843581135 83.83700208333333 30.427195783064516 -337998.8269574536
10.175000000000002 0.5069259750768312 84.52024583333333 32.975707583090134 -318995.4469530168
10.225000000000003 0.6314899504464252 85.37976458333333 41.483349042246125 -240757.31138205552
10.275000000000002 0.7865033922556619 86.46076666666667 52.17290110112421 -140850.42024457
10.325000000000003 0.8757568636191001 87.67618541666667 58.66031455246379 -82766.77354056027
10.375000000000002 0.8574690309714043 88.87777708333333 57.99297166535064 -95871.37127002608
10.425000000000002 0.7845754041849522 89.98784375 53.57565846410682 -146302.21343296743
