0.025 0.0 0.0 0.0 -3.4681105507920895
0.07500000000000001 0.0 0.0 0.0 -24.27677385554463
0.12500000000000003 0.0 0.0 0.0 -65.8941004650497
0.17500000000000002 0.0 0.0 0.0 -128.32009037930735
0.22500000000000003 0.0 0.0 0.0 -211.5547435983175
0.2750000000000001 0.0 0.0 0.0 -315.5980601220802
0.32500000000000007 0.0 0.0 0.0 -440.45003995059545
0.3750000000000001 0.0 0.0 0.0 -586.1106830838631
0.4250000000000001 0.0 0.0 0.0 -752.5799895218835
0.4750000000000001 0.0 0.0 0.0 -939.8579592646564
0.5250000000000001 0.0 0.0 0.0 -1147.9445923121816
0.5750000000000002 0.0 0.0 0.0 -1376.8398886644595
0.6250000000000001 0.0 0.0 0.0 -1626.5438483214903
0.6750000000000002 0.0 0.0 0.0 -1897.0564712832734
0.7250000000000002 0.0 0.0 0.0 -2188.377757549809
0.7750000000000001 0.0 0.0 0.0 -2500.5077071210967
0.8250000000000002 0.0 0.0 0.0 -2833.446319997137
0.8750000000000002 0.0 0.0 0.0 -3187.193596177931
0.9250000000000002 0.0 0.0 0.0 -3561.7495356634763
0.9750000000000002 0.0 0.0 0.0 -3957.114138453774
1.0250000000000001 0.0 0.0 0.0 -4373.287404548826
1.0750000000000002 0.0 0.0 0.0 -4810.269333948628
1.1250000000000002 0.0 0.0 0.0 -5268.059926653184
1.175 0.0 0.0 0.0 -5746.659182662494
1.225 0.0 0.0 0.0 -6246.067101976553
1.2750000000000001 0.0 0.0 0.0 -6766.283684595367
1.3250000000000002 0.0 0.0 0.0 -7307.308930518933
1.3750000000000002 0.0 0.0 0.0 -7869.142839747253
1.4250000000000003 0.0 0.0 0.0 -8451.785412280326
1.475 0.0 0.0 0.0 -9055.236648118147
1.5250000000000001 0.0 0.0 0.0 -9679.496547260724
1.5750000000000002 0.0 0.0 0.0 -10324.565109708052
1.6250000000000002 0.0 0.0 0.0 -10990.442335460133
1.6750000000000003 0.0 0.0 0.0 -11677.128224516968
1.7250000000000003 0.0 0.0 0.0 -12384.622776878554
1.7750000000000004 0.0 0.0 0.0 -13112.925992544893
1.8250000000000002 0.0 0.0 0.0 -13862.037871515984
1.8750000000000002 0.00225533719183447 6.875e-05 0.004982182471316414 -14598.958413791826
1.9250000000000003 0.1951021815562417 0.0063375 0.4542844562482149 -12413.687619372426
1.9750000000000003 2.7754326827965867 0.10020625 6.802490776063748 28822.774511742224
2.0250000000000004 11.648150534379141 0.5143604166666667 30.012969157662887 181727.42797955213
2.075 19.052689579797182 1.22565 51.54581082346602 323499.27278405725
2.1250000000000004 18.57064685228604 1.95275625 52.692014742321604 330217.30892525765
2.1750000000000003 20.901986484405537 2.81010625 62.130532971390956 391839.5364031533
2.2250000000000005 29.374717750624903 4.07101875 91.37594407801829 584633.9552177442
2.2750000000000004 32.59911009364762 5.533933333333334 106.01465300533076 680658.5653690303
2.325 25.607804889446985 6.734172916666667 86.97909255946836 553617.3668570117
2.3750000000000004 14.668481682750768 7.451572916666667 51.98862116250757 320876.35968168837
2.4250000000000003 6.5051496539528095 7.783260416666667 24.036765795705644 134735.5438430602
2.4750000000000005 2.278293568502753 7.9042666666666666 8.769094075196097 32588.919341127345
2.5250000000000004 0.7116768795982715 7.943608333333334 2.8510161754042174 -7650.513824110276
2.5750000000000006 0.19129753381087622 7.95460625 0.7969982201842227 -22316.755652652657
2.6250000000000004 0.042332387417746635 7.957135416666667 0.18328392485388265 -27463.80614449979
2.6750000000000003 0.009972913533381467 7.957754166666667 0.04483964224184772 -29483.66529965167
2.7250000000000005 0.0019738332410174936 7.95788125 0.009209488810615188 -30843.333118108312
2.7750000000000004 0.0005928457324067738 7.9579208333333336 0.0028685293016670263 -32029.809599869703
2.8250000000000006 0.00021075389992579252 7.9579354166666665 0.001056826584824694 -33207.09474493584
2.8750000000000004 0.0 7.9579354166666665 0.0 -34400.18855330674
2.9250000000000003 0.0 7.9579354166666665 0.0 -35607.091024982394
2.9750000000000005 0.0 7.9579354166666665 0.0 -36834.80215996279
3.0250000000000004 0.0 7.9579354166666665 0.0 -38083.32195824794
3.0750000000000006 0.0 7.9579354166666665 0.0 -39352.650419837846
3.1250000000000004 0.0 7.9579354166666665 0.0 -40642.7875447325
3.1750000000000007 0.00023835781003428414 7.95795625 0.0015097522640352772 -41943.733332931915
3.2250000000000005 0.0019406042140110394 7.95813125 0.012681919017896327 -43201.48778443607
3.2750000000000004 0.016420967879052218 7.9596583333333335 0.1106648409537858 -43905.05089924499
3.3250000000000006 0.07378602534867097 7.96673125 0.5125608936399765 -42616.422677358656
3.3750000000000004 0.2692930615820699 7.993327083333333 1.9273497402674347 -34639.60311877708
3.4250000000000007 0.81297661892956 8.076014583333333 5.992206735956015 -9130.59222350025
3.4750000000000005 1.9599099739675692 8.28121875 14.870757850294671 48241.61000847182
3.525000000000001 3.7420187068188193 8.684366666666667 29.21536703657305 141798.00357713914
3.5750000000000006 5.687303244504548 9.314595833333334 45.67151573933116 249319.58848250174
3.6250000000000004 6.831529039229457 10.09294375 56.40540141094277 318918.36472455953
3.6750000000000007 6.756907296873712 10.884172916666667 57.33888123579578 323582.3323033126
3.7250000000000005 5.827783866398313 11.585297916666667 50.80920269384321 278792.4912187609
3.775000000000001 4.824698778324451 12.18143125 43.200655184011026 226835.84147090447
3.8250000000000006 4.189400637062448 12.712870833333334 38.51242147850228 194201.38305974327
3.8750000000000004 3.561614496173031 13.1765625 33.60285809108597 160080.11598527734
3.9250000000000007 2.6439695299568147 13.529725 25.593018429473208 105403.04024750662
3.9750000000000005 1.6164061483770977 13.75116875 16.04760974011017 40534.15584643118
4.025000000000001 0.7695383858648629 13.8592625 7.833349621947035 -15538.537217949022
4.075000000000001 0.2872417313691223 13.90061875 2.9970092193364284 -49258.03894563396
4.125000000000001 0.0862101233304609 13.9133375 0.9217037571935367 -64710.34933662368
4.175000000000002 0.05242446368803341 13.921260416666666 0.5741587860126158 -68739.46839091815
4.225000000000001 0.1810193605692485 13.949277083333333 2.0303148446746406 -60842.396108517365
4.275000000000001 0.6168490024064559 14.047020833333333 7.083304697174309 -29142.132489421318
4.325000000000001 1.498843701610651 14.290110416666666 17.61624234244282 38834.32246636995
4.375000000000001 2.480497150434132 14.701764583333333 29.831798885978653 117934.96875885648
4.425000000000002 2.8358136084496763 15.183204166666666 34.88901604481762 149600.80638803827
4.475000000000001 2.3880709223857433 15.59784375 30.04814638541491 115684.83535391529
4.525000000000001 1.6654003718868167 15.893504166666666 21.42595120550944 56702.05565648756
4.575000000000001 1.4357032097488833 16.15405 18.881263764477985 37953.46729575508
4.625000000000001 1.9574170444835404 16.51708125 26.30818807694672 85232.07027171782
4.675000000000002 3.123898689233594 17.10904791666667 42.89870473120397 193185.86458437587
4.725000000000001 4.590829287821181 17.9977 64.39893574810395 333638.8502337291
4.775000000000001 5.843053177294032 19.152810416666668 83.70866720511513 459562.0272197776
4.825000000000001 6.332550700214376 20.43104375 92.63115211033724 516663.3955425214
4.875000000000001 5.804126502537849 21.627020833333333 86.67019724624674 475161.9552019604
4.925000000000002 4.491972740374557 22.571704166666667 68.45941446222683 352501.70619809465
4.975000000000001 2.9208198883767262 23.198502083333334 45.42285954144456 197856.64853092414
5.025000000000001 1.6252214453500313 23.554314583333333 25.785058917458496 65702.78220044888
5.075000000000001 0.7714045536362178 23.726577083333332 12.483537570402092 -24502.89279333112
5.125000000000002 0.3102970715530767 23.797241666666668 5.120928704381256 -75392.37645041589
5.175000000000002 0.10632125267330214 23.821929166666667 1.7890564328818033 -99604.66877080541
5.225000000000001 0.03200175470880772 23.829504166666666 0.5489459232032268 -109982.76975449966
5.275000000000001 0.008082644738383734 23.831454166666667 0.14131281191370193 -114867.67940149867
5.325000000000001 0.0021184753489763538 23.831975 0.037743806600881925 -117759.39771180245
5.375000000000002 0.000723577418542998 23.83215625 0.01313484469710691 -120148.92468541097
5.425000000000002 0.0022778622912697603 23.8327375 0.042122088166584234 -122204.26032232423
5.475000000000001 0.017346498073889986 23.837245833333334 0.32671038993723395 -122587.40462254228
5.525000000000001 0.08901895598285434 23.86080625 1.707378835397495 -115731.35758606505
5.575000000000001 0.33771905480892617 23.951814583333334 6.5952017902117035 -85666.11921289256
5.625000000000002 0.9093968178018175 24.20129375 18.079283361822444 -11930.689503024856
5.675000000000002 1.7803052862495448 24.698414583333335 36.02540657395697 104585.93154353808
5.725000000000001 2.5897798952139626 25.434366666666666 53.333055553630984 216852.7439267963
5.775000000000001 2.8367204200694687 26.254635416666666 59.44332491663456 254931.74764674978
5.825000000000001 2.3831136629277183 26.955722916666666 50.80648513976795 195310.94270339847
5.875000000000002 1.5356466965757862 27.415283333333335 33.30347421712777 76943.32909674244
5.925000000000002 0.7716711596834692 27.6501625 17.02124897518652 -33359.09317321837
5.975000000000001 0.30940791454187877 27.745935416666665 6.940482132996572 -102606.32410648392
6.025000000000001 0.10347884059751927 27.778504166666668 2.360195714366349 -135441.36370305423
6.075000000000002 0.03409678090490677 27.789414583333333 0.7906572606752745 -148355.2119629293
6.125000000000002 0.033997120735118444 27.800472916666667 0.8013765017499251 -150822.86888610912
6.175000000000002 0.10227465997812851 27.834285416666667 2.4503279245292546 -142460.33447259365
6.225000000000001 0.29764257963849233 27.9342875 7.246961842595733 -113269.60872238295
6.275000000000001 0.6949278356954852 28.171535416666668 17.19290780760733 -49992.69163547704
6.325000000000002 1.274265325469114 28.613529166666666 32.03045110809323 45663.41678812416
6.375000000000002 1.840137394819252 29.26193333333333 46.98862361447554 142097.71654842055
6.425000000000002 2.103535720544481 30.014822916666667 54.560484144291664 189587.2076454122
6.475000000000001 1.915309079729377 30.711054166666667 50.45456188702132 159706.8900790992
6.525000000000001 1.3881655869381093 31.2234875 37.1350744880229 68778.76384948133
6.575000000000002 0.8029117231315669 31.5244375 21.809277305347997 -35459.17104344125
6.625000000000002 0.37768135821415055 31.6681625 10.415478919126569 -113673.91459966855
6.675000000000002 0.14630900075041778 31.724683333333335 4.095957892327707 -158299.46681920066
6.725000000000001 0.04562267084281646 31.742572916666667 1.2964242691270924 -179630.82770203752
6.775000000000001 0.011736560969375606 31.74724375 0.33848645759670914 -188784.9972481791
6.825000000000002 0.002378041847149155 31.748204166666667 0.06959957937202627 -193395.97545762543
6.875000000000002 0.000411778361160746 31.748372916666668 0.012228993338685745 -196626.76233037657
6.925000000000002 7.515807326145765e-05 31.748404166666667 0.0022646283960529156 -199564.35786643237
6.975000000000001 1.9755841304429422e-05 31.7484125 0.0006039009056141108 -202467.762065793
7.025000000000002 0.0 31.7484125 0.0 -205384.97492845834
7.075000000000002 0.0 31.7484125 0.0 -208318.99645442844
7.125000000000002 0.0 31.7484125 0.0 -211273.8266437033
7.175000000000002 0.0 31.7484125 0.0 -214249.46549628294
7.225000000000001 0.0 31.7484125 0.0 -217245.9130121673
7.275000000000002 0.0 31.7484125 0.0 -220263.16919135637
7.325000000000002 0.0 31.7484125 0.0 -223301.2340338503
7.375000000000002 0.0 31.7484125 0.0 -226360.1075396489
7.425000000000002 0.0 31.7484125 0.0 -229439.78970875227
7.475000000000001 0.0 31.7484125 0.0 -232540.2805411604
7.525000000000002 0.0 31.7484125 0.0 -235661.58003687332
7.575000000000002 0.0 31.7484125 0.0 -238803.68819589095
7.625000000000002 0.0 31.7484125 0.0 -241966.60501821333
7.675000000000002 0.0 31.7484125 0.0 -245150.33050384047
7.725000000000001 0.0 31.7484125 0.0 -248354.86465277235
7.775000000000002 0.0 31.7484125 0.0 -251580.20746500898
7.825000000000002 0.0 31.7484125 0.0 -254826.35894055036
7.875000000000002 0.0 31.7484125 0.0 -258093.31907939652
7.925000000000002 0.0 31.7484125 0.0 -261381.08788154746
7.975000000000002 0.0 31.7484125 0.0 -264689.6653470031
8.025000000000002 0.0 31.7484125 0.0 -268019.0514757635
8.075000000000001 0.0 31.7484125 0.0 -271369.2462678287
8.125000000000002 0.0 31.7484125 0.0 -274740.2497231986
8.175000000000002 0.0 31.7484125 0.0 -278132.0618418733
8.225000000000001 0.0 31.7484125 0.0 -281544.68262385274
8.275000000000002 0.0 31.7484125 0.0 -284978.11206913687
8.325000000000003 0.0 31.7484125 0.0 -288432.3501777257
8.375000000000002 0.0 31.7484125 0.0 -291907.39694961946
8.425000000000002 1.0155609241877744e-05 31.74841875 0.0004529256792105831 -295400.25238481787
8.475000000000001 8.028906297830824e-05 31.74846875 0.0036234054336846647 -298895.916483321
8.525000000000002 0.00023474381028415706 31.748616666666667 0.010719241074650466 -302386.38924512896
8.575000000000003 0.0010097522108041788 31.749260416666665 0.04665134495869006 -305706.67067024164
8.625000000000002 0.003459360867010554 31.751491666666666 0.16169446747817817 -308523.7607586591
8.675000000000002 0.009993784711697012 31.7580125 0.4725524586430417 -310064.6595103813
8.725000000000001 0.02660855779127904 31.775575 1.2727211585817386 -308385.36692540825
8.775000000000002 0.0615465014049014 31.816664583333335 2.977684390356777 -300733.8830037399
8.825000000000003 0.12384949438582799 31.90029375 6.0604475382904095 -283977.20774537633
8.875000000000002 0.21720406190555672 32.048627083333336 10.749436119931172 -256602.34115031757
8.925000000000002 0.3355109861572957 32.28034375 16.792068581505966 -220282.28321856348
8.975000000000001 0.4601781588722373 32.60173125 23.290344276366604 -180965.03395011416
9.025000000000002 0.5720630975916839 33.00572291666667 29.27651200326648 -145060.59334496973
9.075000000000003 0.646359006449248 33.46725416666666 33.446296781305506 -121207.96140312986
9.125000000000002 0.6690413747408052 33.950260416666666 35.00254941507307 -114687.13812459481
9.175000000000002 0.6401758328593806 34.41750625 33.86042182733039 -126060.12350936455
9.225000000000001 0.569192067374012 34.83748333333333 30.434944915460743 -152577.91755743907
9.275000000000002 0.481209637674379 35.19640208333333 26.01016298002616 -185735.52026881825
9.325000000000003 0.4253759573491468 35.51710625 23.24082440210625 -207948.9316435022
9.375000000000002 0.44437864659980736 35.85573958333333 24.540117200535008 -203234.15168149094
9.425000000000002 0.5683028956367262 36.29343958333333 31.719291166475553 -159594.1803827844
9.475000000000001 0.7514981322425951 36.878391666666666 42.390371143903295 -92846.01774738263
9.525000000000002 0.9024763251862392 37.58829583333333 51.44541229790768 -36822.66377528565
9.575000000000003 0.9006709281345705 38.3042375 51.8829385040251 -37899.118466493324
9.625000000000002 0.7307577331403965 38.89119791666667 42.535911262156304 -103805.38182100584
9.675000000000002 0.49377191796718845 39.2919375 29.04083967485057 -197207.45383882313
9.725000000000001 0.2706813519640268 39.513895833333336 16.084900621031842 -287059.33451994514
9.775000000000002 0.12093084521097666 39.61408125 7.260247662519243 -349568.0238643718
9.825000000000003 0.045724112008815494 39.65235 2.7732639338064002 -383366.52187210333
9.875000000000002 0.018460712272760527 39.66795833333333 1.1311063962152295 -398342.82854313956
9.925000000000002 0.012833117586629975 39.67891875 0.7942806661089592 -404693.9438774805
9.975000000000001 0.016411658572863096 39.693077083333336 1.0260276386383742 -407299.8678751263
10.025000000000002 0.027636078782991482 39.71715833333333 1.7451226419983767 -406698.6005360768
10.075000000000003 0.04354699796990912 39.75548333333333 2.7773402649192955 -404044.14186033205
10.125000000000002 0.06635985440062414 39.81446666666667 4.274410609936677 -398331.4918478922
10.175000000000002 0.09956653731218973 39.903841666666665 6.476837212711339 -387967.65049875685
10.225000000000003 0.14043490696073466 40.03114375 9.22534120938756 -374007.6178129263
10.275000000000002 0.18807706789383188 40.20330416666667 12.47613978430832 -356741.3937904007
10.325000000000003 0.24112788973852822 40.426179166666664 16.151329720649393 -336684.9784311797
10.375000000000002 0.29760317468592995 40.703925 20.12771523366551 -314654.37173526356
10.425000000000002 0.3554140970550298 41.038829166666666 24.269871545272693 -291546.57370265195
