0.025 0.0 0.0 0.0 -5.2158198047345605
0.07500000000000001 0.0 0.0 0.0 -36.51073863314192
0.12500000000000003 0.0 0.0 0.0 -99.10057628995665
0.17500000000000002 0.0 0.0 0.0 -192.98533277517876
0.22500000000000003 0.0 0.0 0.0 -318.16500808880824
0.2750000000000001 0.0 0.0 0.0 -474.63960223084507
0.32500000000000007 0.0 0.0 0.0 -662.4091152012893
0.3750000000000001 0.0 0.0 0.0 -881.4735470001409
0.4250000000000001 0.0 0.0 0.0 -1131.8328976273997
0.4750000000000001 0.0 0.0 0.0 -1413.487167083066
0.5250000000000001 0.0 0.0 0.0 -1726.4363553671396
0.5750000000000002 0.0 0.0 0.0 -2070.680462479621
0.6250000000000001 0.0 0.0 0.0 -2446.219488420509
0.6750000000000002 0.0 0.0 0.0 -2853.0534331898048
0.7250000000000002 0.0 0.0 0.0 -3291.1822967875078
0.7750000000000001 0.0 0.0 0.0 -3760.6060792136177
0.8250000000000002 0.0 0.0 0.0 -4261.324780468135
0.8750000000000002 0.0 0.0 0.0 -4793.338400551062
0.9250000000000002 0.0 0.0 0.0 -5356.646939462394
0.9750000000000002 0.0 0.0 0.0 -5951.250397202133
1.0250000000000001 0.0 0.0 0.0 -6577.148773770282
1.0750000000000002 0.0 0.0 0.0 -7234.342069166834
1.1250000000000002 0.0 0.0 0.0 -7922.830283391798
1.175 0.0 0.0 0.0 -8642.613416445169
1.225 0.0 0.0 0.0 -9393.691468326944
1.2750000000000001 0.0 0.0 0.0 -10176.064439037127
1.3250000000000002 0.0 0.0 0.0 -10989.73232857572
1.3750000000000002 0.0 0.0 0.0 -11834.695136942719
1.4250000000000003 0.0 0.0 0.0 -12710.952864138126
1.475 0.0 0.0 0.0 -13618.50551016194
1.5250000000000001 0.0 0.0 0.0 -14557.353075014162
1.5750000000000002 0.0 0.0 0.0 -15527.495558694789
1.6250000000000002 0.0 0.0 0.0 -16528.932961203824
1.6750000000000003 0.0 0.0 0.0 -17561.665282541264
1.7250000000000003 0.0 0.0 0.0 -18625.692522707115
1.7750000000000004 0.0 0.0 0.0 -19721.014681701374
1.8250000000000002 0.0 0.0 0.0 -20847.63175952404
1.8750000000000002 0.0 0.0 0.0 -22005.543756175113
1.9250000000000003 0.0 0.0 0.0 -23194.75067165459
1.9750000000000003 0.0 0.0 0.0 -24415.25250596248
2.0250000000000004 0.0 0.0 0.0 -25667.049259098774
2.075 0.0 0.0 0.0 -26950.140931063477
2.1250000000000004 0.0 0.0 0.0 -28264.527521856588
2.1750000000000003 0.0 0.0 0.0 -29610.209031478098
2.2250000000000005 0.0 0.0 0.0 -30987.185459928027
2.2750000000000004 0.0 0.0 0.0 -32395.456807206352
2.325 0.0 0.0 0.0 -33835.023073313096
2.3750000000000004 0.0 0.0 0.0 -35305.88425824825
2.4250000000000003 0.0 0.0 0.0 -36808.040362011794
2.4750000000000005 0.0 0.0 0.0 -38341.49138460376
2.5250000000000004 0.0 0.0 0.0 -39906.23732602412
2.5750000000000006 0.0 0.0 0.0 -41502.278186272895
2.6250000000000004 0.0 0.0 0.0 -43129.61396535008
2.6750000000000003 0.0 0.0 0.0 -44788.24466325566
2.7250000000000005 0.0 0.0 0.0 -46478.17027998967
2.7750000000000004 0.0 0.0 0.0 -48199.39081555207
2.8250000000000006 0.0 0.0 0.0 -49951.90626994288
2.8750000000000004 0.0 0.0 0.0 -51735.71664316211
2.9250000000000003 5.60215490927413e-05 6.25e-06 0.0003011600065955186 -53547.82193520974
2.9750000000000005 0.0010289324589180234 0.000125 0.005722040125314853 -55340.22214608576
3.0250000000000004 0.016935860340561566 0.0021458333333333334 0.09737506879921767 -56304.91727579021
3.0750000000000006 0.1632200447169528 0.022270833333333333 0.9697352212375699 -49523.90732432305
3.1250000000000004 0.9142206695073559 0.13868958333333334 5.609707442854726 -5243.192291684318
3.1750000000000007 2.9294514294702156 0.5237645833333333 18.555070326363094 121740.227822126
3.2250000000000005 5.745019556217281 1.3029166666666667 37.543911448892594 308894.35301710793
3.2750000000000004 7.111127216446461 2.2974791666666667 47.92359184954488 410257.18329326145
3.3250000000000006 5.907299892838525 3.14909375 41.03556056536104 339576.71865058655
3.3750000000000004 3.4565517720639365 3.6625 24.738788741788873 175139.9590890833
3.4250000000000007 1.4922961149505005 3.89076875 10.999266920888125 36145.90460875159
3.4750000000000005 0.5029077863967644 3.9699583333333335 3.815797670234086 -37571.44479040851
3.525000000000001 0.14069133842362203 3.992754166666667 1.0984309307227216 -66831.08910839703
3.5750000000000006 0.03313955948061874 3.9982770833333334 0.2661250591615733 -77344.02834521396
3.6250000000000004 0.007367936799803752 3.999539583333333 0.06083432133229476 -81642.26250085927
3.6750000000000007 0.0011119945082640516 3.9997354166666668 0.00943634687332625 -84438.79157533302
3.7250000000000005 0.00019574290146934066 3.9997708333333333 0.0017065733707079386 -86831.61556863517
3.775000000000001 0.0001345355814362143 3.999795833333333 0.0012046400263820744 -89183.73448076569
3.8250000000000006 2.1840224963838727e-05 3.9998 0.00020077333773034573 -91572.14831172471
3.8750000000000004 0.0 3.9998 0.0 -93983.85706151204
3.9250000000000007 0.0 3.9998 0.0 -96424.86073012784
3.9750000000000005 0.0 3.9998 0.0 -98897.159317572
4.025000000000001 0.0 3.9998 0.0 -101400.75282384458
4.075000000000001 0.0 3.9998 0.0 -103935.64124894557
4.125000000000001 0.0 3.9998 0.0 -106501.824592875
4.175000000000002 0.0 3.9998 0.0 -109099.3028556328
4.225000000000001 0.0 3.9998 0.0 -111728.07603721903
4.275000000000001 0.000917927297375 4.00001875 0.010540600230843149 -114283.14413763364
4.325000000000001 0.010411728146127595 4.002558333333333 0.12237134934664573 -115860.50715687667
4.375000000000001 0.07786169801361417 4.021991666666667 0.9364068471743325 -110474.16509494813
4.425000000000002 0.3676683037374272 4.115866666666666 4.523423299064689 -77496.11795184798
4.475000000000001 1.1157848742765921 4.407229166666666 14.039477187469885 14512.634272423777
4.525000000000001 2.261873680437954 5.011139583333334 29.099786410629715 161719.0915778671
4.575000000000001 3.126160587559 5.864358333333334 41.112858300387224 278539.25396448205
4.625000000000001 3.0733493162324343 6.721597916666667 41.306604571297 277590.1214322685
4.675000000000002 2.2506035401371784 7.362997916666667 30.9062445168585 171076.69398122665
4.725000000000001 1.333461875844093 7.75119375 18.70544955632312 46596.97161135639
4.775000000000001 0.8567161437003954 8.00590625 12.273474908793764 -20448.045677342336
4.825000000000001 0.8951623017346069 8.277652083333333 13.094236313435418 -15276.357884869445
4.875000000000001 1.27813811576798 8.673741666666666 19.08581464465326 41373.03498877506
4.925000000000002 1.8015718892313555 9.243552083333332 27.456657414644567 121692.13294359116
4.975000000000001 2.2857815812755407 9.981264583333333 35.547120218495444 199186.9359795788
5.025000000000001 2.66332489337782 10.858189583333333 42.25515820540402 262879.44409673807
5.075000000000001 2.8671444273779763 11.821104166666666 46.39861796281403 300993.65729506896
5.125000000000002 2.9041756686192386 12.81576875 47.928510796319266 313041.5755745714
5.175000000000002 2.712831564528389 13.763116666666667 45.648528773053464 287106.1989352454
5.225000000000001 2.2790807482324915 14.574447916666667 39.094483936184055 218563.52737709103
5.275000000000001 1.6700367285847773 15.180397916666667 29.198064959448722 116694.56090010834
5.325000000000001 1.0425983483267625 15.565895833333334 18.575448820142725 7560.299504297087
5.375000000000002 0.551437884746459 15.773635416666666 10.010056685890712 -81112.25681034249
5.425000000000002 0.251428951313783 15.870125 4.649408568490481 -137892.1080438105
5.475000000000001 0.12087842996500171 15.917372916666666 2.2766692631932552 -164939.25419610692
5.525000000000001 0.1390448200915569 15.97271875 2.6668722450721822 -164494.69526723167
5.575000000000001 0.327828855734476 16.10558125 6.402059420207533 -130760.43125718489
5.625000000000002 0.7213107854246069 16.40318125 14.340034874052213 -55191.462165966484
5.675000000000002 1.2674240420587675 16.935435416666667 25.64698693501209 53906.21200642342
5.725000000000001 1.7346596811744777 17.67679791666667 35.722997662347225 150710.591259985
5.775000000000001 1.821235827871142 18.468816666666665 38.163899515803905 171426.67559471814
5.825000000000001 1.4925423384707213 19.12918125 31.820064363538165 104602.4650106229
5.875000000000002 0.9517666731198682 19.55754375 20.640904532043656 -10420.040492300788
5.925000000000002 0.4883973189328124 19.781114583333334 10.77289498259716 -112412.84091405285
5.975000000000001 0.20847082039932197 19.8781625 4.676312195746347 -176867.9362546333
6.025000000000001 0.09523062289668573 19.923239583333334 2.1720663542357452 -205569.3265140422
6.075000000000002 0.10232344185150943 19.97248125 2.372739305297226 -207357.01169227948
6.125000000000002 0.20671093644348917 20.073602083333334 4.872568133377761 -186272.99178934522
6.175000000000002 0.41203339506968667 20.27846875 9.87162346952564 -140324.2668052393
6.225000000000001 0.7088125954818831 20.636627083333334 17.25807456462506 -70624.83673996181
6.275000000000001 1.0663019650457644 21.1841125 26.38091387108537 16340.298406487273
6.325000000000002 1.4405948965462243 21.935610416666666 36.211378806376295 110323.13863410792
6.375000000000002 1.819512619137943 22.899839583333332 46.46196195086795 208459.68394290018
6.425000000000002 2.2734071690554165 24.123577083333334 58.96652697138936 329017.934332864
6.475000000000001 2.7875741400787257 25.647527083333333 73.4324467281985 469082.8898039995
6.525000000000001 3.1221310192977247 27.380839583333334 83.52070462913518 565508.5503563066
6.575000000000002 2.931457691883797 29.033333333333335 79.62640458384851 522615.9159897852
6.625000000000002 2.2396108296074058 30.3151 61.76269724595988 340535.98670443543
6.675000000000002 1.4090939468740367 31.133766666666666 39.44794539725834 114085.76250025723
6.725000000000001 0.804058373569306 31.607939583333334 22.848306993719937 -55464.75662274938
6.775000000000001 0.5355550950867908 31.928483333333332 15.445593258264362 -133431.5706645843
6.825000000000002 0.5813025811601837 32.2815625 17.013331865931764 -122070.67962524778
6.875000000000002 0.899477835318682 32.83593333333334 26.71269181168477 -29738.083504739567
6.925000000000002 1.3696566712867235 33.69241041666667 41.26986305049235 110954.21769694024
6.975000000000001 1.7547967785061551 34.805627083333334 53.64101418809194 229839.22397979163
7.025000000000002 1.8719976915877385 36.01028125 58.046985084584364 269347.9353438146
7.075000000000002 1.7965797274073716 37.18291875 56.50424275746439 249567.35178900912
7.125000000000002 1.754074299765331 38.34405208333333 55.949907571990906 239601.47331537533
7.175000000000002 1.8749435547937505 39.60267708333333 60.64760212820553 281922.299922913
7.225000000000001 2.0348785438171157 40.98776875 66.74147447499699 338119.83161162236
7.275000000000002 2.0496469264749293 42.402289583333335 68.15953655938642 347708.0683815033
7.325000000000002 1.8691068398264006 43.71000625 63.01311359334447 291873.01023255574
7.375000000000002 1.5348851126581438 44.79859583333333 52.454343375436714 182091.6571647799
7.425000000000002 1.1835143462570679 45.649402083333335 40.99661053784135 63324.00917817571
7.475000000000001 0.8830714860306914 46.29280416666667 31.002716105637933 -40892.93372725707
7.525000000000002 0.6600047592550691 46.78013541666667 23.482349194272373 -120501.17155151814
7.575000000000002 0.4793458419282137 47.13879166666667 17.282066978483837 -186990.70429460768
7.625000000000002 0.33252310542993485 47.3908875 12.147389252699108 -242896.53195652558
7.675000000000002 0.21604019255646137 47.55682916666667 7.995998948448749 -289038.6545372719
7.725000000000001 0.1378891865462714 47.664127083333334 5.170214606562999 -322007.0720368466
7.775000000000002 0.11886274119224724 47.757820833333334 4.5146896588734196 -333387.7844552498
7.825000000000002 0.203865543392414 47.92059166666667 7.843210438435955 -305112.7917924814
7.875000000000002 0.4403924158888069 48.27671875 17.160197562481514 -217215.0940485412
7.925000000000002 0.775083857145454 48.91148125 30.58641258985406 -88414.69122342969
7.975000000000002 1.0211100502642696 49.75831458333333 40.80517316031547 8403.416682853654
8.025000000000002 1.012737376317853 50.60876875 40.97964519080314 5134.229670308356
8.075000000000001 0.7683041007022144 51.262022916666666 31.477444662701334 -94560.25226106518
8.125000000000002 0.47872656310786055 51.67411875 19.857085421544383 -215386.02911126718
8.175000000000002 0.3104354332565477 51.94464583333333 13.035510112149291 -288440.1008802976
8.225000000000001 0.28986447297302415 52.20034583333333 12.321058189835858 -300689.4675681564
8.275000000000002 0.37764140287835396 52.537539583333334 16.247883515834822 -266736.1291748436
8.325000000000003 0.5509215480188884 53.03541666666667 23.990506512067878 -194803.08570035914
8.375000000000002 0.8021086753680067 53.76902916666667 35.34955925416878 -86876.33714470331
8.425000000000002 1.0866101690455467 54.77475 48.46126284798674 38478.11649212433
8.475000000000001 1.369251011177092 56.057158333333334 61.79361633997034 165999.2752101235
8.525000000000002 1.5993954900573963 57.57284166666667 73.03411242614148 272651.1390092942
8.575000000000003 1.7585229197641838 59.25892916666667 81.24513961929944 349093.7078896366
8.625000000000002 1.8294605728760605 61.03354791666667 85.51107111272495 386205.9818511505
8.675000000000002 1.7647235942644863 62.765275 83.44431037412878 360203.960893836
8.725000000000001 1.5780394144939414 64.33171041666667 75.47963206636595 275418.64501769305
8.775000000000002 1.345110657465132 65.68227708333333 65.07786659856335 166325.03422272188
8.825000000000003 1.1401773425710298 66.8401625 55.7934047552301 68330.12850892212
8.875000000000002 1.0415358500926475 67.90989375 51.545643248869176 20476.927876294067
8.925000000000002 1.046241618076354 68.9966 52.363593826782605 23054.432324837486
8.975000000000001 1.0734056155406464 70.12404791666667 54.326755523109924 37008.64185455255
9.025000000000002 1.0506190361576764 71.23989166666667 53.76760177753091 25805.556465439207
9.075000000000003 0.9409525510139345 72.25036458333334 48.690244839668196 -30436.823842502432
9.125000000000002 0.7846945143096052 73.10234583333333 41.05322861908131 -112208.49906927254
9.175000000000002 0.6336070852179279 73.79784375 33.512985147280446 -193047.46921487118
9.225000000000001 0.51870033104491 74.37343333333334 27.735130034076555 -256361.734279298
9.275000000000002 0.428542539839568 74.85414583333333 23.16342074728772 -307692.29426255345
9.325000000000003 0.34872247013429236 75.24955 19.05278743059662 -354461.1491646371
9.375000000000002 0.27980541302369333 75.57022291666667 15.451817231734001 -396184.29898554937
9.425000000000002 0.2232537167225396 75.82882083333334 12.460696046227312 -431863.74372528994
9.475000000000001 0.18939662122374842 76.05053541666666 10.683450460638293 -455482.4833838589
9.525000000000002 0.18136255119956668 76.26509166666666 10.338521866417558 -464864.5179612563
9.575000000000003 0.19242148680610094 76.49512708333333 11.08439481608579 -463411.84745748213
9.625000000000002 0.22365922571576818 76.76530625 13.018745538448808 -450151.47187253635
9.675000000000002 0.2845185741964737 77.11258333333333 16.73375499314226 -419184.3912064191
9.725000000000001 0.376039402656163 77.576325 22.34567094271202 -369352.60545913014
9.775000000000002 0.49591580509494887 78.19420625 29.77297941203956 -301468.1146306695
9.825000000000003 0.6153976845153146 78.96881875 37.32516889743539 -232370.91872103745
9.875000000000002 0.6994232614058529 79.85817916666667 42.85436623186024 -183457.0177302335
9.925000000000002 0.7218126512212573 80.78532708333333 44.67517963173674 -171515.41165825818
9.975000000000001 0.6855904888364827 81.67484375 42.861895232025134 -195806.10050511127
10.025000000000002 0.6060380757904449 82.46904791666667 38.26920513144347 -247815.08427079278
10.075000000000003 0.5231005490717036 83.16141875 33.36230475731382 -302985.3629553026
10.125000000000002 0.4870107783846608 83.81243541666667 31.369629380340136 -329156.9365586409
10.175000000000002 0.5319724809206917 84.53059583333334 34.60499133119579 -303280.80508080753
10.225000000000003 0.6646775444967173 85.43674791666666 43.66348278291353 -219428.9685218027
10.275000000000002 0.8164166173374677 86.56067708333333 54.157202439396656 -121311.42688162625
10.325000000000003 0.9097733903863848 87.82534583333333 60.9388238545834 -60203.180160278105
10.375000000000002 0.9014427228865323 89.0906 60.96703250853451 -66400.2283577586
10.425000000000002 0.8314109837249164 90.26883333333333 56.77388135003625 -114679.57147406717
