0.025 1035513.9154745644 0.99995 542.1938182574823 639967.3819802994
0.07500000000000001 0.0 0.99995 0.0 -4.326137904141026
0.12500000000000003 0.0 0.99995 0.0 -11.742374311239926
0.17500000000000002 0.0 0.99995 0.0 -22.866728921888285
0.22500000000000003 0.0 0.99995 0.0 -37.69920173608609
0.2750000000000001 0.0 0.99995 0.0 -56.239792753833356
0.32500000000000007 0.0 0.99995 0.0 -78.48850197513005
0.3750000000000001 0.0 0.99995 0.0 -104.44532939997623
0.4250000000000001 0.0 0.99995 0.0 -134.11027502837183
0.4750000000000001 0.0 0.99995 0.0 -167.4833388603169
0.5250000000000001 0.0 0.99995 0.0 -204.56452089581137
0.5750000000000002 0.0 0.99995 0.0 -245.35382113485534
0.6250000000000001 0.0 0.99995 0.0 -289.8512395774488
0.6750000000000002 0.0 0.99995 0.0 -338.0567762235916
0.7250000000000002 0.0 0.99995 0.0 -389.970431073284
0.7750000000000001 0.0 0.99995 0.0 -445.59220412652576
0.8250000000000002 0.0 0.99995 0.0 -504.92209538331696
0.8750000000000002 0.0 0.99995 0.0 -567.9601048436576
0.9250000000000002 0.0 0.99995 0.0 -634.7062325075477
0.9750000000000002 0.0 0.99995 0.0 -705.1604783749872
1.0250000000000001 0.0 0.99995 0.0 -779.3228424459763
1.0750000000000002 0.0 0.99995 0.0 -857.1933247205147
1.1250000000000002 0.0 0.99995 0.0 -938.7719251986027
1.175 0.0 0.99995 0.0 -1024.0586438802402
1.225 0.0 0.99995 0.0 -1113.053480765427
1.2750000000000001 0.0 0.99995 0.0 -1205.7564358541633
1.3250000000000002 0.0 0.99995 0.0 -1302.167509146449
1.3750000000000002 0.0 0.99995 0.0 -1402.2867006422844
1.4250000000000003 0.0 0.99995 0.0 -1506.114010341669
1.475 0.0 0.99995 0.0 -1613.6494382446028
1.5250000000000001 0.0 0.99995 0.0 -1724.8929843510866
1.5750000000000002 0.0 0.99995 0.0 -1839.8446486611194
1.6250000000000002 0.0 0.99995 0.0 -1958.504431174702
1.6750000000000003 0.0 0.99995 0.0 -2080.8723318918337
1.7250000000000003 0.0 0.99995 0.0 -2206.9483508125154
1.7750000000000004 0.0 0.99995 0.0 -2336.732487936746
1.8250000000000002 0.0 0.99995 0.0 -2470.2247432645263
1.8750000000000002 0.0 0.99995 0.0 -2607.4251167958555
1.9250000000000003 0.0 0.99995 0.0 -2748.333608530735
1.9750000000000003 0.0 0.99995 0.0 -2892.9502184691637
2.0250000000000004 0.0 0.99995 0.0 -3041.274946611142
2.075 0.0 0.99995 0.0 -3193.3077929566693
2.1250000000000004 0.0 0.99995 0.0 -3349.0487575057464
2.1750000000000003 0.0 0.99995 0.0 -3508.497840258372
2.2250000000000005 0.0 0.99995 0.0 -3671.6550412145484
2.2750000000000004 0.0 0.99995 0.0 -3838.5203603742734
2.325 0.0 0.99995 0.0 -4009.0937977375484
2.3750000000000004 0.0 0.99995 0.0 -4183.375353304373
2.4250000000000003 0.0 0.99995 0.0 -4361.365027074746
2.4750000000000005 0.0 0.99995 0.0 -4543.06281904867
2.5250000000000004 0.0 0.99995 0.0 -4728.4687292261415
2.5750000000000006 0.0 0.99995 0.0 -4917.582757607163
2.6250000000000004 0.0015654336887157643 0.9999625 0.006777761616299344 -5102.404904191735
2.6750000000000003 0.001130596061371025 0.999971875 0.005083321212224508 -5300.935168979856
2.7250000000000005 0.007989579334075705 1.000040625 0.03727768888964639 -5463.173551971526
2.7750000000000004 0.0472761905697094 1.0004625 0.22874945455010287 -5441.120053166746
2.8250000000000006 0.1912558025307171 1.00223125 0.9590532687063573 -4786.774672565515
2.8750000000000004 0.6277183923507919 1.00824375 3.2601033374399844 -2282.137410167835
2.9250000000000003 2.0043471336000915 1.028115625 10.774946529511881 6372.791734026297
2.9750000000000005 5.196231917124767 1.081409375 28.896986651092256 27544.012760016878
3.0250000000000004 11.63873848682786 1.204825 66.9185348781275 72199.52566780391
3.0750000000000006 21.80909838552316 1.44379375 129.5738576996027 145927.3304573874
3.1250000000000004 33.3052914052276 1.82069375 204.3630682546578 233973.42712876733
3.1750000000000007 42.20709209080048 2.3137375 267.3386403125032 308071.8156819437
3.2250000000000005 44.070762801523344 2.84489375 288.0040354805999 332226.49611691653
3.2750000000000004 37.704797259227384 3.313525 254.10167187587055 291969.46843368583
3.3250000000000006 26.236246526873874 3.649646875 182.25231542188527 206918.73263225157
3.3750000000000004 14.989858873264104 3.84750625 107.28349418399826 118182.28871261375
3.4250000000000007 7.122640630492762 3.944328125 52.498847039450645 53266.136674772395
3.4750000000000005 2.7526530996128082 3.982846875 20.885672420626427 15696.276518727484
3.525000000000001 0.8785397375128792 3.995496875 6.859094755694937 -1119.2917555209788
3.5750000000000006 0.22049743878741335 3.9987625 1.7706902222582037 -7388.568147972988
3.6250000000000004 0.053973337215954445 3.999584375 0.44563782627168186 -9219.552658628549
3.6750000000000007 0.008985402954581034 3.999725 0.07624981818336762 -9926.245287487662
3.7250000000000005 0.003303971381956657 3.999778125 0.028805486869272208 -10256.646034550316
3.775000000000001 0.0007569482002216628 3.999790625 0.006777761616299344 -10560.754899816526
3.8250000000000006 0.0005529662458844329 3.9998 0.005083321212224508 -10844.571883286288
3.8750000000000004 0.0 3.9998 0.0 -11136.096984959593
3.9250000000000007 0.0 3.9998 0.0 -11425.330204836453
3.9750000000000005 0.0 3.9998 0.0 -11718.271542916858
4.025000000000001 0.0 3.9998 0.0 -12014.920999200813
4.075000000000001 0.0 3.9998 0.0 -12315.278573688318
4.125000000000001 0.0 3.9998 0.0 -12619.344266379376
4.175000000000002 0.0 3.9998 0.0 -12927.118077273977
4.225000000000001 0.0 3.9998 0.0 -13238.600006372135
4.275000000000001 0.0 3.9998 0.0 -13553.790053673836
4.325000000000001 0.0 3.9998 0.0 -13872.688219179088
4.375000000000001 0.0 3.9998 0.0 -14195.294502887891
4.425000000000002 0.0 3.9998 0.0 -14521.608904800245
4.475000000000001 0.0 3.9998 0.0 -14851.631424916142
4.525000000000001 0.0 3.9998 0.0 -15185.362063235594
4.575000000000001 0.0 3.9998 0.0 -15522.800819758595
4.625000000000001 0.0 3.9998 0.0 -15863.947694485145
4.675000000000002 0.0 3.9998 0.0 -16208.802687415244
4.725000000000001 0.0 3.9998 0.0 -16557.36579854889
4.775000000000001 0.0 3.9998 0.0 -16909.637027886092
4.825000000000001 0.0 3.9998 0.0 -17265.61637542684
4.875000000000001 0.0 3.9998 0.0 -17625.30384117113
4.925000000000002 0.0 3.9998 0.0 -17988.69942511898
4.975000000000001 0.0 3.9998 0.0 -18355.803127270377
5.025000000000001 0.0 3.9998 0.0 -18726.61494762532
5.075000000000001 0.0 3.9998 0.0 -19101.134886183816
5.125000000000002 0.0 3.9998 0.0 -19479.36294294586
5.175000000000002 0.0 3.9998 0.0 -19861.299117911454
5.225000000000001 0.0 3.9998 0.0 -20246.9434110806
5.275000000000001 0.0 3.9998 0.0 -20636.295822453285
5.325000000000001 0.0 3.9998 0.0 -21029.356352029532
5.375000000000002 0.0 3.9998 0.0 -21426.124999809323
5.425000000000002 0.0 3.9998 0.0 -21826.60176579266
5.475000000000001 0.0 3.9998 0.0 -22230.786649979556
5.525000000000001 0.0 3.9998 0.0 -22638.679652369992
5.575000000000001 0.0 3.9998 0.0 -23050.280772963983
5.625000000000002 0.0 3.9998 0.0 -23465.590011761517
5.675000000000002 0.0 3.9998 0.0 -23884.60736876261
5.725000000000001 0.0 3.9998 0.0 -24307.332843967244
5.775000000000001 0.0 3.9998 0.0 -24733.766437375434
5.825000000000001 0.0 3.9998 0.0 -25163.908148987168
5.875000000000002 0.0 3.9998 0.0 -25597.757978802456
5.925000000000002 0.0 3.9998 0.0 -26035.31592682129
5.975000000000001 0.0 3.9998 0.0 -26476.581993043674
6.025000000000001 0.0 3.9998 0.0 -26921.556177469607
6.075000000000002 0.0 3.9998 0.0 -27370.23848009909
6.125000000000002 0.0 3.9998 0.0 -27822.628900932126
6.175000000000002 0.0 3.9998 0.0 -28278.72743996871
6.225000000000001 0.0 3.9998 0.0 -28738.534097208838
6.275000000000001 0.0 3.9998 0.0 -29202.04887265252
6.325000000000002 0.0 3.9998 0.0 -29669.271766299753
6.375000000000002 0.0 3.9998 0.0 -30140.202778150535
6.425000000000002 0.0 3.9998 0.0 -30614.84190820486
6.475000000000001 0.0 3.9998 0.0 -31093.18915646274
6.525000000000001 0.0 3.9998 0.0 -31575.24452292417
6.575000000000002 0.0 3.9998 0.0 -32061.00800758915
6.625000000000002 0.0 3.9998 0.0 -32550.47961045767
6.675000000000002 0.0 3.9998 0.0 -33043.65933152975
6.725000000000001 0.0 3.9998 0.0 -33540.54717080538
6.775000000000001 0.0 3.9998 0.0 -34041.14312828455
6.825000000000002 0.0 3.9998 0.0 -34545.44720396728
6.875000000000002 0.0 3.9998 0.0 -35053.459397853556
6.925000000000002 0.0 3.9998 0.0 -35565.179709943375
6.975000000000001 0.0 3.9998 0.0 -36080.60814023675
7.025000000000002 0.0 3.9998 0.0 -36599.74468873367
7.075000000000002 0.0 3.9998 0.0 -37122.58935543415
7.125000000000002 0.0 3.9998 0.0 -37649.14214033817
7.175000000000002 0.0 3.9998 0.0 -38179.403043445745
7.225000000000001 0.0 3.9998 0.0 -38713.37206475686
7.275000000000002 0.0 3.9998 0.0 -39251.049204271534
7.325000000000002 0.0 3.9998 0.0 -39792.43446198975
7.375000000000002 0.0 3.9998 0.0 -40337.527837911526
7.425000000000002 0.0 3.9998 0.0 -40886.32933203684
7.475000000000001 0.0 3.9998 0.0 -41438.83894436571
7.525000000000002 0.0 3.9998 0.0 -41995.05667489813
7.575000000000002 0.0 3.9998 0.0 -42554.9825236341
7.625000000000002 0.0 3.9998 0.0 -43118.61649057361
7.675000000000002 0.0 3.9998 0.0 -43685.95857571668
7.725000000000001 0.0 3.9998 0.0 -44257.00877906329
7.775000000000002 0.0 3.9998 0.0 -44831.76710061345
7.825000000000002 0.0 3.9998 0.0 -45410.233540367175
7.875000000000002 0.0 3.9998 0.0 -45992.40809832443
7.925000000000002 0.0 3.9998 0.0 -46578.29077448526
7.975000000000002 0.0 3.9998 0.0 -47167.88156884961
8.025000000000002 0.0 3.9998 0.0 -47761.18048141752
8.075000000000001 0.0 3.9998 0.0 -48358.18751218898
8.125000000000002 0.0 3.9998 0.0 -48958.902661164
8.175000000000002 0.0 3.9998 0.0 -49563.32592834256
8.225000000000001 0.0 3.9998 0.0 -50171.45731372468
8.275000000000002 0.0 3.9998 0.0 -50783.296817310336
8.325000000000003 0.0 3.9998 0.0 -51398.844439099536
8.375000000000002 0.0 3.9998 0.0 -52018.1001790923
8.425000000000002 0.0 3.9998 0.0 -52641.0640372886
8.475000000000001 0.0 3.9998 0.0 -53267.73601368845
8.525000000000002 0.0 3.9998 0.0 -53898.11610829187
8.575000000000003 0.0 3.9998 0.0 -54532.20432109883
8.625000000000002 0.0 3.9998 0.0 -55170.000652109324
8.675000000000002 0.0 3.9998 0.0 -55811.50510132338
8.725000000000001 0.0 3.9998 0.0 -56456.717668740996
8.775000000000002 0.0 3.9998 0.0 -57105.63835436214
8.825000000000003 0.0 3.9998 0.0 -57758.26715818685
8.875000000000002 0.0 3.9998 0.0 -58414.604080215104
8.925000000000002 0.0 3.9998 0.0 -59074.6491204469
8.975000000000001 0.0 3.9998 0.0 -59738.402278882255
9.025000000000002 0.0 3.9998 0.0 -60405.86355552116
9.075000000000003 0.0 3.9998 0.0 -61077.0329503636
9.125000000000002 0.0 3.9998 0.0 -61751.910463409615
9.175000000000002 0.0 3.9998 0.0 -62430.49609465915
9.225000000000001 0.0 3.9998 0.0 -63112.78984411225
9.275000000000002 0.0 3.9998 0.0 -63798.7917117689
9.325000000000003 0.0 3.9998 0.0 -64488.50169762909
9.375000000000002 0.0 3.9998 0.0 -65181.91980169285
9.425000000000002 0.0 3.9998 0.0 -65879.04602396014
9.475000000000001 0.0 3.9998 0.0 -66579.88036443098
9.525000000000002 0.0 3.9998 0.0 -67284.42282310539
9.575000000000003 0.0 3.9998 0.0 -67992.67339998332
9.625000000000002 0.0 3.9998 0.0 -68704.63209506482
9.675000000000002 0.0 3.9998 0.0 -69420.29890834987
9.725000000000001 0.0 3.9998 0.0 -70139.67383983846
9.775000000000002 0.0 3.9998 0.0 -70862.7568895306
9.825000000000003 0.0 3.9998 0.0 -71589.5480574263
9.875000000000002 0.0 3.9998 0.0 -72320.04734352554
9.925000000000002 0.00010950765328610533 3.9998125 0.006777761616299344 -73046.25474782834
9.975000000000001 0.00035234090425515386 3.999853125 0.02202772525297287 -73766.17027033467
10.025000000000002 0.002871180826450444 4.0001875 0.18130512323600745 -74319.79391104456
10.075000000000003 0.00773122688156116 4.001096875 0.4930821575857773 -74697.125669958
10.125000000000002 0.01712523234818588 4.00313125 1.1030807030527183 -74726.165547075
10.175000000000002 0.03886382516603358 4.00779375 2.528105082879655 -73796.91354239553
10.225000000000003 0.08060629381335793 4.017559375 5.295126262733863 -71287.36965591961
10.275000000000002 0.1554071935070193 4.036571875 10.308975418391302 -66129.53388764727
10.325000000000003 0.28600553767094966 4.071903125 19.157343208470095 -56449.406237578456
10.375000000000002 0.4951835370994496 4.13366875 33.49061458653914 -40298.98670571319
10.425000000000002 0.7999724537709938 4.234415625 54.627064186968646 -16122.275292051447
10.475000000000003 1.1964076753448616 4.3865375 82.48366442995895 15982.728003406708
10.525000000000002 1.6577894981212953 4.599340625 115.3863081962841 54040.023180661316
10.575000000000003 2.1419065926723064 4.87690625 150.50189113033102 94705.61023971239
10.625000000000002 2.4779954395709254 5.20106875 175.76769199549088 123741.4891805599
10.675000000000002 2.683797419508186 5.555465625 192.16140290491492 142301.66000320384
10.725000000000003 2.6685382909765707 5.91115625 192.86290123220192 142336.12270764427
10.775000000000002 2.457913178391153 6.241834375 179.3006002379869 125530.87729388116
10.825000000000003 2.1175071178002307 6.529365625 155.90546157892564 97115.92376191447
10.875000000000002 1.8239459813435628 6.779328125 135.53489904113798 72267.26211174423
10.925000000000002 1.7087996208230314 7.01566875 128.14883331977578 62740.89234337046
10.975000000000003 1.8215099467273022 7.269909375 137.85458795431643 73384.81445679314
11.025000000000002 2.2102619433845456 7.581228125 168.80354193474332 109099.02845201224
11.075000000000003 2.6974709100973886 7.964625 207.88580985472942 154409.5343290278
11.125000000000002 3.026920787070048 8.398740625 235.386577612864 186046.33208783984
11.175000000000002 3.0604901009095857 8.841625 240.141177386698 190831.4217284483
11.225000000000003 2.7302847966054458 9.24026875 216.15298458621055 161686.80325085326
11.275000000000002 2.1026410928564374 9.5500125 167.9495439710896 103956.4766550546
11.325000000000003 1.4077316820625025 9.75923125 113.44278505281027 38782.44194105244
11.375000000000002 0.8373341536860618 9.884778125 68.07414323370654 -15609.300891153296
11.425000000000002 0.4290078659358676 9.94966875 35.18505499061397 -55274.75184156255
11.475000000000003 0.20259301256452325 9.98058125 16.76140447710828 -77869.9109101754
11.525000000000002 0.08251208857929558 9.99328125 6.886205802160133 -90378.77809699178
11.575000000000003 0.02779696845400631 9.997596875 2.3400221980273486 -96601.35340201171
11.625000000000002 0.008700542383235891 9.998959375 0.7387760161766285 -99351.63682523517
11.675000000000002 0.00251267147230617 9.99935625 0.21519393131750417 -100833.62836666217
11.725000000000003 0.0008631231118917702 9.99949375 0.07455537777929278 -101867.32802629274
11.775000000000002 3.890038878234491e-05 9.9995 0.003388880808149672 -102822.73580412686
11.825000000000003 0.0 9.9995 0.0 -103701.85170016455
11.875000000000002 0.0 9.9995 0.0 -104580.67571440578
11.925000000000002 0.0 9.9995 0.0 -105463.20784685055
11.975000000000003 0.0 9.9995 0.0 -106349.44809749885
12.025000000000002 0.0 9.9995 0.0 -107239.39646635074
12.075000000000003 0.0 9.9995 0.0 -108133.05295340614
12.125000000000004 0.0 9.9995 0.0 -109030.41755866511
12.175000000000002 0.0 9.9995 0.0 -109931.49028212762
12.225000000000003 0.0 9.9995 0.0 -110836.27112379367
12.275000000000002 0.0 9.9995 0.0 -111744.7600836633
12.325000000000003 0.0003195541660895069 9.99955625 0.03049992727334705 -112620.95716173647
12.375000000000004 0.0004930755361564496 9.99964375 0.04744433131409541 -113516.86235801318
12.425000000000002 0.0016944344932756838 9.999946875 0.1643607191952591 -114298.47567249346
12.475000000000003 0.003465730082299601 10.000571875 0.3388880808149672 -115015.79710517725
12.525000000000002 0.011603637618251287 10.00268125 1.1437472727505142 -114992.82665606462
12.575000000000003 0.03328968487028905 10.00878125 3.30754766875408 -113369.56432515553
12.625000000000004 0.07948699915565526 10.0234625 7.96048101834358 -108812.01011244999
12.675000000000002 0.1880715185813661 10.058475 18.984510287254462 -96738.164017948
12.725000000000003 0.37745645002341116 10.1293 38.40279731795208 -74760.02604164957
12.775000000000002 0.7149915620846294 10.264515625 73.31674184391407 -34495.59618355468
12.825000000000003 1.2670303163857666 10.506009375 130.9429655460952 32573.125556336658
12.875000000000004 2.019264341097985 10.893884375 210.31394295376865 125304.13917802447
