0.025 0.0 0.0 0.0 -3.7122366882863242
0.07500000000000001 0.0 0.0 0.0 -25.98565681800427
0.12500000000000003 0.0 0.0 0.0 -70.53249707744015
0.17500000000000002 0.0 0.0 0.0 -137.35275746659403
0.22500000000000003 0.0 0.0 0.0 -226.4464379854658
0.2750000000000001 0.0 0.0 0.0 -337.81353863405553
0.32500000000000007 0.0 0.0 0.0 -471.4540594123632
0.3750000000000001 0.0 0.0 0.0 -627.3680003203888
0.4250000000000001 0.0 0.0 0.0 -805.5553613581325
0.4750000000000001 0.0 0.0 0.0 -1006.016142525594
0.5250000000000001 0.0 0.0 0.0 -1228.7503438227734
0.5750000000000002 0.0 0.0 0.0 -1473.7579652496706
0.6250000000000001 0.0 0.0 0.0 -1741.0390068062861
0.6750000000000002 0.0 0.0 0.0 -2030.5934684926194
0.7250000000000002 0.0 0.0 0.0 -2342.4213503086703
0.7750000000000001 0.0 0.0 0.0 -2676.52265225444
0.8250000000000002 0.0 0.0 0.0 -3032.897374329927
0.8750000000000002 0.0 0.0 0.0 -3411.5455165351323
0.9250000000000002 0.0 0.0 0.0 -3812.467078870055
0.9750000000000002 0.0 0.0 0.0 -4235.662061334696
1.0250000000000001 0.0 0.0 0.0 -4681.130463929056
1.0750000000000002 0.0 0.0 0.0 -5148.872286653131
1.1250000000000002 0.0 0.0 0.0 -5638.887529506927
1.175 0.0 0.0 0.0 -6151.1761924904395
1.225 0.0 0.0 0.0 -6685.7382756036695
1.2750000000000001 0.0 0.0 0.0 -7242.5737788466195
1.3250000000000002 0.0 0.0 0.0 -7821.682702219286
1.3750000000000002 0.0 0.0 0.0 -8423.06504572167
1.4250000000000003 0.0 0.0 0.0 -9046.720809353774
1.475 0.0 0.0 0.0 -9692.649993115592
1.5250000000000001 0.0 0.0 0.0 -10360.852597007133
1.5750000000000002 0.0 0.0 0.0 -11051.32862102839
1.6250000000000002 0.0 0.0 0.0 -11764.078065179361
1.6750000000000003 0.0 0.0 0.0 -12499.100929460054
1.7250000000000003 0.0 0.0 0.0 -13256.397213870465
1.7750000000000004 0.0 0.0 0.0 -14035.966918410591
1.8250000000000002 0.0 0.0 0.0 -14837.810043080439
1.8750000000000002 0.0 0.0 0.0 -15661.926587880002
1.9250000000000003 0.0 0.0 0.0 -16508.316552809287
1.9750000000000003 0.0 0.0 0.0 -17376.979937868284
2.0250000000000004 0.0 0.0 0.0 -18267.916743057
2.075 0.0 0.0 0.0 -19181.12696837544
2.1250000000000004 0.0 0.0 0.0 -20116.610613823592
2.1750000000000003 0.0 0.0 0.0 -21074.36767940146
2.2250000000000005 0.0 0.0 0.0 -22054.398165109054
2.2750000000000004 0.0 0.0 0.0 -23056.702070946358
2.325 0.0 0.0 0.0 -24081.279396913385
2.3750000000000004 0.0 0.0 0.0 -25128.130143010134
2.4250000000000003 0.0 0.0 0.0 -26197.25430923659
2.4750000000000005 0.0 0.0 0.0 -27288.65189559277
2.5250000000000004 0.0002112503269780403 9.375e-06 0.0008462802664234332 -28396.322902078664
2.5750000000000006 0.002572933583215679 0.000128125 0.010719550041363487 -29462.26732869428
2.6250000000000004 0.01576727749883398 0.000884375 0.06826660815815694 -30212.48517543962
2.6750000000000003 0.1001663381023018 0.0058734375 0.45036214844833705 -28683.976442314663
2.7250000000000005 0.47179933902708543 0.030259375 2.20131601967842 -17472.74112931943
2.7750000000000004 1.6340580306207648 0.117846875 7.906514435771994 21751.22076354608
2.8250000000000006 4.214520068476835 0.3519640625 21.133733953259185 114282.90923628188
2.8750000000000004 7.862406976568764 0.80431875 40.83401018190814 252685.32428888796
2.9250000000000003 10.773705717050593 1.44591875 57.917164686642636 372510.4659213643
2.9750000000000005 10.610798047715528 2.0996046875 59.00816099677351 378931.33413371095
3.0250000000000004 7.559401990052932 2.5810921875 43.46382610981896 267387.92892592784
3.0750000000000006 4.002587703624087 2.8445296875 23.78047548649847 126477.25029801507
3.1250000000000004 1.6081160265851602 2.953840625 9.86748685978616 26455.298249972562
3.1750000000000007 0.4957587031467465 2.9886265625 3.1401229285641485 -22643.927218199664
3.2250000000000005 0.12108150751926143 2.9973921875 0.79127204910591 -40722.42610650162
3.2750000000000004 0.02609867772357892 2.999340625 0.1758852487050035 -46533.19841493328
3.3250000000000006 0.005258857179375234 2.9997453125 0.036531098167278196 -48991.24414349467
3.3750000000000004 0.0008277074959370036 2.9998109375 0.005923961864964032 -50700.56329218577
3.4250000000000007 0.0002104974872581616 2.999828125 0.001551513821776294 -52246.15586100659
3.4750000000000005 0.00024166254079792995 2.9998484375 0.0018336072439174384 -53781.02184995713
3.525000000000001 1.806581552443371e-05 2.99985 0.0001410467110705722 -55352.16125903738
3.5750000000000006 0.0 2.99985 0.0 -56934.574088247355
3.6250000000000004 0.0 2.99985 0.0 -58538.26033758704
3.6750000000000007 0.0 2.99985 0.0 -60164.220007056465
3.7250000000000005 0.0 2.99985 0.0 -61812.453096655576
3.775000000000001 0.0 2.99985 0.0 -63482.95960638442
3.8250000000000006 0.00010740192669555258 2.9998609375 0.0009873269774940052 -65168.73953624301
3.8750000000000004 0.0009567833963166204 2.9999609375 0.00902698950851662 -66826.79288623128
3.9250000000000007 0.004677382997048236 3.0004625 0.04527599425365367 -68307.11965634928
3.9750000000000005 0.019634106673890435 3.002621875 0.19492655469953077 -69005.71984659699
4.025000000000001 0.09893363199082833 3.013778125 1.0070735170438854 -65029.59345697443
4.075000000000001 0.40464359112765835 3.0605484375 4.221951202475437 -44040.74048748157
4.125000000000001 1.3248520683482967 3.2174609375 14.16447491255114 24623.839061881547
4.175000000000002 3.1396341980835523 3.59838125 34.38563664518372 166140.14519111495
4.225000000000001 5.07967685708782 4.2295296875 56.973703236291584 324415.17790021864
4.275000000000001 5.616801336447167 4.94403125 64.49798108506232 375867.9371891926
4.325000000000001 4.316262357996374 5.5060125 50.72998847733056 276339.4230580369
4.375000000000001 2.4711737301369747 5.83524375 29.719670396258124 125441.63550675142
4.425000000000002 1.2688242056283214 6.0081734375 15.610344747735578 23448.57453533623
4.475000000000001 0.9825044103435092 6.1451234375 12.362462131913512 -1560.7598562086496
4.525000000000001 1.3663348167757892 6.3398546875 17.578369507303268 33414.632332116715
4.575000000000001 2.0637975795948855 6.640525 27.14147756459914 99188.75110031238
4.625000000000001 2.827817049500403 7.0615578125 38.00658781178745 174171.59644837835
4.675000000000002 3.3655115156215074 7.573540625 46.21663476978332 230308.16837631457
4.725000000000001 3.502354182228687 8.1177984375 49.13009563365706 248870.46688412107
4.775000000000001 3.2511701123746484 8.633771875 46.576868069857554 228652.4919717979
4.825000000000001 2.882958107801877 9.100940625 42.17127404956823 195279.24363934493
4.875000000000001 2.6030308783747333 9.5315359375 38.869793683539356 169711.7218867623
4.925000000000002 2.5385537885432377 9.9601234375 38.68854865981367 166243.92671404997
4.975000000000001 2.5458668274621075 10.3987171875 39.59181179750961 170442.85812120786
5.025000000000001 2.4657889728763602 10.832096875 39.121138922667114 164878.5161082361
5.075000000000001 2.198858068216207 11.226290625 35.58382845572823 137549.90067513456
5.125000000000002 1.7525256885816904 11.546690625 28.922474385287252 88050.01182190333
5.175000000000002 1.3172741141172628 11.7922390625 22.16563169145149 37850.84954854238
5.225000000000001 1.0842106671440812 11.9982671875 18.598137228343507 10241.41385505171
5.275000000000001 1.2225052563014631 12.2350421875 21.373654408790227 27580.704741431357
5.325000000000001 1.7436549259480587 12.5791859375 31.065820206715667 93935.72220768123
5.375000000000002 2.4234586631454103 13.0665265625 43.99218708948933 183198.46625380142
5.425000000000002 2.8369690014105196 13.647684375 52.46105476229968 240835.93687979187
5.475000000000001 2.6260501307964743 14.195596875 49.46000389085112 217131.13408565262
5.525000000000001 1.9111220564282136 14.601659375 36.6552192730203 123897.05787138367
5.575000000000001 1.099134587506257 14.8394421875 21.464629537430746 13725.708236984967
5.625000000000002 0.49100419882897367 14.947578125 9.76141973306109 -71742.91481754344
5.675000000000002 0.1935918122793722 14.990975 3.9174313532740723 -115692.81129220157
5.725000000000001 0.10526281098249644 15.0149890625 2.167746902443624 -130636.98118698943
5.775000000000001 0.15125119167500659 15.0501 3.1694606444668274 -126096.42450190696
5.825000000000001 0.3019361919898106 15.121409375 6.437089799838773 -105513.14123695428
5.875000000000002 0.5768708039550432 15.26 12.510561178537612 -65059.1313921313
5.925000000000002 0.9534266293284325 15.492971875 21.030346714044455 -7283.394967437984
5.975000000000001 1.361377880632296 15.831265625 30.537741320467443 57472.06803712557
6.025000000000001 1.7315204848029948 16.26876875 39.49336119318235 118293.25762155943
6.075000000000002 1.9213299791975234 16.762321875 44.55298881270592 151470.17378586356
6.125000000000002 1.9108469277768003 17.2612953125 45.04227985340973 152221.81653003793
6.175000000000002 1.7306522488904819 17.7206234375 41.4635016534161 124109.18585408267
6.225000000000001 1.5218970172378894 18.1311140625 37.054945652194306 90091.28175799764
6.275000000000001 1.3959542408042944 18.5137078125 34.5366976727403 69453.10424178289
6.325000000000002 1.3729779757705816 18.896025 34.51173240488081 66469.65330543843
6.375000000000002 1.434782525917828 19.30189375 36.63772948084755 78713.92894896423
6.425000000000002 1.5170229186912672 19.737784375 39.34780098735752 95076.93117236035
6.475000000000001 1.6161263317609036 20.20940625 42.57325717611937 115071.65997562674
6.525000000000001 1.825981011709839 20.7505296875 48.84715593124949 156657.11535876337
6.575000000000002 2.1535550955385476 21.398546875 58.49644352900947 222151.29732177034
6.625000000000002 2.444320290502942 22.1452859375 67.40805682787035 282393.2058646476
6.675000000000002 2.408538895274918 22.8922421875 67.42766232070917 279569.8409873951
6.725000000000001 2.0418898076145044 23.5350125 58.02280867323449 209906.20269001287
6.775000000000001 1.6601743158791473 24.065421875 47.879998633438575 134988.29097250098
6.825000000000002 1.6151244605450044 24.5890828125 47.27081788832477 127640.1058348593
6.875000000000002 1.9244437113738524 25.2222078125 57.152127325795846 194645.647277088
6.925000000000002 2.3245866792069307 25.998140625 70.04337357751294 282968.91529918695
6.975000000000001 2.480702536366851 26.838184375 75.83066117944958 320903.9099011561
7.025000000000002 2.3509799432479777 27.6457546875 72.89928738326988 297002.63108299556
7.075000000000002 2.1175119491378522 28.38351875 66.597884519481 249186.07884470536
7.125000000000002 1.9598422974768126 29.076034375 62.5133128135883 217064.2531862854
7.175000000000002 1.8851149234547115 29.7515265625 60.97660889647441 202984.15410773573
7.225000000000001 1.8279747859999724 30.4157046875 59.9552896616124 192535.7816090564
7.275000000000002 1.7048718712229216 31.0437578125 56.69428970166077 166186.13569024726
7.325000000000002 1.5008339248070595 31.604271875 50.59754561563529 119709.21635130842
7.375000000000002 1.222461261280095 32.0670765625 41.77733058554813 53901.023592239886
7.425000000000002 0.9213347132589749 32.420625 31.914780360649438 -19319.44258695835
7.475000000000001 0.6379395030961958 32.6687328125 22.396666204185088 -90120.18218628634
7.525000000000002 0.3952623303965221 32.824521875 14.0630623272914 -152545.19520574406
7.575000000000002 0.22623219881742174 32.914878125 8.156449207789048 -197785.48164533143
7.625000000000002 0.11592706994405899 32.9617921875 4.23492749989393 -228974.04150504855
7.675000000000002 0.05343609999354762 32.9837015625 1.9777569826315633 -248384.8747848954
7.725000000000001 0.022400946500135015 32.99300625 0.8399331644252573 -259881.981484872
7.775000000000002 0.008559565763244724 32.9966078125 0.3251126690176689 -266984.3616049782
7.825000000000002 0.003963132744707899 32.998296875 0.15247149466728854 -271683.0151452143
7.875000000000002 0.0030768012065750193 32.999625 0.11988970440998635 -275410.94210557995
7.925000000000002 0.006187000923720494 33.0023296875 0.24415185686316046 -278049.1424860754
7.975000000000002 0.01519827557260102 33.0090578125 0.6073471378698838 -279015.61628670053
8.025000000000002 0.03582964245484373 33.02511875 1.4498191430944114 -276606.36350745545
8.075000000000001 0.08093051943455733 33.06185 3.315726083847011 -266963.38414834003
8.125000000000002 0.17630596005715696 33.1428625 7.312989875587027 -242231.67820935434
8.175000000000002 0.3575792285989087 33.3091984375 15.015127627017762 -191255.24569049838
8.225000000000001 0.6622476636309076 33.6210375 28.149679455331587 -101786.08659177215
8.275000000000002 1.0697119214025168 34.1308859375 46.023964962460916 21264.79908682441
8.325000000000003 1.5147654406730393 34.8616078125 65.96218699268593 158926.4113452913
8.375000000000002 1.8679890971363604 35.77358125 82.32374652358338 271207.75018362835
8.425000000000002 2.022171706610909 36.7726515625 90.1859722920792 323207.8156018358
8.475000000000001 1.9760727857109706 37.76056875 89.17918086845746 312305.60759991343
8.525000000000002 1.7974666308378595 38.669828125 82.0787483864538 258178.12617786136
8.575000000000003 1.570046077519721 39.4733890625 72.53736152266279 186722.3713356796
8.625000000000002 1.3342802327061132 40.1642703125 62.365777953808475 110776.34307336813
8.675000000000002 1.103418274231091 40.74225625 52.17472993882643 34670.04139092693
8.725000000000001 0.8697953967965792 41.203134375 41.603419990798116 -44154.533711644064
8.775000000000002 0.6469466339997123 41.549871875 31.299957747092815 -121102.38223434467
8.825000000000003 0.47450166535159666 41.8070921875 23.219250623148664 -182313.504177175
8.875000000000002 0.36947145899290307 42.009653125 18.285154576477908 -221237.8995401351
8.925000000000002 0.34515685571662424 42.201021875 17.2748369850794 -232365.5683232249
8.975000000000001 0.38702610279281396 42.418015625 19.588003046636786 -219952.5105264444
9.025000000000002 0.47020193244615005 42.6845890625 24.063556235617106 -192230.7261497937
9.075000000000003 0.5654003972252717 43.0086953125 29.257037183946643 -159441.21519327257
9.125000000000002 0.6350321069025047 43.3767390625 33.22327069925114 -135374.97765688132
9.175000000000002 0.6463590336184848 43.7554640625 34.18746601612957 -132615.01354061964
9.225000000000001 0.5994212733947936 44.110525 32.051313576965754 -151858.32284448773
9.275000000000002 0.5054252350569921 44.4131625 27.319055373836985 -189529.90556848556
9.325000000000003 0.38387729139773147 44.6455046875 20.973504889483014 -238661.7617126131
9.375000000000002 0.2593136297292884 44.8041421875 14.320190481573052 -289997.8912768704
9.425000000000002 0.15707079064916155 44.901259375 8.766758326591415 -333558.2942612573
9.475000000000001 0.08549646433931683 44.954684375 4.822669144925005 -365730.970665774
9.525000000000002 0.04085314606578285 44.9804828125 2.3288222464862174 -387643.9204904204
9.575000000000003 0.01716905732293405 44.9914390625 0.9890195380268522 -401397.1437351965
9.625000000000002 0.006426198879682031 44.9955828125 0.37405587775915744 -410033.6404001024
9.675000000000002 0.002359800451185144 44.9971203125 0.13878996369344304 -416000.410485138
9.725000000000001 0.0007049517094711898 44.997584375 0.041890873187959934 -421008.4539903033
9.775000000000002 0.0001832496775033954 44.99770625 0.01100164346350463 -425570.7709155982
9.825000000000003 4.883557827793754e-05 44.9977390625 0.002961980932482016 -429993.361261023
9.875000000000002 4.6040279832306036e-05 44.9977703125 0.0028209342214114436 -434382.2250265774
9.925000000000002 4.785644573486723e-05 44.997803125 0.002961980932482016 -438791.36221226153
9.975000000000001 0.00016469455361171737 44.9979171875 0.01029640990815177 -443171.7728180754
10.025000000000002 0.0007125315769841136 44.998415625 0.04499390083151252 -447380.45684401906
10.075000000000003 0.001906335608754212 44.9997625 0.12158226494283322 -451314.41429009236
10.125000000000002 0.004705746896715969 45.0031203125 0.30310938209065963 -454526.6451562954
10.175000000000002 0.011242480588325932 45.011221875 0.7313271969009169 -456012.1494426281
10.225000000000003 0.024520069708935607 45.029065625 1.6107534404259345 -454320.9271490905
10.275000000000002 0.04924443197698878 45.065253125 3.2666418283944516 -447146.9782756828
10.325000000000003 0.09125590365379256 45.1329671875 6.112541317665387 -431558.30282240466
10.375000000000002 0.1540064467996107 45.248353125 10.415876472428545 -405658.90078925627
10.425000000000002 0.23240857057207742 45.4241625 15.870293836238643 -371620.7721762375
10.475000000000003 0.3202678972891819 45.6687640625 22.080157384542723 -332248.91698334855
10.525000000000002 0.4085708441686067 45.9837921875 28.437555792626622 -291853.33521058946
10.575000000000003 0.46951746968353975 46.3492609375 32.990825719406836 -264271.0268579598
10.625000000000002 0.48521853340157145 46.73053125 34.41723110846353 -258879.99192546
10.675000000000002 0.45220284535316585 47.0892109375 32.3779777598052 -278082.2304130901
10.725000000000003 0.38549093944032004 47.397846875 27.860533697636914 -314876.7423208496
10.775000000000002 0.2998554536451608 47.6401640625 21.873947092957547 -362109.52764873893
10.825000000000003 0.2085943522948107 47.8103 15.358153228341392 -413116.5863967581
10.875000000000002 0.13611232902077908 47.9223453125 10.11431860415966 -455127.9185649069
10.925000000000002 0.08548361681855274 47.9933625 6.410714064868577 -486241.5241531854
10.975000000000003 0.05691517798979844 48.0410796875 4.3074255093842035 -506031.4031615935
11.025000000000002 0.0446690955773936 48.078871875 3.41149680066393 -517283.55559013155
11.075000000000003 0.045130521140784495 48.1174015625 3.47807084828924 -521733.9814387993
11.125000000000002 0.0524397316049464 48.1625765625 4.077942510472383 -522425.6807075966
11.175000000000002 0.06466600590227024 48.2187859375 5.074014384052764 -520330.6533965237
11.225000000000003 0.08455641517181345 48.29294375 6.694217954120427 -513832.89950558054
11.275000000000002 0.10774221462333226 48.3882796875 8.605965075970962 -505290.4190347672
11.325000000000003 0.13333060010962836 48.50730625 10.744515309222976 -495162.2119840833
11.375000000000002 0.1621387327581112 48.65333125 13.181661429811394 -482939.2783535293
11.425000000000002 0.19699088045609256 48.8323078125 16.156195519578688 -466928.61814310495
11.475000000000003 0.23512284145507614 49.047803125 19.452739250720104 -448657.2313528104
11.525000000000002 0.2764421103785019 49.30338125 23.071010529813492 -428127.11798264564
11.575000000000003 0.32685352090513464 49.60819375 27.51539239564722 -401762.2780326104
11.625000000000002 0.3807463494697628 49.9663390625 32.32973978461906 -372796.711502705
11.675000000000002 0.4417263783122282 50.3854265625 37.83098465650459 -338983.41839292925
11.725000000000003 0.5092508086236703 50.872725 43.98837882829042 -300540.3987032833
11.775000000000002 0.5808038939260055 51.4332421875 50.597827709057434 -258914.65243376687
11.825000000000003 0.6527638099954979 52.0685671875 57.350721094983214 -216294.17958438047
11.875000000000002 0.7256316482034164 52.7807984375 64.29304021387678 -172352.98015512363
11.925000000000002 0.7969539100529084 53.5696359375 71.20827836424479 -128626.05414599634
11.975000000000003 0.8666504676551359 54.43466875 78.08642122960124 -85184.40155699896
12.025000000000002 0.9244027864652061 55.3650671875 83.98696934052755 -48696.02238813136
12.075000000000003 0.9778914573978977 56.357503125 89.58708795687356 -14359.916639393312
12.125000000000004 1.0294192219206901 57.410903125 95.09030748271408 19266.915689214948
12.175000000000002 1.0676253504994968 58.512428125 99.43454618368769 44654.47459769342
12.225000000000003 1.087842601510728 59.64405 102.15138793232906 58481.76008604246
12.275000000000002 1.1074722147323954 60.805534375 104.84707267430983 72136.77215426147
12.325000000000003 1.1256132026869938 61.99568125 107.43443354218842 85001.5108023507
12.375000000000004 1.1406842813893876 63.21156875 109.75803706036501 95973.9760303105
12.425000000000002 1.1552528709376424 64.45295625 112.05991938503675 106770.16783814039
12.475000000000003 1.1713605509611753 65.721803125 114.538674285391 118798.08622584073
12.525000000000002 1.179971270371059 67.01024375 116.30740004221597 125769.73119341116
12.575000000000003 1.1892813298086193 68.3192390625 118.16286952634934 133334.10274085193
12.625000000000004 1.1990198255368882 69.64946875 120.07969432979841 141311.20086816314
12.675000000000002 1.2032959708786704 70.9950375 121.46434989237822 145493.02557534445
12.725000000000003 1.2075206966214895 72.3560046875 122.85436522997871 149690.5768623961
12.775000000000002 1.1964831558745928 73.71515 122.68990476487043 142844.85472931794
12.825000000000003 1.1897283133270067 75.077221875 122.9540852547056 139015.85917611013
12.875000000000004 1.1668280737846453 76.4235125 121.52951347289283 123191.59020277276
