0.025 1034365.0802536963 0.99995 541.5922895424717 639967.3812938853
0.07500000000000001 0.0 0.99995 0.0 -4.3309428030007115
0.12500000000000003 0.0 0.99995 0.0 -11.75541617957336
0.17500000000000002 0.0 0.99995 0.0 -22.892126244432333
0.22500000000000003 0.0 0.99995 0.0 -37.74107299757763
0.2750000000000001 0.0 0.99995 0.0 -56.302256439009255
0.32500000000000007 0.0 0.99995 0.0 -78.5756765687272
0.3750000000000001 0.0 0.99995 0.0 -104.56133338673146
0.4250000000000001 0.0 0.99995 0.0 -134.25922689302206
0.4750000000000001 0.0 0.99995 0.0 -167.66935708759897
0.5250000000000001 0.0 0.99995 0.0 -204.7917239704622
0.5750000000000002 0.0 0.99995 0.0 -245.6263275416118
0.6250000000000001 0.0 0.99995 0.0 -290.17316780104767
0.6750000000000002 0.0 0.99995 0.0 -338.4322447487699
0.7250000000000002 0.0 0.99995 0.0 -390.4035583847784
0.7750000000000001 0.0 0.99995 0.0 -446.0871087090733
0.8250000000000002 0.0 0.99995 0.0 -505.4828957216544
0.8750000000000002 0.0 0.99995 0.0 -568.590919422522
0.9250000000000002 0.0 0.99995 0.0 -635.4111798116759
0.9750000000000002 0.0 0.99995 0.0 -705.9436768891159
1.0250000000000001 0.0 0.99995 0.0 -780.1884106548425
1.0750000000000002 0.0 0.99995 0.0 -858.1453811088552
1.1250000000000002 0.0 0.99995 0.0 -939.8145882511544
1.175 0.0 0.99995 0.0 -1025.19603208174
1.225 0.0 0.99995 0.0 -1114.2897126006114
1.2750000000000001 0.0 0.99995 0.0 -1207.09562980777
1.3250000000000002 0.0 0.99995 0.0 -1303.613783703214
1.3750000000000002 0.0 0.99995 0.0 -1403.8441742869452
1.4250000000000003 0.0 0.99995 0.0 -1507.786801558962
1.475 0.0 0.99995 0.0 -1615.4416655192656
1.5250000000000001 0.0 0.99995 0.0 -1726.8087661678553
1.5750000000000002 0.0 0.99995 0.0 -1841.8881035047314
1.6250000000000002 0.0 0.99995 0.0 -1960.6796775298935
1.6750000000000003 0.0 0.99995 0.0 -2083.1834882433423
1.7250000000000003 0.0 0.99995 0.0 -2209.3995356450773
1.7750000000000004 0.0 0.99995 0.0 -2339.3278197350987
1.8250000000000002 0.0 0.99995 0.0 -2472.968340513406
1.8750000000000002 0.0 0.99995 0.0 -2610.32109798
1.9250000000000003 0.0 0.99995 0.0 -2751.3860921348805
1.9750000000000003 0.0 0.99995 0.0 -2896.163322978047
2.0250000000000004 0.0 0.99995 0.0 -3044.6527905095
2.075 0.0 0.99995 0.0 -3196.8544947292394
2.1250000000000004 0.0 0.99995 0.0 -3352.7684356372656
2.1750000000000003 0.0 0.99995 0.0 -3512.3946132335764
2.2250000000000005 0.0 0.99995 0.0 -3675.7330275181753
2.2750000000000004 0.0 0.99995 0.0 -3842.7836784910596
2.325 0.0 0.99995 0.0 -4013.5465661522308
2.3750000000000004 0.0 0.99995 0.0 -4188.021690501688
2.4250000000000003 0.0 0.99995 0.0 -4366.209051539431
2.4750000000000005 0.0 0.99995 0.0 -4548.108649265461
2.5250000000000004 0.0 0.99995 0.0 -4733.720483679777
2.5750000000000006 0.0 0.99995 0.0 -4923.04455478238
2.6250000000000004 0.0 0.99995 0.0 -5116.080862573269
2.6750000000000003 0.0 0.99995 0.0 -5312.829407052443
2.7250000000000005 0.0032648381248750707 0.999978125 0.015233044795621797 -5495.290188219905
2.7750000000000004 0.02518599504881442 1.000203125 0.12186435836497438 -5573.463206075652
2.8250000000000006 0.11374858448907349 1.00125625 0.5703928995693939 -5251.348460619687
2.8750000000000004 0.5390303297361957 1.006425 2.799495121328717 -2828.945951852009
2.9250000000000003 1.8626454280920155 1.0249125 10.013188112322062 5479.744320227384
2.9750000000000005 4.8523288355138625 1.074734375 26.98449257517759 25314.72235561849
3.0250000000000004 11.04708112155234 1.19200625 63.51671911614436 68259.98815432131
3.0750000000000006 21.098337745935932 1.42344375 125.35103306263892 141099.54171633584
3.1250000000000004 33.37867679269579 1.80159375 204.8133649587336 234765.3830416621
3.1750000000000007 42.72917607291428 2.301290625 270.64550688381246 312321.51213030005
3.2250000000000005 44.85118036390491 2.842453125 293.1040925941575 338621.92898224975
3.2750000000000004 38.54902367722978 3.322109375 259.79111618666553 299016.6335975111
3.3250000000000006 26.795318946135875 3.665775 186.13595947876843 211737.6259760842
3.3750000000000004 14.721842010591526 3.8603125 105.36527829078312 116046.90611796903
3.4250000000000007 6.77442149629421 3.952503125 49.9322282795154 50292.47402316557
3.4750000000000005 2.389336130295349 3.985975 18.129015867322785 12456.329691673813
3.525000000000001 0.7481415524978487 3.996759375 5.841026398854536 -2323.52687650623
3.5750000000000006 0.17135457946657182 3.9993 1.3760517132045025 -7863.095681374558
3.6250000000000004 0.0284941846645379 3.999734375 0.23526591406571443 -9478.376722931174
3.6750000000000007 0.003390719600055872 3.9997875 0.02877352905839673 -9993.370001176077
3.7250000000000005 0.0007765425508180825 3.9998 0.006770242131387465 -10294.075516109262
3.775000000000001 0.0 3.9998 0.0 -10580.493267730737
3.8250000000000006 0.0 3.9998 0.0 -10862.6232560405
3.8750000000000004 0.0 3.9998 0.0 -11148.465481038545
3.9250000000000007 0.0 3.9998 0.0 -11438.019942724879
3.9750000000000005 0.0 3.9998 0.0 -11731.2866410995
4.025000000000001 0.0 3.9998 0.0 -12028.265576162405
4.075000000000001 0.0 3.9998 0.0 -12328.956747913595
4.125000000000001 0.0 3.9998 0.0 -12633.360156353076
4.175000000000002 0.0 3.9998 0.0 -12941.47580148084
4.225000000000001 0.0 3.9998 0.0 -13253.303683296894
4.275000000000001 0.0 3.9998 0.0 -13568.843801801228
4.325000000000001 0.0 3.9998 0.0 -13888.096156993852
4.375000000000001 0.0 3.9998 0.0 -14211.060748874765
4.425000000000002 0.0 3.9998 0.0 -14537.73757744396
4.475000000000001 0.0 3.9998 0.0 -14868.126642701442
4.525000000000001 0.0 3.9998 0.0 -15202.227944647211
4.575000000000001 0.0 3.9998 0.0 -15540.041483281266
4.625000000000001 0.0 3.9998 0.0 -15881.56725860361
4.675000000000002 0.0 3.9998 0.0 -16226.805270614237
4.725000000000001 0.0 3.9998 0.0 -16575.755519313152
4.775000000000001 0.0 3.9998 0.0 -16928.418004700354
4.825000000000001 0.0 3.9998 0.0 -17284.792726775842
4.875000000000001 0.0 3.9998 0.0 -17644.87968553961
4.925000000000002 0.0 3.9998 0.0 -18008.678880991672
4.975000000000001 0.0 3.9998 0.0 -18376.190313132018
5.025000000000001 0.0 3.9998 0.0 -18747.41398196065
5.075000000000001 0.0 3.9998 0.0 -19122.34988747757
5.125000000000002 0.0 3.9998 0.0 -19500.998029682778
5.175000000000002 0.0 3.9998 0.0 -19883.358408576267
5.225000000000001 0.0 3.9998 0.0 -20269.431024158046
5.275000000000001 0.0 3.9998 0.0 -20659.215876428105
5.325000000000001 0.0 3.9998 0.0 -21052.71296538646
5.375000000000002 0.0 3.9998 0.0 -21449.922291033094
5.425000000000002 0.0 3.9998 0.0 -21850.84385336802
5.475000000000001 0.0 3.9998 0.0 -22255.47765239123
5.525000000000001 0.0 3.9998 0.0 -22663.823688102722
5.575000000000001 0.0 3.9998 0.0 -23075.881960502506
5.625000000000002 0.0 3.9998 0.0 -23491.652469590575
5.675000000000002 0.0 3.9998 0.0 -23911.13521536693
5.725000000000001 0.0 3.9998 0.0 -24334.33019783157
5.775000000000001 0.0 3.9998 0.0 -24761.237416984495
5.825000000000001 0.0 3.9998 0.0 -25191.856872825712
5.875000000000002 0.0 3.9998 0.0 -25626.188565355213
5.925000000000002 0.0 3.9998 0.0 -26064.232494572996
5.975000000000001 0.0 3.9998 0.0 -26505.988660479066
6.025000000000001 0.0 3.9998 0.0 -26951.457063073423
6.075000000000002 0.0 3.9998 0.0 -27400.637702356074
6.125000000000002 0.0 3.9998 0.0 -27853.530578327005
6.175000000000002 0.0 3.9998 0.0 -28310.135690986226
6.225000000000001 0.0 3.9998 0.0 -28770.453040333727
6.275000000000001 0.0 3.9998 0.0 -29234.482626369518
6.325000000000002 0.0 3.9998 0.0 -29702.224449093592
6.375000000000002 0.0 3.9998 0.0 -30173.67850850596
6.425000000000002 0.0 3.9998 0.0 -30648.844804606608
6.475000000000001 0.0 3.9998 0.0 -31127.723337395542
6.525000000000001 0.0 3.9998 0.0 -31610.314106872767
6.575000000000002 0.0 3.9998 0.0 -32096.61711303827
6.625000000000002 0.0 3.9998 0.0 -32586.632355892067
6.675000000000002 0.0 3.9998 0.0 -33080.359835434145
6.725000000000001 0.0 3.9998 0.0 -33577.79955166452
6.775000000000001 0.0 3.9998 0.0 -34078.951504583165
6.825000000000002 0.0 3.9998 0.0 -34583.81569419011
6.875000000000002 0.0 3.9998 0.0 -35092.39212048533
6.925000000000002 0.0 3.9998 0.0 -35604.680783468844
6.975000000000001 0.0 3.9998 0.0 -36120.68168314065
7.025000000000002 0.0 3.9998 0.0 -36640.39481950073
7.075000000000002 0.0 3.9998 0.0 -37163.8201925491
7.125000000000002 0.0 3.9998 0.0 -37690.95780228576
7.175000000000002 0.0 3.9998 0.0 -38221.80764871071
7.225000000000001 0.0 3.9998 0.0 -38756.369731823936
7.275000000000002 0.0 3.9998 0.0 -39294.64405162545
7.325000000000002 0.0 3.9998 0.0 -39836.63060811526
7.375000000000002 0.0 3.9998 0.0 -40382.32940129335
7.425000000000002 0.0 3.9998 0.0 -40931.74043115973
7.475000000000001 0.0 3.9998 0.0 -41484.86369771438
7.525000000000002 0.0 3.9998 0.0 -42041.699200957344
7.575000000000002 0.0 3.9998 0.0 -42602.246940888566
7.625000000000002 0.0 3.9998 0.0 -43166.506917508086
7.675000000000002 0.0 3.9998 0.0 -43734.4791308159
7.725000000000001 0.0 3.9998 0.0 -44306.16358081199
7.775000000000002 0.0 3.9998 0.0 -44881.560267496374
7.825000000000002 0.0 3.9998 0.0 -45460.66919086904
7.875000000000002 0.0 3.9998 0.0 -46043.49035092999
7.925000000000002 0.0 3.9998 0.0 -46630.02374767923
7.975000000000002 0.0 3.9998 0.0 -47220.26938111675
8.025000000000002 0.0 3.9998 0.0 -47814.22725124257
8.075000000000001 0.0 3.9998 0.0 -48411.89735805667
8.125000000000002 0.0 3.9998 0.0 -49013.279701559055
8.175000000000002 0.0 3.9998 0.0 -49618.374281749726
8.225000000000001 0.0 3.9998 0.0 -50227.18109862869
8.275000000000002 0.0 3.9998 0.0 -50839.700152195925
8.325000000000003 0.0 3.9998 0.0 -51455.931442451445
8.375000000000002 0.0 3.9998 0.0 -52075.87496939527
8.425000000000002 0.0 3.9998 0.0 -52699.53073302737
8.475000000000001 0.0 3.9998 0.0 -53326.898733347756
8.525000000000002 0.0 3.9998 0.0 -53957.97897035644
8.575000000000003 0.0 3.9998 0.0 -54592.771444053404
8.625000000000002 0.0 3.9998 0.0 -55231.276154438645
8.675000000000002 0.0 3.9998 0.0 -55873.493101512184
8.725000000000001 0.0 3.9998 0.0 -56519.422285274006
8.775000000000002 0.0 3.9998 0.0 -57169.0637057241
8.825000000000003 0.0 3.9998 0.0 -57822.4173628625
8.875000000000002 0.0 3.9998 0.0 -58479.483256689186
8.925000000000002 0.0 3.9998 0.0 -59140.26138720415
8.975000000000001 0.0 3.9998 0.0 -59804.75175440741
9.025000000000002 0.0 3.9998 0.0 -60472.95435829894
9.075000000000003 0.0 3.9998 0.0 -61144.869198878754
9.125000000000002 0.0 3.9998 0.0 -61820.49627614688
9.175000000000002 0.0 3.9998 0.0 -62499.83559010327
9.225000000000001 0.0 3.9998 0.0 -63182.887140747946
9.275000000000002 0.0 3.9998 0.0 -63869.65092808092
9.325000000000003 0.0 3.9998 0.0 -64560.126952102175
9.375000000000002 0.0 3.9998 0.0 -65254.31521281172
9.425000000000002 0.0 3.9998 0.0 -65952.21571020955
9.475000000000001 0.0 3.9998 0.0 -66653.82844429566
9.525000000000002 0.0 3.9998 0.0 -67359.15341507008
9.575000000000003 0.0 3.9998 0.0 -68068.19062253275
9.625000000000002 0.0 3.9998 0.0 -68780.94006668372
9.675000000000002 0.0 3.9998 0.0 -69497.40174752299
9.725000000000001 0.0 3.9998 0.0 -70217.57566505054
9.775000000000002 0.0 3.9998 0.0 -70941.46181926636
9.825000000000003 0.0 3.9998 0.0 -71669.0602101705
9.875000000000002 0.00016574500739630174 3.99981875 0.010155363197081197 -72388.3708377629
9.925000000000002 0.0007657031317578758 3.99990625 0.047391694919712256 -73079.39370204358
9.975000000000001 0.002111700029870787 4.00015 0.13201972156205558 -73718.12880301256
10.025000000000002 0.003913339570144725 4.00060625 0.24711383779564247 -74324.57614066983
10.075000000000003 0.009102641955489951 4.001678125 0.5805482627664752 -74676.73571501538
10.125000000000002 0.020758715952009024 4.004146875 1.3371228209490245 -74532.60752604922
10.175000000000002 0.04634026907110932 4.0097125 3.014450309000269 -73304.19157377134
10.225000000000003 0.09564115456347004 4.0213125 6.282784697927568 -70199.48785818175
10.275000000000002 0.1810817273267821 4.043490625 12.01210210161421 -64190.49637928045
10.325000000000003 0.3189924160118543 4.082940625 21.366884166658842 -53901.21713706743
10.375000000000002 0.5354261534162803 4.1498 36.212332600258705 -37127.6501315427
10.425000000000002 0.8625873902286424 4.258553125 58.90279910360379 -11087.795362706252
10.475000000000003 1.2249579612104653 4.414478125 84.45200034692724 18326.347169441913
10.525000000000002 1.6377850998277332 4.624946875 113.99395188723645 52454.77746490177
10.575000000000003 2.079093211286482 4.894671875 146.08828471107873 89595.49552367337
10.625000000000002 2.4479720731174393 5.2152625 173.6380925042272 121362.50134575667
10.675000000000002 2.6172548434220206 5.56125625 187.39691707573937 136829.79493115167
10.725000000000003 2.6111987276669772 5.909690625 188.71880685189277 137597.3762798584
10.775000000000002 2.3943965424826446 6.23218125 174.66716930819805 120195.24539187684
10.825000000000003 2.0749052846099882 6.514240625 152.7688211342253 93517.40226720698
10.875000000000002 1.8028121540669613 6.76158125 133.96447361429662 70491.84690584886
10.925000000000002 1.6679264042924518 6.992525 125.08360849844911 59188.57930780244
10.975000000000003 1.8179683304414915 7.246553125 137.5865531545889 73149.59947306776
11.025000000000002 2.26436689371544 7.565846875 172.9356798830957 114102.90740164473
11.075000000000003 2.7763973029179874 7.9609 213.9684248809023 161768.50309353345
11.125000000000002 3.1323017824277746 8.410628125 243.58146396359106 195936.38654873392
11.175000000000002 3.143917616582226 8.866090625 246.68731254136506 198778.55776724603
11.225000000000003 2.7337549924408977 9.265684375 216.4277153351288 162191.0167490699
11.275000000000002 2.076766282767633 9.57195625 165.88278014272285 101629.76349420549
11.325000000000003 1.3762612183914056 9.776725 110.90672147532375 35828.79800265278
11.375000000000002 0.7976193027001485 9.89645 64.84537913442914 -19441.87972558821
11.425000000000002 0.4021575402625563 9.957346875 32.98292710358688 -57938.26969051748
11.475000000000003 0.1758958960096938 9.984215625 14.552635461417356 -80566.37189213505
11.525000000000002 0.0679198846481093 9.99468125 5.6683852245041555 -91918.18633044092
11.575000000000003 0.02187512594288209 9.99808125 1.8415058597373908 -97297.71300543506
11.625000000000002 0.0066178334400210075 9.99911875 0.5619300969051596 -99670.95191711749
11.675000000000002 0.0021936779905445164 9.999465625 0.18787421914600216 -100977.9030654882
11.725000000000003 0.00013716269843745753 9.9994875 0.011847923729928064 -102054.5664505472
11.775000000000002 7.771446267104951e-05 9.9995 0.006770242131387465 -102932.94207229448
11.825000000000003 0.0 9.9995 0.0 -103817.02993073006
11.875000000000002 0.0 9.9995 0.0 -104696.83002585392
11.925000000000002 0.0 9.9995 0.0 -105580.34235766606
11.975000000000003 0.0 9.9995 0.0 -106467.56692616649
12.025000000000002 0.0 9.9995 0.0 -107358.50373135522
12.075000000000003 0.0 9.9995 0.0 -108253.15277323221
12.125000000000004 0.0 9.9995 0.0 -109151.51405179751
12.175000000000002 0.0 9.9995 0.0 -110053.58756705109
12.225000000000003 0.0 9.9995 0.0 -110959.37331899293
12.275000000000002 0.00014302459489380504 9.999525 0.01354048426277493 -111852.87130762308
12.325000000000003 0.0005851993428647852 9.999628125 0.05585449758394659 -112716.08153294152
12.375000000000004 0.001160960038012865 9.999834375 0.11170899516789318 -113567.00399494825
12.425000000000002 0.0031059249885747858 10.000390625 0.30127577484674223 -114263.63869364325
12.475000000000003 0.008464309022020704 10.00191875 0.8276621005621176 -114565.98562902655
12.525000000000002 0.022563354189306915 10.006025 2.2240245401607823 -113844.04480109812
12.575000000000003 0.05580738524110983 10.0162625 5.544828305606335 -110851.81620985799
12.625000000000004 0.11936862916437656 10.038334375 11.954555043497416 -104213.29985530615
12.675000000000002 0.24151880707325948 10.083346875 24.379641915126264 -90470.49573744259
12.725000000000003 0.45687371997142606 10.16916875 46.48278991357349 -65295.40385626732
12.775000000000002 0.8189949505700694 10.324225 83.98146851879582 -21932.02421178033
12.825000000000003 1.3906344995502185 10.589571875 143.71700740456026 47703.64319601837
12.875000000000004 2.1888904126824853 11.010496875 227.98113353234152 146319.5983671288
