0.025 0.0 0.0 0.0 -3.708118203549451
0.07500000000000001 0.0 0.0 0.0 -25.956827424846157
0.12500000000000003 0.0 0.0 0.0 -70.45424586743957
0.17500000000000002 0.0 0.0 0.0 -137.20037353132972
0.22500000000000003 0.0 0.0 0.0 -226.19521041651652
0.2750000000000001 0.0 0.0 0.0 -337.4387565230001
0.32500000000000007 0.0 0.0 0.0 -470.93101185078035
0.3750000000000001 0.0 0.0 0.0 -626.6719763998573
0.4250000000000001 0.0 0.0 0.0 -804.6616501702309
0.4750000000000001 0.0 0.0 0.0 -1004.9000331619012
0.5250000000000001 0.0 0.0 0.0 -1227.3871253748682
0.5750000000000002 0.0 0.0 0.0 -1472.1229268091322
0.6250000000000001 0.0 0.0 0.0 -1739.1074374646926
0.6750000000000002 0.0 0.0 0.0 -2028.34065734155
0.7250000000000002 0.0 0.0 0.0 -2339.8225864397036
0.7750000000000001 0.0 0.0 0.0 -2673.553224759154
0.8250000000000002 0.0 0.0 0.0 -3029.532572299901
0.8750000000000002 0.0 0.0 0.0 -3407.7606290619456
0.9250000000000002 0.0 0.0 0.0 -3808.2373950452866
0.9750000000000002 0.0 0.0 0.0 -4230.962870249924
1.0250000000000001 0.0 0.0 0.0 -4675.937054675858
1.0750000000000002 0.0 0.0 0.0 -5143.159948323088
1.1250000000000002 0.0 0.0 0.0 -5632.631551191617
1.175 0.0 0.0 0.0 -6144.351863281441
1.225 0.0 0.0 0.0 -6678.320884592561
1.2750000000000001 0.0 0.0 0.0 -7234.5386151249795
1.3250000000000002 0.0 0.0 0.0 -7813.005054878693
1.3750000000000002 0.0 0.0 0.0 -8413.720203853705
1.4250000000000003 0.0 0.0 0.0 -9036.684062050013
1.475 0.0 0.0 0.0 -9681.896629467617
1.5250000000000001 0.0 0.0 0.0 -10349.35790610652
1.5750000000000002 0.0 0.0 0.0 -11039.067891966717
1.6250000000000002 0.0 0.0 0.0 -11751.02658704821
1.6750000000000003 0.0 0.0 0.0 -12485.233991351
1.7250000000000003 0.0 0.0 0.0 -13241.690104875091
1.7750000000000004 0.0 0.0 0.0 -14020.394927620475
1.8250000000000002 0.0 0.0 0.0 -14821.348459587156
1.8750000000000002 0.0 0.0 0.0 -15644.550700775133
1.9250000000000003 0.0 0.0 0.0 -16490.001651184408
1.9750000000000003 0.0 0.0 0.0 -17357.70131081498
2.0250000000000004 0.0 0.0 0.0 -18247.64967966685
2.075 0.0 0.0 0.0 -19159.846757740015
2.1250000000000004 0.0 0.0 0.0 -20094.292545034477
2.1750000000000003 0.0 0.0 0.0 -21050.98704155023
2.2250000000000005 0.0 0.0 0.0 -22029.93024728729
2.2750000000000004 0.0 0.0 0.0 -23031.12216224564
2.325 0.0 0.0 0.0 -24054.56278642529
2.3750000000000004 0.0 0.0 0.0 -25100.252119826237
2.4250000000000003 0.0 0.0 0.0 -26168.19016244847
2.4750000000000005 0.0 0.0 0.0 -27258.376914292017
2.5250000000000004 0.00021148495575726468 9.375e-06 0.000847220202037418 -28364.812375356847
2.5750000000000006 0.002338547324335374 0.0001171875 0.009743032323430307 -29436.496545642978
2.6250000000000004 0.019828826723733015 0.0010671875 0.0858516471397917 -30054.42942515041
2.6750000000000003 0.131808657488172 0.007625 0.5926305313251738 -27644.611013879134
2.7250000000000005 0.5633561337265881 0.0367109375 2.6285006768210892 -14428.041311829154
2.7750000000000004 1.814180038862071 0.1338453125 8.778048513309688 27899.279680999527
2.8250000000000006 4.360333812496164 0.37579375 21.864917770814678 119334.3519646069
2.8750000000000004 7.777150300240127 0.822746875 40.3912231321339 249269.175538993
2.9250000000000003 10.392750545367202 1.4409734375 55.869230206522495 357593.7504041578
2.9750000000000005 10.185272694127287 2.0677484375 56.64175382741362 361752.0765601013
3.0250000000000004 7.415362411071241 2.5395375 42.63565065069803 261226.1540068235
3.0750000000000006 4.17266204006791 2.8138640625 24.790933941917906 133492.98274432437
3.1250000000000004 1.822556739805835 2.9376140625 11.183306666893918 35744.56277260398
3.1750000000000007 0.6321183550704634 2.98191875 4.003821471461832 -16502.10590833771
3.2250000000000005 0.18579969471588087 2.9953546875 1.2142077528866262 -37682.0232985007
3.2750000000000004 0.0467029386838098 2.9988375 0.3147423050569008 -45498.18939788499
3.3250000000000006 0.010509069018239442 2.9996453125 0.07300214074222419 -48678.60420649056
3.3750000000000004 0.0023675051525332237 2.9998328125 0.016944404040748363 -50566.267724317455
3.4250000000000007 0.00021073127988310896 2.99985 0.0015532370370685998 -52188.17995136563
3.4750000000000005 0.0 2.99985 0.0 -53734.3408876351
3.525000000000001 0.0 2.99985 0.0 -55291.750533125865
3.5750000000000006 0.0 2.99985 0.0 -56871.408887837926
3.6250000000000004 0.0 2.99985 0.0 -58473.31595177129
3.6750000000000007 0.0 2.99985 0.0 -60097.47172492596
3.7250000000000005 0.0 2.99985 0.0 -61743.8762073019
3.775000000000001 0.0 2.99985 0.0 -63412.529398899154
3.8250000000000006 0.00026112294944542666 2.9998765625 0.002400457239106018 -65086.431299717726
3.8750000000000004 0.0011524085458905417 2.999996875 0.0108726592594802 -66739.58190975757
3.9250000000000007 0.004682578012261995 3.0004984375 0.04532628080900187 -68230.98122901871
3.9750000000000005 0.02240091459210713 3.002959375 0.22239530303482224 -68734.62925750115
4.025000000000001 0.11348389224454283 3.0157421875 1.1551847454780195 -63908.52599520488
4.075000000000001 0.4538535851941656 3.0681421875 4.735396115921142 -40355.67144212991
4.125000000000001 1.3992406916929392 3.23368125 14.95979071747571 30228.93440172376
4.175000000000002 3.1403235501267988 3.6142625 34.393186508442994 166009.29153635615
4.225000000000001 4.9218698831676955 4.225125 55.203738737822114 311520.3999617672
4.275000000000001 5.409962800783143 4.9125515625 62.12284492449469 358630.259677957
4.325000000000001 4.253621629374333 5.4657625 49.993758105393006 270818.87068492547
4.375000000000001 2.5587704427414697 5.8062859375 30.773155788504116 132763.23298267263
4.425000000000002 1.3868642332973664 5.99509375 17.06259125893258 33707.346571198534
4.475000000000001 1.0694448000745265 6.143996875 13.456398468960309 6188.211450503135
4.525000000000001 1.386499703617462 6.3413828125 17.83779774379682 35214.82762058645
4.575000000000001 2.0654992424126175 6.6419671875 27.163856524457707 99237.19508144844
4.625000000000001 2.7767888662824403 7.05494375 37.320755916583295 169121.31383308914
4.675000000000002 3.28807959237563 7.5545921875 45.15330668441923 222522.18387550855
4.725000000000001 3.435671311414295 8.0878953125 48.194686006366545 241969.80520870665
4.775000000000001 3.2574718532295233 8.6042953125 46.667147982093084 229038.17783268346
4.825000000000001 2.92353690532052 9.0775140625 42.764851731508735 199266.30174743896
4.875000000000001 2.664861861290846 9.5178484375 39.79308566949548 176062.1769529732
4.925000000000002 2.576867782629783 9.952421875 39.2724688553435 170194.80344928615
4.975000000000001 2.5544056199321 10.3919984375 39.724602036497465 171194.18123637774
5.025000000000001 2.4642556487507896 10.824628125 39.09681186678773 164523.31031424808
5.075000000000001 2.1989531119630565 11.2184015625 35.585366536076656 137408.1906828971
5.125000000000002 1.7712506016952667 11.541865625 29.231497427530027 90140.82234232484
5.175000000000002 1.3563228252798236 11.7944125 22.822700209217977 42462.205292531275
5.225000000000001 1.1518364126954408 12.0130484375 19.758163535081632 18445.339533516424
5.275000000000001 1.277853685251723 12.26026875 22.34133793109372 34403.22506528029
5.325000000000001 1.758438666134664 12.6069453125 31.329214647774677 95696.86188782282
5.375000000000002 2.367989234347548 13.082603125 42.985270187405476 175864.25000114407
5.425000000000002 2.724099425615467 13.6400203125 50.373877569373796 225787.38940524403
5.475000000000001 2.5217131336518954 14.1655796875 47.49488211948364 202973.28010012268
5.525000000000001 1.8847020816516542 14.565584375 36.14848556369752 120170.92208578007
5.575000000000001 1.128872727826099 14.8095296875 22.04537567384865 17823.31536221612
5.625000000000002 0.5557002115351651 14.931778125 11.047610231200924 -62554.54007056911
5.675000000000002 0.23714715419917373 14.9848796875 4.798796427706942 -109322.64421257563
5.725000000000001 0.12843860821919995 15.0141484375 2.6450214707608195 -127111.99706380346
5.775000000000001 0.1596198464150668 15.0511609375 3.344825357643727 -124714.59862425257
5.825000000000001 0.30765623874862763 15.123740625 6.559037600806684 -104532.44889392302
5.875000000000002 0.5711828360947734 15.2608125 12.38720657398909 -65860.54787281473
5.925000000000002 0.9462211534482591 15.4917671875 20.8714108805588 -8400.895560927718
5.975000000000001 1.3500672660866186 15.826878125 30.284027325194515 55611.50804173798
6.025000000000001 1.6989359641207407 16.255671875 38.750157600787425 112898.6629351824
6.075000000000002 1.8880605188822448 16.740140625 43.78151597395364 145838.56911940547
6.125000000000002 1.8821609867683011 17.231078125 44.36609791335946 147264.22659440723
6.175000000000002 1.7261384941604012 17.6887 41.355359722052484 123205.63536018776
6.225000000000001 1.5418206967964359 18.104103125 37.54004474554398 93426.79541674696
6.275000000000001 1.40835437652624 18.4896671875 34.84348404582589 71548.70676408487
6.325000000000002 1.3934675239864451 18.877259375 35.02676601619998 70043.36940220147
6.375000000000002 1.4610662594896957 19.2901046875 37.30889483375477 83379.78333109681
6.425000000000002 1.5574526502417765 19.737115625 40.396447656713136 102397.94855077085
6.475000000000001 1.6724402163549523 20.2246296875 44.0567213362488 125449.86506122357
6.525000000000001 1.871751142167455 20.7787015625 50.07156116061344 165154.53286245497
6.575000000000002 2.143595526287423 21.42300625 58.22591440185659 219988.95195446513
6.625000000000002 2.379872767684568 22.14925 65.63076017103063 269493.122337254
6.675000000000002 2.32464669129541 22.8693890625 65.07907861613725 262627.0440108215
6.725000000000001 1.9909285615786774 23.495421875 56.574682228085656 199417.7169751677
6.775000000000001 1.6877860549556103 24.0340546875 48.67633069122482 140478.14123029268
6.825000000000002 1.6541253515293217 24.569765625 48.41228039492316 135582.31677619633
6.875000000000002 1.9373836752944984 25.206440625 57.53641836076514 197151.24361287866
6.925000000000002 2.280526458598414 25.966821875 68.71577133338288 273252.9217403397
6.975000000000001 2.4387985089199202 26.791759375 74.54972964461254 311476.35115857946
7.025000000000002 2.345262261526717 27.596471875 72.72199326208381 295417.53186759795
7.075000000000002 2.158034628627172 28.3475203125 67.87236362225462 257935.4638673951
7.125000000000002 2.00576504643447 29.0554765625 63.97811596358963 227197.147157971
7.175000000000002 1.9258027663851127 29.7447828125 62.2927125750032 212079.58173932554
7.225000000000001 1.8526285925191326 30.417171875 60.763903720426676 198048.76761145887
7.275000000000002 1.719529406260771 31.049921875 57.18171550284547 169453.70477437082
7.325000000000002 1.5048798632949734 31.6113234375 50.7339461552397 120542.39322806147
7.375000000000002 1.2195591211656918 32.0725171875 41.67815061902874 53138.83297253089
7.425000000000002 0.9150083645200049 32.4232484375 31.69563738515586 -20849.975992221036
7.475000000000001 0.6291320091038581 32.667659375 22.087454277216505 -92210.03366619427
7.525000000000002 0.3993724022449447 32.82489375 14.209294821837561 -151340.3400493888
7.575000000000002 0.2283868873545485 32.916009375 8.234133143601666 -197015.89514180456
7.625000000000002 0.1139453689971885 32.9620703125 4.162534055976841 -229232.69894344165
7.675000000000002 0.05313682952177848 32.9838328125 1.9666804956628599 -248187.75145430004
7.725000000000001 0.02235804061995495 32.993109375 0.8383243899160252 -259605.05267437978
7.775000000000002 0.00854304937702889 32.9967 0.3244853373803311 -266692.6026036807
7.825000000000002 0.0034133275236784156 32.998153125 0.13131913131579978 -271531.401242203
7.875000000000002 0.002583759760508444 32.9992671875 0.10067800067544652 -275241.44858994655
7.925000000000002 0.004755434265984996 33.00134375 0.1876592747512881 -278140.7446469115
7.975000000000002 0.01266751823754998 33.0069453125 0.5062140707173572 -279422.28941309766
8.025000000000002 0.031891311129951784 33.021225 1.290457571069994 -277428.08288850513
8.075000000000001 0.07532333586906839 33.0553734375 3.085999585921295 -268294.1250731339
8.125000000000002 0.1694618591451374 33.1331546875 7.029103609570445 -243973.415966984
8.175000000000002 0.35284826039756767 33.2971078125 14.81646929996438 -192449.95557005535
8.225000000000001 0.6515324665363321 33.6035609375 27.69421637093313 -104898.743882348
8.275000000000002 1.0564989546269798 34.106553125 45.455481889812575 17215.219096138026
8.325000000000003 1.4969435112073626 34.8278765625 65.18611076832799 153253.93336540286
8.375000000000002 1.8435698279989243 35.7269296875 81.24757015518635 263285.3989254462
8.425000000000002 2.017354105749883 36.7225140625 89.97111416883163 321327.6157762684
8.475000000000001 1.9963429014392466 37.7194578125 90.09396109812705 318437.58391786925
8.525000000000002 1.8291795790273644 38.6437328125 83.52687490540102 268147.3033502488
8.575000000000003 1.6076799833197495 39.4656421875 74.27607751935446 198828.77407340705
8.625000000000002 1.367092606643215 40.172728125 63.89946568816716 121514.99608734407
8.675000000000002 1.1136503107587081 40.7554265625 52.6585480475347 38057.96939205972
8.725000000000001 0.8619966234229935 41.211665625 41.23039474225197 -46747.306012446
8.775000000000002 0.6372663199065729 41.5528359375 30.8316139824447 -124284.8301261728
8.825000000000003 0.46247059190406864 41.80325625 22.630522426722493 -186280.6029491211
8.875000000000002 0.3543092289885656 41.9972890625 17.534775318201433 -226306.62448129064
8.925000000000002 0.3312193463353853 42.1807265625 16.577275286532146 -237047.89472268143
8.975000000000001 0.37879598053237495 42.3928703125 19.17146354517072 -222658.41367329354
9.025000000000002 0.4719574942223344 42.6601421875 24.153400739884752 -191381.18133312697
9.075000000000003 0.5730577432455043 42.9882734375 29.65327188477766 -156458.19770218158
9.125000000000002 0.6511701370571615 43.3652515625 34.06757154412662 -129245.46278045763
9.175000000000002 0.669224219148472 43.7569390625 35.396860041123325 -123902.97656795493
9.225000000000001 0.6205134241421394 44.1240859375 33.17911995892338 -143702.73906467354
9.275000000000002 0.5176221332821076 44.4336828125 27.97831754534968 -184650.7502706134
9.325000000000003 0.38083533271021747 44.663928125 20.80730455193797 -239574.0101857746
9.375000000000002 0.2521583702454833 44.8180171875 13.925052444054009 -292474.5188101571
9.425000000000002 0.15074089966413437 44.9111171875 8.413461419699585 -335690.2761437609
9.475000000000001 0.07952852980536072 44.9607578125 4.486030969788128 -367709.2821865859
9.525000000000002 0.03570167604739809 44.983278125 2.035164128660884 -389293.5369386323
9.575000000000003 0.014781004330979087 44.9927 0.8514563030476051 -401926.04039989994
9.625000000000002 0.005487257387221794 44.996234375 0.3194020161681066 -409965.79257038893
9.675000000000002 0.0017478077052580853 44.997371875 0.10279605118054005 -415793.7934500992
9.725000000000001 0.0004562325178909571 44.997671875 0.027111046465197377 -420646.0430390308
9.775000000000002 8.702267506018724e-05 44.9977296875 0.0052245245792307445 -425139.5413371836
9.825000000000003 2.793703905485867e-05 44.9977484375 0.001694440404074836 -429525.2883445578
9.875000000000002 1.3827424576340865e-05 44.9977578125 0.000847220202037418 -433914.28406115324
9.925000000000002 2.0532684991144755e-05 44.997771875 0.001270830303056127 -438316.52848696994
9.975000000000001 0.00011744696808505129 44.997853125 0.007342575084324289 -442701.021622008
10.025000000000002 0.0003152932215961936 44.9980734375 0.019909674747879323 -447061.7634662674
10.075000000000003 0.001027287878878688 44.9987984375 0.06551836229089367 -451210.75401974795
10.125000000000002 0.0031457640066112056 45.001040625 0.20262683165394915 -454733.99328244996
10.175000000000002 0.007927317331677538 45.006746875 0.5156746963067752 -457033.48125437315
10.225000000000003 0.020304188036292775 45.02150625 1.3338070047409085 -455778.21793551766
10.275000000000002 0.04221078028769715 45.052490625 2.8000627677336665 -449955.20332588354
10.325000000000003 0.08159902081613835 45.112971875 5.465699930077396 -435660.4374254707
10.375000000000002 0.1436028081995714 45.22044375 9.712249989422947 -410191.9202342791
10.425000000000002 0.2276977334568715 45.3924984375 15.548608757891715 -373486.65175230877
10.475000000000003 0.3235278484570698 45.639315625 22.304907462406113 -330288.6319795597
10.525000000000002 0.4148145711997316 45.958803125 28.87213485849916 -288451.8609160321
10.575000000000003 0.4811297764708524 46.3328953125 33.8067689252661 -258199.33856172563
10.625000000000002 0.5019120057681801 46.7268453125 35.60132251654836 -250207.06491664052
10.675000000000002 0.4704165096068473 47.0995578125 33.68208635219959 -268538.0399807769
10.725000000000003 0.3956917671410914 47.416009375 28.597776716406038 -309306.2637541343
10.775000000000002 0.2982586367703828 47.65676875 21.757462008522932 -362532.73623671307
10.825000000000003 0.20230159613190352 47.8215890625 14.89483716865284 -415939.4574285132
10.875000000000002 0.1258730536144786 47.925090625 9.353452233860102 -460011.42732953455
10.925000000000002 0.07420976020606969 47.9866734375 5.565248303816793 -491689.64593977726
10.975000000000003 0.044475945636807956 48.0239203125 3.3660058626946623 -512137.1132592412
11.025000000000002 0.03487530451612318 48.05339375 2.663519111838636 -522006.82928792655
11.075000000000003 0.03672679555352384 48.0847140625 2.8304214916400072 -525741.7940258331
11.125000000000002 0.045087756276371474 48.1235125 3.5062208061318545 -525895.007472961
11.175000000000002 0.0582953580393121 48.174128125 4.5741418708000205 -523293.4696293101
11.225000000000003 0.07657786148755337 48.2412140625 6.062566562412757 -517736.18049488054
11.275000000000002 0.09703591697772915 48.32698125 7.750794018339319 -510786.1400696725
11.325000000000003 0.1205262929433274 48.4344578125 9.712673599523967 -501920.34835368546
11.375000000000002 0.149490459671768 48.5689421875 12.153373798226761 -489685.8053469197
11.425000000000002 0.18325891028953215 48.7352578125 15.029968790877808 -474386.5110493753
11.475000000000003 0.22036154482804643 48.937 18.231472731010207 -456808.4654610524
11.525000000000002 0.2663302347326952 49.18295625 22.227104407185674 -433628.6685819506
11.575000000000003 0.31355624516763964 49.47504375 26.395992614677798 -409244.1204120702
11.625000000000002 0.3693556514140177 49.8220890625 31.362538642388145 -379232.8209514109
11.675000000000002 0.4330005630484778 50.2324421875 37.08367546337983 -343899.77019997314
11.725000000000003 0.4995047110586836 50.709884375 43.14652443252659 -306168.9681577565
11.775000000000002 0.5716314880593629 51.2609375 49.79875625555739 -264286.4148247611
11.825000000000003 0.6446541911963493 51.8876734375 56.63822374323846 -221100.1102009873
11.875000000000002 0.7195433842752247 52.5931453125 63.753602610049725 -175982.05428643466
11.925000000000002 0.7948411745803287 53.37901875 71.01950426608963 -129820.24708110315
11.975000000000003 0.8685407868656883 54.2449765625 78.25674163862726 -83883.68858499313
12.025000000000002 0.9377321828259947 55.18774375 85.19801675391983 -40065.37879810436
12.075000000000003 0.9957886485741256 56.197221875 91.22669450825109 -2732.3177204368403
12.125000000000004 1.0431798380679875 57.26351875 96.36141374606586 28247.494648009306
12.175000000000002 1.0832761964842332 58.3799515625 100.89220618319497 54928.0583072342
12.225000000000003 1.1089450419714404 59.5322453125 104.13296465935511 72450.37325723795
12.275000000000002 1.1277426631815457 60.7136765625 106.76612504728739 85647.43949802022
12.325000000000003 1.1430526491893442 61.920921875 109.09894587359743 96695.25702958123
12.375000000000004 1.1615788366544184 63.1577078125 111.76853673021733 110105.82585192088
12.425000000000002 1.1749767765072405 64.4188890625 113.9731448992857 120201.14596503938
12.475000000000003 1.1813691893702687 65.6971578125 115.5173449208659 125597.2173689364
12.525000000000002 1.1906134423124122 66.9957765625 117.35637757275512 133059.0400636124
12.575000000000003 1.197976720571665 68.3128796875 119.0268134044389 139304.6140490669
12.625000000000004 1.2038679375277397 69.64700625 120.56522408797184 144592.93932530016
12.675000000000002 1.205366824161451 70.9933953125 121.6733881122368 146812.01589231205
12.725000000000003 1.2043929060546323 72.34933125 122.53614068464488 147270.84375010268
12.775000000000002 1.1964143667492608 73.706890625 122.68285098296437 142636.42289867194
12.825000000000003 1.1767088944901456 75.0525625 121.60857576678093 129332.75333801995
12.875000000000004 1.1547417142361651 76.3834296875 120.27067386439683 114139.8350681467
