0.025 0.0 0.0 0.0 -2.4748244588575496
0.07500000000000001 0.0 0.0 0.0 -17.323771212002846
0.12500000000000003 0.0 0.0 0.0 -47.02166471829344
0.17500000000000002 0.0 0.0 0.0 -91.56850497772933
0.22500000000000003 0.0 0.0 0.0 -150.96429199031053
0.2750000000000001 0.0 0.0 0.0 -225.20902575603702
0.32500000000000007 0.0 0.0 0.0 -314.3027062749088
0.3750000000000001 0.0 0.0 0.0 -418.24533354692585
0.4250000000000001 0.0 0.0 0.0 -537.0369075720882
0.4750000000000001 0.0 0.0 0.0 -670.6774283503959
0.5250000000000001 0.0 0.0 0.0 -819.1668958818487
0.5750000000000002 0.0 0.0 0.0 -982.5053101664472
0.6250000000000001 0.0 0.0 0.0 -1160.6926712041907
0.6750000000000002 0.0 0.0 0.0 -1353.7289789950796
0.7250000000000002 0.0 0.0 0.0 -1561.6142335391137
0.7750000000000001 0.0 0.0 0.0 -1784.348434836293
0.8250000000000002 0.0 0.0 0.0 -2021.9315828866177
0.8750000000000002 0.0 0.0 0.0 -2274.363677690088
0.9250000000000002 0.0 0.0 0.0 -2541.6447192467035
0.9750000000000002 0.0 0.0 0.0 -2823.7747075564635
1.0250000000000001 0.0 0.0 0.0 -3120.75364261937
1.0750000000000002 0.0 0.0 0.0 -3432.5815244354208
1.1250000000000002 0.0 0.0 0.0 -3759.2583530046177
1.175 0.0 0.0 0.0 -4100.78412832696
1.225 0.0 0.0 0.0 -4457.158850402446
1.2750000000000001 0.0 0.0 0.0 -4828.38251923108
1.3250000000000002 0.0 0.0 0.0 -5214.455134812856
1.3750000000000002 0.0 0.0 0.0 -5615.376697147781
1.4250000000000003 0.0 0.0 0.0 -6031.147206235848
1.475 0.0 0.0 0.0 -6461.766662077062
1.5250000000000001 0.0 0.0 0.0 -6907.235064671421
1.5750000000000002 0.0 0.0 0.0 -7367.552414018925
1.6250000000000002 0.0 0.0 0.0 -7842.718710119574
1.6750000000000003 0.0 0.0 0.0 -8332.733952973369
1.7250000000000003 0.0011315291596954537 1.5625e-05 0.0021157006660585827 -8827.59814258031
1.7750000000000004 0.11477656005920729 0.00169375 0.2272262515346918 -8283.311278940395
1.8250000000000002 3.0338034972345933 0.048584375 6.349217698841808 20118.126637946378
1.8750000000000002 22.609383207939803 0.4174453125 49.94555719371157 225629.71560808
1.9250000000000003 58.39883775647258 1.42168125 135.97840907831778 631705.4556314605
1.9750000000000003 68.69303551411214 2.6650953125 168.36428545394295 784200.3467080878
2.0250000000000004 44.10363323481926 3.504346875 113.63872574540521 524942.388837962
2.075 17.895168545931995 3.8618984375 48.414213051618376 216045.58202108304
2.1250000000000004 5.128150163085154 3.9693578125 14.5505197607513 55362.926257450934
2.1750000000000003 1.1257277257807525 3.9940703125 3.346192173438255 1766.4215470656945
2.2250000000000005 0.2113183939597635 3.998925 0.6573481969444017 -11595.932110072701
2.2750000000000004 0.02966599463771123 3.9996375 0.09647595037227139 -14915.134713964238
2.325 0.00554372538932094 3.9997765625 0.01882973592792139 -15965.186264608923
2.3750000000000004 0.0008954108352649872 3.9998 0.0031735509990878743 -16737.08676200675
2.4250000000000003 0.0 3.9998 0.0 -17464.836206157725
2.4750000000000005 0.00016490371225435173 3.9998046875 0.0006347101998175748 -18189.434597061845
2.5250000000000004 0.00031687549046706046 3.9998140625 0.0012694203996351497 -18928.88193471911
2.5750000000000006 0.0017773554357739887 3.99986875 0.007404952331205039 -19657.17821912952
2.6250000000000004 0.004349032120029622 4.0000078125 0.01882973592792139 -20375.323450293075
2.6750000000000003 0.00470559057793463 4.0001640625 0.02115700666058583 -21151.31762820977
2.7250000000000005 0.014102286900502041 4.00065 0.06579829071442193 -21742.16075287962
2.7750000000000004 0.030914059894985756 4.0017546875 0.14958003709034182 -22162.85282430261
2.8250000000000006 0.0743838109993459 4.004509375 0.3729980274261282 -21938.39384247875
2.8750000000000004 0.16893582054232192 4.0109890625 0.8773810662144944 -20400.783807408035
2.9250000000000003 0.3431851786038365 4.0246140625 1.8448909808030842 -16689.022719090462
2.9750000000000005 0.676314446065122 4.052390625 3.7610810740523424 -8508.110577526033
3.0250000000000004 1.2603378084255643 4.1059078125 7.2464863513172535 7074.952617285249
3.0750000000000006 2.131235511336281 4.199421875 12.662256916294012 31767.166865343388
3.1250000000000004 3.370575240758852 4.3521640625 20.682031861055677 68752.53216664838
3.1750000000000007 4.877488030649119 4.5803234375 30.893884265920644 116084.04852120022
3.2250000000000005 6.289990067217848 4.883896875 41.10531353065239 163398.71592899892
3.2750000000000004 7.483926644562456 5.2563796875 50.43597660810396 206535.5343900445
3.3250000000000006 7.805778563856707 5.656834375 54.22350394048203 223457.5039043369
3.3750000000000004 7.341676806015228 6.0448921875 52.54490703203115 214528.62447187616
3.4250000000000007 6.144593878282585 6.3793703125 45.28995787804966 179227.89609266227
3.4750000000000005 4.579300664432406 6.6359734375 34.745305758413686 128363.31876669524
3.525000000000001 3.00028934612809 6.80896875 23.424403064400813 73814.89249397509
3.5750000000000006 1.7314874411320058 6.9116578125 13.904596347403613 27764.61727450177
3.6250000000000004 0.8598478962259296 6.9640890625 7.0994451550261815 -5469.506891724697
3.6750000000000007 0.36452728876777135 6.986934375 3.0933659438442542 -25488.48000470431
3.7250000000000005 0.13448746301980666 6.99559375 1.1725213091296667 -35666.30206443705
3.775000000000001 0.04711500564159579 6.998709375 0.42187071281208144 -40327.97307092295
3.8250000000000006 0.02204808123735844 7.00020625 0.20268412380841225 -42492.493024162
3.8750000000000004 0.031259907526532085 7.002384375 0.2949286728485665 -43199.86192415418
3.9250000000000007 0.07267429189338967 7.0075796875 0.7034704714644788 -42427.079770899516
3.9750000000000005 0.15595049852336848 7.0190140625 1.548269747421671 -39607.146564398
4.025000000000001 0.3247974510757719 7.04343125 3.3062054308497477 -32486.06230464962
4.075000000000001 0.5957722255164065 7.0893390625 6.216140126946723 -19934.82699165438
4.125000000000001 1.009351418956224 7.1690359375 10.791342817298409 472.5593745876977
4.175000000000002 1.5382519200570692 7.29345625 16.84711283375789 27863.096794076642
4.225000000000001 2.1432957909053045 7.4709921875 24.03922567795744 60609.785266812425
4.275000000000001 2.752021509381881 7.704378125 31.601586138717238 95091.62479279509
4.325000000000001 3.413174812742693 8.00064375 40.11580032913679 134057.6153720246
4.375000000000001 4.055942833441472 8.3608890625 48.778959846446874 173712.75700450095
4.425000000000002 4.812371913257538 8.7981453125 59.20661371924981 221693.04969022417
4.475000000000001 5.645465768291916 9.3227546875 71.03464986291692 276277.4934291942
4.525000000000001 6.3891128559350125 9.929809375 82.19814442737504 327706.08822141116
4.575000000000001 6.894914026791643 10.5994796875 90.6766032765382 366428.83406687493
4.625000000000001 6.940624826575951 11.2884046875 93.28378120732219 377385.73096558556
4.675000000000002 6.505470315291711 11.9481734375 89.33588376445688 357344.77891754307
4.725000000000001 5.606863584089051 12.5290359375 78.65159540086104 305448.9779227474
4.775000000000001 4.32636410441097 12.9867765625 61.98029729245261 225240.32798119858
4.825000000000001 3.036975960879323 13.3148609375 44.42421316549849 140834.82909289663
4.875000000000001 1.9081031211333175 13.5252875 28.492775580010754 64093.48125784156
4.925000000000002 1.0639175769980158 13.6450359375 16.214518334606375 4604.28447603331
4.975000000000001 0.5277889396405013 13.705653125 8.207860733974272 -34709.76125252807
5.025000000000001 0.23507242141452436 13.733196875 3.72955713412807 -57361.6559278426
5.075000000000001 0.09003862026013354 13.7439578125 1.457083048714546 -69602.39954991027
5.125000000000002 0.032498336702324625 13.74791875 0.5363301188458508 -75468.99211873111
5.175000000000002 0.010725049341162564 13.7492515625 0.18046926681479714 -78680.43363430507
5.225000000000001 0.006647941910130517 13.75009375 0.11403626590055763 -80538.72409663218
5.275000000000001 0.007151771920278002 13.7510171875 0.12503790936406226 -82045.86350571242
5.325000000000001 0.014048070692183636 13.752865625 0.25028738879473034 -83027.85186154585
5.375000000000002 0.027902198986063293 13.75660625 0.5064987394544248 -83405.68916413237
5.425000000000002 0.05891076832721897 13.7646515625 1.0893742729535643 -82254.37541347208
5.475000000000001 0.11263519207059855 13.78031875 2.1214130578569415 -78994.91060956492
5.525000000000001 0.1979696833926263 13.8083609375 3.7970479853753387 -72708.29475241089
5.575000000000001 0.3226637236550442 13.854896875 6.301191293722278 -62520.52784201002
5.625000000000002 0.47700986614311597 13.9249328125 9.483205095474387 -49143.6098783623
5.675000000000002 0.6269150278722961 14.018621875 12.68595276375387 -35683.540861467714
5.725000000000001 0.7249018097721013 14.128871875 14.928383899709361 -26777.320791326274
5.775000000000001 0.7145644501539928 14.23945625 14.973659893963015 -28270.94966793798
5.825000000000001 0.6106338281317222 14.3356 13.018329338391672 -39235.42749130285
5.875000000000002 0.4527302205090593 14.4081109375 9.818332080978067 -56097.75426142085
5.925000000000002 0.2843551983179707 14.4544328125 6.272206194597275 -74610.92997829198
5.975000000000001 0.15478577511493763 14.480075 3.4720763630687403 -89612.95464191627
6.025000000000001 0.07359527892529498 14.492471875 1.6785969084508796 -99871.8282522937
6.075000000000002 0.029588727416015093 14.4975390625 0.6861217260027984 -106359.5508094243
6.125000000000002 0.012843973190183917 14.499775 0.30275676531298323 -109983.12231330802
6.175000000000002 0.009731496980698594 14.501496875 0.23315021339965583 -112138.5427639449
6.225000000000001 0.015250020546597227 14.5042390625 0.3713054668932813 -113326.8121613349
6.275000000000001 0.029545588715871342 14.5096375 0.7309745801232405 -113482.93050547807
6.325000000000002 0.05196580487247319 14.519284375 1.306233591224569 -112634.89779637437
6.375000000000002 0.0921912785415217 14.5366703125 2.3541401311233856 -109567.71403402384
6.425000000000002 0.15301555506898312 14.56598125 3.968842879459296 -103836.37921842643
6.475000000000001 0.23607572967509063 14.611909375 6.218890537812599 -95116.89334958217
6.525000000000001 0.33153735722358485 14.677409375 8.86901719211758 -84521.25642749107
6.575000000000002 0.43725791881970366 14.765125 11.877120399119672 -72248.46845215309
6.625000000000002 0.5391321143015687 14.874928125 14.867874860660086 -60072.52942356827
6.675000000000002 0.6136647273786701 15.0018046875 17.1797009784623 -51120.43934173658
6.725000000000001 0.661099008761567 15.14054375 18.785940924133975 -45518.19820665807
6.775000000000001 0.6805080255148437 15.2854875 19.62608565862584 -43551.80601833266
6.825000000000002 0.671499067811113 15.43063125 19.65316662715139 -45443.26277676044
6.875000000000002 0.6507820818139244 15.573365625 19.326925584445153 -49019.56848194133
6.925000000000002 0.6193778322045519 15.7111953125 18.662807145369367 -54207.72313387538
6.975000000000001 0.6027571736045639 15.8472703125 18.42521396057099 -57394.72673256259
7.025000000000002 0.5832497194769911 15.9808359375 18.085432433601976 -61079.57927800293
7.075000000000002 0.5620385604004104 16.1113828125 17.676679064919462 -65105.280770196405
7.125000000000002 0.535904396644838 16.237625 17.09380353142032 -69968.83120914304
7.175000000000002 0.48854308963144694 16.35433125 15.80259141492477 -78195.23059484284
7.225000000000001 0.42906495409825407 16.4582625 14.07279455035527 -88509.47892729574
7.275000000000002 0.3509638611786719 16.54445625 11.671051154245568 -102014.5762065018
7.325000000000002 0.2779539793143131 16.6136609375 9.37064982004007 -115055.52243246103
7.375000000000002 0.20801177456917502 16.6661609375 7.1087542379568385 -127929.31760517339
7.425000000000002 0.1542995712733502 16.705634375 5.344894592663798 -138463.9617246389
7.475000000000001 0.1251360023218785 16.7380796875 4.393252433070647 -145174.45479085753
7.525000000000002 0.1389870084001491 16.7746 4.945027166778726 -144793.79680382938
7.575000000000002 0.19474324937629586 16.826453125 7.021164230382013 -137222.98776355427
7.625000000000002 0.296462487095742 16.9064359375 10.83006013948728 -121477.02767003234
7.675000000000002 0.3999761823543561 17.015765625 14.80376913047851 -104966.91652326359
7.725000000000001 0.47403675476645923 17.1470328125 17.77421286562476 -93213.65432324796
7.775000000000002 0.45415087796672593 17.2744265625 17.24973067050884 -97994.2410699855
7.825000000000002 0.3570229010896294 17.3758671875 13.735551864185533 -116920.67676347616
7.875000000000002 0.22866967555571815 17.441671875 8.910273355105721 -142058.96140371996
7.925000000000002 0.11931690256273796 17.4764453125 4.708491832313377 -164265.09499071693
7.975000000000002 0.0520486230216816 17.49180625 2.0799453248021926 -179050.077524467
8.025000000000002 0.017824192693145578 17.4971328125 0.7212423570593709 -187847.90900497028
8.075000000000001 0.005164019872036583 17.4986953125 0.2115700666058583 -192647.58943222667
8.125000000000002 0.0011731514469163547 17.4990546875 0.04866111531934741 -195823.11880623622
8.175000000000002 0.0003224611896622539 17.4991546875 0.01354048426277493 -198409.4971269989
8.225000000000001 0.0007466076968636377 17.4993890625 0.03173550999087874 -200758.72439451475
8.275000000000002 0.00177027007890629 17.4999515625 0.07616522397810899 -202998.8006087837
8.325000000000003 0.005057725955093531 17.501578125 0.2202444393366985 -204782.72576980578
8.375000000000002 0.01240977708737103 17.5056171875 0.5469086221761437 -205718.49987758108
8.425000000000002 0.03011886401875023 17.5155375 1.3432583528805941 -204449.1229321095
8.475000000000001 0.06748470444521719 17.5380296875 3.0455511087913303 -198912.59493339102
8.525000000000002 0.13428041854533784 17.5833140625 6.131723670370985 -186849.91588142575
8.575000000000003 0.24659400217107671 17.667453125 11.392836516658862 -164522.08577621361
8.625000000000002 0.41725905328638574 17.8114890625 19.503163449927836 -128742.10461775458
8.675000000000002 0.63902841970397 18.03464375 30.216225342582078 -80674.97240604874
8.725000000000001 0.8700018155141624 18.34196875 41.61329326057305 -29389.689141096023
8.775000000000002 1.074466608657256 18.7258828125 51.98382321539241 17028.745177103614
8.825000000000003 1.1833343039017612 19.153528125 57.90524623955717 42403.33054855
8.875000000000002 1.1586884190234241 19.577025 57.34352771271862 37120.06697324326
8.925000000000002 1.052827609136537 19.966178125 52.693217648721856 12496.95445118341
8.975000000000001 0.9169505497689592 20.308915625 46.40831725012823 -19867.00701762963
9.025000000000002 0.860264734078776 20.6340578125 44.02582673007966 -33800.81743319577
9.075000000000003 0.9665733327152782 21.0034390625 50.016010025891326 -8175.476795515016
9.125000000000002 1.2197653616879036 21.4747296875 63.81503291005861 54344.01489541249
9.175000000000002 1.4883079150808098 22.0560984375 78.72014410244134 122076.65763958692
9.225000000000001 1.6140288077185958 22.6934671875 86.30281528959529 155184.45143700822
9.275000000000002 1.5149135558757194 23.2981984375 81.88353973833212 131549.39628767633
9.325000000000003 1.2238049045135488 23.7920046875 66.86375756984904 57795.4921915913
9.375000000000002 0.8893358210984041 24.1547109375 49.112182701351095 -28885.260851246887
9.425000000000002 0.607663435844143 24.405190625 33.91616266738533 -103501.8628408382
9.475000000000001 0.41464609978251415 24.5779265625 23.389282433344242 -156064.31377718266
9.525000000000002 0.29634428266929597 24.7026859375 16.89302353821136 -189590.6136602803
9.575000000000003 0.22034521356933226 24.7964265625 12.692934575951861 -212278.76249013102
9.625000000000002 0.1653255973090143 24.867496875 9.623264479567464 -229638.76026673487
9.675000000000002 0.12304776559944977 24.92094375 7.236965698319989 -243783.60699009197
9.725000000000001 0.08904821821001985 24.9600234375 5.291578935879122 -255859.30266020214
9.775000000000002 0.06123358454421152 24.9871734375 3.6762414773433933 -266389.84727706545
9.825000000000003 0.044443864488514444 25.00708125 2.6956142186252405 -273935.240840682
9.875000000000002 0.03425742121622312 25.0225828125 2.09898663079672 -279680.4833510516
9.925000000000002 0.030026501381076702 25.0363078125 1.8584314650658595 -283757.57480817434
9.975000000000001 0.031817634103918496 25.0509984375 1.9891817662282796 -286094.51521205023
10.025000000000002 0.033963632896024894 25.0668375 2.144685765183586 -288329.3045626793
10.075000000000003 0.03995011555027896 25.0856546875 2.5479383121343515 -289407.94286006154
10.125000000000002 0.04687462584669633 25.107953125 3.019316420532204 -290179.4301041969
10.175000000000002 0.05603568892659619 25.1348734375 3.6451406775523325 -290235.76629508537
10.225000000000003 0.06635233924826946 25.1670640625 4.358766512213893 -289891.951432727
10.275000000000002 0.07779918582996681 25.205178125 5.160828634716701 -289144.9855171218
10.325000000000003 0.08883537013162826 25.2491234375 5.9504081232897645 -288471.86854826973
10.375000000000002 0.10362229102543986 25.30088125 7.008258456319055 -286545.6005261708
10.425000000000002 0.12073087998563084 25.3617671875 8.24425078543048 -283792.181450825
10.475000000000003 0.14284854531522054 25.4345 9.848375030436097 -279313.61132223235
10.525000000000002 0.1698183744841796 25.5217921875 11.819784911069485 -273113.89014039293
10.575000000000003 0.20499586385845286 25.6281703125 14.404113274660046 -264032.01790530654
10.625000000000002 0.24300696562125434 25.75546875 17.23682489644588 -253790.99461697333
10.675000000000002 0.29098929540647606 25.909340625 20.834997019211713 -239946.82027539331
10.725000000000003 0.3540518638257771 26.0983171875 25.58834170564553 -220657.49488056637
10.775000000000002 0.4283385550969496 26.32908125 31.246571566952607 -197106.01843249262
10.825000000000003 0.5169820802627267 26.6101921875 38.063782253126575 -168091.39093117206
10.875000000000002 0.6342465537726606 26.958259375 47.12998274732082 -128461.61237660458
10.925000000000002 0.7867281953347246 27.3939859375 58.99948662404268 -75596.68276879023
10.975000000000003 0.9756520242551303 27.9393046875 73.83879952571097 -8709.602107728948
11.025000000000002 1.2032537933478615 28.617978125 91.89567000032116 73370.6296065789
11.075000000000003 1.435200536315519 29.4348359375 110.60650355081006 158527.01237413386
11.125000000000002 1.6646059794464447 30.3908359375 129.44702955212833 244281.54619493562
11.175000000000002 1.8461655744374146 31.460659375 144.8592741941653 313817.2310689842
11.225000000000003 1.9517903204809517 32.601834375 154.52062128572183 356156.0669962797
11.275000000000002 1.947955048497029 33.7509359375 155.59391623361333 357888.05397682195
11.325000000000003 1.8425262574649381 34.84750625 148.48093059432438 320912.1920106111
11.375000000000002 1.667360986622342 35.848609375 135.55421109477305 256442.48109764716
11.425000000000002 1.464623627671454 36.735734375 120.1210210161421 180110.92123793007
11.475000000000003 1.2590145637608254 37.5050109375 104.16377188252845 101287.51243145979
11.525000000000002 1.0881327294531187 38.1756828125 90.81221968923255 34765.25467823632
11.575000000000003 0.9786630764921875 38.784128125 82.38644178665425 -8489.852021740226
11.625000000000002 0.9373553104175538 39.3719375 79.59223591699069 -25141.807668469963
11.675000000000002 0.9542227519477926 39.9754828125 81.72295805777829 -18530.612261952774
11.725000000000003 1.0425908161604194 40.64058125 90.05754926164947 17388.734197811224
11.775000000000002 1.1769175369982077 41.3977875 102.5293931179982 72848.23171082209
11.825000000000003 1.3139173803278228 42.25033125 115.43855230202125 130359.88027707976
11.875000000000002 1.4206256289065413 43.179925 125.87149542648935 176152.6798965843
11.925000000000002 1.4452477288156913 44.1336109375 129.13369428348506 188037.63056933577
11.975000000000003 1.404728259674761 45.0683484375 126.56798408575582 172361.73229533405
12.025000000000002 1.290999270507907 45.934596875 117.29423335622123 124964.98507457913
12.075000000000003 1.1213045245368118 46.6932515625 102.72551856974182 52526.388907071145
12.125000000000004 0.9509716919798478 47.3420015625 87.84389165475237 -21406.056207190035
12.175000000000002 0.8044671869152799 47.8953421875 74.92500024766545 -86076.35026820435
12.225000000000003 0.6908451959225226 48.374440625 64.87224853288808 -137214.49327597173
12.275000000000002 0.6126905474135181 48.802821875 58.00489574092854 -173311.4852304923
12.325000000000003 0.557295974198187 49.195653125 53.19125358551205 -199716.32613176608
12.375000000000004 0.526871369978418 49.5700578125 50.696207790029156 -215177.01597979298
12.425000000000002 0.5087086354882545 49.9344828125 49.34490977461754 -225246.55477457301
12.475000000000003 0.5051366341766353 50.2992671875 49.39357088993689 -228713.94251610618
12.525000000000002 0.5278734489893693 50.6835328125 52.03142648037873 -219958.17920439248
12.575000000000003 0.5598731976693682 51.094353125 55.62705976234529 -206690.26483943197
12.625000000000004 0.6037385727932923 51.540890625 60.46333991488861 -187573.1994212246
12.675000000000002 0.6566711754347899 52.0304328125 66.28638285808165 -163806.98294977035
12.725000000000003 0.7185014251145506 52.570303125 73.10105470345634 -135368.6154250693
12.775000000000002 0.775846190540262 53.1578515625 79.5569037158675 -108641.09684712131
12.825000000000003 0.8419311616273545 53.800446875 87.01051716239189 -77212.42721592652
12.875000000000004 0.9040572746106431 54.49585 94.16095070347008 -47231.60653148481
