0.025 0.0 0.0 0.0 -2.4720788023663007
0.07500000000000001 0.0 0.0 0.0 -17.304551616564105
0.12500000000000003 0.0 0.0 0.0 -46.969497244959705
0.17500000000000002 0.0 0.0 0.0 -91.46691568755314
0.22500000000000003 0.0 0.0 0.0 -150.79680694434435
0.2750000000000001 0.0 0.0 0.0 -224.95917101533342
0.32500000000000007 0.0 0.0 0.0 -313.9540079005202
0.3750000000000001 0.0 0.0 0.0 -417.7813175999049
0.4250000000000001 0.0 0.0 0.0 -536.4411001134873
0.4750000000000001 0.0 0.0 0.0 -669.9333554412676
0.5250000000000001 0.0 0.0 0.0 -818.2580835832455
0.5750000000000002 0.0 0.0 0.0 -981.4152845394214
0.6250000000000001 0.0 0.0 0.0 -1159.4049583097951
0.6750000000000002 0.0 0.0 0.0 -1352.2271048943664
0.7250000000000002 0.0 0.0 0.0 -1559.881724293136
0.7750000000000001 0.0 0.0 0.0 -1782.368816506103
0.8250000000000002 0.0 0.0 0.0 -2019.6883815332678
0.8750000000000002 0.0 0.0 0.0 -2271.8404193746305
0.9250000000000002 0.0 0.0 0.0 -2538.824930030191
0.9750000000000002 0.0 0.0 0.0 -2820.6419134999487
1.0250000000000001 0.0 0.0 0.0 -3117.2913697839053
1.0750000000000002 0.0 0.0 0.0 -3428.773298882059
1.1250000000000002 0.0 0.0 0.0 -3755.087700794411
1.175 0.0 0.0 0.0 -4096.234575520961
1.225 0.0 0.0 0.0 -4452.213923061708
1.2750000000000001 0.0 0.0 0.0 -4823.025743416653
1.3250000000000002 0.0 0.0 0.0 -5208.670036585796
1.3750000000000002 0.0 0.0 0.0 -5609.146802569137
1.4250000000000003 0.0 0.0 0.0 -6024.456041366676
1.475 0.0 0.0 0.0 -6454.597752978411
1.5250000000000001 0.0 0.0 0.0 -6899.5719374043465
1.5750000000000002 0.0 0.0 0.0 -7359.378594644478
1.6250000000000002 0.0 0.0 0.0 -7834.017724698808
1.6750000000000003 0.0 0.0 0.0 -8323.489327567335
1.7250000000000003 0.000679671547115163 9.375e-06 0.001270830303056127 -8821.793403250062
1.7750000000000004 0.1260306866619693 0.00185 0.2495063495000196 -8168.929951746984
1.8250000000000002 3.4751898682122144 0.055503125 7.272961824390215 24457.101026941895
1.8750000000000002 23.646029027965064 0.4408484375 52.23557336166751 236191.29953281657
1.9250000000000003 57.87543386519017 1.4349796875 134.75969255627376 625250.6655658771
1.9750000000000003 66.57987018591798 2.63880625 163.18498935988165 758877.1991261233
2.0250000000000004 43.363885973859105 3.463065625 111.73267107499775 515360.90021355543
2.075 18.623478805009437 3.83475625 50.384609025266265 225108.7688281733
2.1250000000000004 5.847257361097526 3.9571484375 16.590901411448247 64934.80496997701
2.1750000000000003 1.4970794451488665 3.9899765625 4.450024111201538 6976.008638966512
2.2250000000000005 0.33819898276425253 3.9977375 1.0520356858799638 -9719.620164858194
2.2750000000000004 0.06955805230481213 3.99940625 0.2262077939439906 -14286.081441497094
2.325 0.013781169208657386 3.9997515625 0.04680891616256735 -15815.375190950193
2.3750000000000004 0.0016135296094500094 3.99979375 0.005718736363752572 -16706.50141321749
2.4250000000000003 0.00011464300669539692 3.999796875 0.000423610101018709 -17443.460108298983
2.4750000000000005 0.00011005791025022661 3.9998 0.000423610101018709 -18170.25127619468
2.5250000000000004 5.2871238939316164e-05 3.9998015625 0.0002118050505093545 -18912.874916904566
2.5750000000000006 0.000457541867804747 3.999815625 0.0019062454545841906 -19661.331030428653
2.6250000000000004 0.0015654336887157643 3.999865625 0.006777761616299344 -20409.61961676694
2.6750000000000003 0.003721545368679624 3.9999890625 0.016732598990239007 -21148.740675919424
2.7250000000000005 0.01207515967536442 4.0004046875 0.0563401434354883 -21762.694207886103
2.7750000000000004 0.034362786664094334 4.00163125 0.1662669646498433 -22059.480212666986
2.8250000000000006 0.08190039777099392 4.0046609375 0.41068999293763836 -21736.09869026206
2.8750000000000004 0.18727149543105745 4.0118359375 0.9726087919389558 -19928.54964067134
2.9250000000000003 0.3811537618030997 4.0269515625 2.0490020586274955 -15706.833063894814
2.9750000000000005 0.7235312663423479 4.056634375 4.023660544526208 -7258.948959932481
3.0250000000000004 1.295886430790363 4.1116 7.450878066818072 8032.102671215649
3.0750000000000006 2.2127094262335745 4.20858125 13.146315875014617 34017.32182954958
3.1250000000000004 3.419710155540986 4.363378125 20.98352635396175 70099.70851506932
3.1750000000000007 4.868325666088264 4.59085625 30.835850083454886 115681.26272777485
3.2250000000000005 6.340179604661114 4.8965125 41.43330398063993 164765.9844676662
3.2750000000000004 7.403295782920292 5.2645734375 49.892585892933035 203740.87373474333
3.3250000000000006 7.705840920437047 5.6594625 53.52927861017865 219931.9305290063
3.3750000000000004 7.26110870900499 6.0428359375 51.96827538792471 211568.15485045503
3.4250000000000007 6.071158594737828 6.37295 44.74868843626285 176473.54669908958
3.4750000000000005 4.55951438042814 6.6281609375 34.59517792494542 127512.10607490994
3.525000000000001 3.0092102057849894 6.801478125 23.49405161764913 74061.83297791608
3.5750000000000006 1.7453849296360142 6.9048765625 14.016199217456533 28260.727408108047
3.6250000000000004 0.8957162621527953 6.959434375 7.395596948635132 -4065.2106345141947
3.6750000000000007 0.40721347001108216 6.9849265625 3.4555993990601186 -23749.981149950647
3.7250000000000005 0.15317308502379942 6.994778125 1.33543084346148 -34857.584138201266
3.775000000000001 0.0586871401484358 6.9986546875 0.5254883303137085 -39794.0195992661
3.8250000000000006 0.03343141761576301 7.000921875 0.3073291282890734 -41951.28753314515
3.8750000000000004 0.04332756805653401 7.0039375 0.4087837474830542 -42614.38793983837
3.9250000000000007 0.09275443081298408 7.0105609375 0.8978416091091538 -41462.32081934581
3.9750000000000005 0.18765566166873746 7.0243046875 1.8630372242802824 -38077.08617166743
4.025000000000001 0.3733482725602919 7.052340625 3.800418021289348 -30116.68399680325
4.075000000000001 0.6677274858864365 7.1037359375 6.966903526404197 -16368.114294753272
4.125000000000001 1.0704993631080226 7.1881671875 11.44509770932348 3558.622934482497
4.175000000000002 1.5703422741753736 7.3150421875 17.198570101359586 29491.52769090409
4.225000000000001 2.148320063021061 7.492796875 24.095577961095696 60808.59997451146
4.275000000000001 2.7374999799368203 7.72469375 31.434834766295335 94198.83978530465
4.325000000000001 3.3707778378059094 8.0169546875 39.617499282623236 131556.24712328365
4.375000000000001 4.0628604068951795 8.3774140625 48.86215432220503 173912.82198844844
4.425000000000002 4.79191048706715 8.812328125 58.954876784026276 220258.564380799
4.475000000000001 5.628775560626466 9.33480625 70.82464361962101 274979.47430033545
4.525000000000001 6.360286280814611 9.9384515625 81.82728057843045 325591.55174705765
4.575000000000001 6.901009762596821 10.6079703125 90.75676970285433 366400.79672096565
4.625000000000001 6.904901737546672 11.2925890625 92.80365371097673 374700.2092220594
4.675000000000002 6.478023209050742 11.9488453125 88.95896843413092 355168.78925033903
4.725000000000001 5.547697086456248 12.522940625 77.82162346319754 301191.53680580447
4.775000000000001 4.309909188459425 12.978434375 61.74456110428498 223877.45188845563
4.825000000000001 3.0542929284038554 13.3080234375 44.677521939291715 141874.53449829266
4.875000000000001 1.9352857861276749 13.5212109375 28.898681091496332 65938.78463531547
4.925000000000002 1.0747719745098874 13.642046875 16.379943581140928 5380.202299524084
4.975000000000001 0.5399790971431028 13.7039953125 8.397434837544377 -33776.21250908151
5.025000000000001 0.239698953203991 13.73205 3.8029596818954605 -56951.45979050128
5.075000000000001 0.09851508882653369 13.7438109375 1.5942566151839113 -68877.53954473526
5.125000000000002 0.03381784106233083 13.747928125 0.5581063080921491 -75282.45177178344
5.175000000000002 0.011051643636042366 13.7493 0.18596483434721325 -78567.19647164582
5.225000000000001 0.0061243812205321905 13.750075 0.10505530505263982 -80491.7736443224
5.275000000000001 0.009170734982103081 13.7512578125 0.16033642323558137 -81788.18328981314
5.325000000000001 0.019342009008313978 13.7538 0.34460681717871977 -82490.42540811813
5.375000000000002 0.03772264000173586 13.7588515625 0.6847657282967431 -82471.49999923729
5.425000000000002 0.07528657083831315 13.769121875 1.3921945969979872 -80733.40706317064
5.475000000000001 0.13465560383139896 13.78783125 2.5361536747990105 -76949.14659991823
5.525000000000001 0.22706712930857045 13.819959375 4.355135448573347 -69992.71860947997
5.575000000000001 0.34870507995840105 13.8701953125 6.809744178926256 -60050.12309185593
5.625000000000002 0.49053742071818934 13.9421375 9.75213994060221 -47819.360047046066
5.675000000000002 0.6259784709525489 14.0355828125 12.667001045711945 -35733.429475050434
5.725000000000001 0.6979683912219383 14.14161875 14.373726142716324 -29366.331375868976
5.775000000000001 0.6781518715505367 14.2464515625 14.210636253824124 -31842.065749501737
5.825000000000001 0.5854913280071324 14.338534375 12.48230704166779 -41722.63259594867
5.875000000000002 0.4345400096840974 14.4080546875 9.42384211231271 -57898.03191520982
5.925000000000002 0.27801659946608276 14.45329375 6.132391627397341 -75188.26370728516
5.975000000000001 0.15605299812058654 14.4791171875 3.5005020697681015 -89379.3279721747
6.025000000000001 0.07501423716694729 14.4917390625 1.7109611980145656 -99608.22470987843
6.075000000000002 0.03366795655324753 14.4974984375 0.7807134161774807 -105794.95392039636
6.125000000000002 0.015490987625024912 14.5001921875 0.36515190707812717 -109566.5156037285
6.175000000000002 0.013366938126987311 14.5025546875 0.32024923637014396 -111602.90975987483
6.225000000000001 0.021530325725976907 14.506421875 0.5242175000106524 -112479.13638883535
6.275000000000001 0.03742888058185485 14.513253125 0.9260116808268978 -112436.19549061007
6.325000000000002 0.06896023657459557 14.526040625 1.7334125333685573 -110493.08706519901
6.375000000000002 0.11570094686051693 14.5478359375 2.954468649554986 -106611.81111260214
6.425000000000002 0.181586761632439 14.58258125 4.709908908176516 -100222.36763281944
6.475000000000001 0.2668590847418866 14.634440625 7.029809626405477 -91182.75662585096
6.525000000000001 0.3741222016958114 14.708271875 10.008212246668018 -79048.97809169668
6.575000000000002 0.4802562663143736 14.80450625 13.045073060871145 -66654.0320303566
6.625000000000002 0.5774569292048509 14.921984375 15.924774527596327 -55015.91844183068
6.675000000000002 0.6507678155210084 15.0563828125 18.218411419562127 -46159.637326119
6.725000000000001 0.6887484536957033 15.2007640625 19.571633887266394 -41758.188683221524
6.775000000000001 0.6873153440185031 15.3469953125 19.82241106706947 -42576.572513138206
6.825000000000002 0.6707613267585346 15.49181875 19.63157471656054 -45494.788815869106
6.875000000000002 0.6484880633890286 15.6338921875 19.258797827664075 -49286.83759141422
6.925000000000002 0.6162207017858168 15.7708671875 18.567677947852054 -54596.7188397735
6.975000000000001 0.5963799145614624 15.905353125 18.23027250239065 -58251.432560946996
7.025000000000002 0.5738837846720162 16.036628125 17.79501312359393 -62382.97875493468
7.075000000000002 0.5474968301753126 16.16365625 17.2193269963095 -67192.35742173661
7.125000000000002 0.5047326159296472 16.2824234375 16.099513694266545 -74585.56856135267
7.175000000000002 0.45834923034513336 16.3917953125 14.825929925553798 -82719.61217378298
7.225000000000001 0.38898058207925773 16.4859125 12.758077217430968 -94618.48825902745
7.275000000000002 0.3202844320052442 16.564484375 10.6508287699134 -106718.19681708614
7.325000000000002 0.2509647910468819 16.6269 8.460764547646674 -119223.73784795901
7.375000000000002 0.19088304149277419 16.6750234375 6.523383750637609 -130551.1113516461
7.425000000000002 0.1496588248435744 16.7132671875 5.184140416266961 -139069.31732814736
7.475000000000001 0.134764876194952 16.7481703125 4.731301218277961 -143417.35577746283
7.525000000000002 0.1543276879031792 16.7886765625 5.490834129404506 -142056.22669959252
7.575000000000002 0.22048534492498092 16.84731875 7.949255350666584 -132688.9300945364
7.625000000000002 0.32419871363581493 16.9346875 11.843291204281067 -116558.46596229443
7.675000000000002 0.4275343979834737 17.0514203125 15.823743518503365 -100034.83430286672
7.725000000000001 0.4769809479303629 17.18335625 17.884606659959385 -92589.03511625316
7.775000000000002 0.4364706382437521 17.3056546875 16.578193108417686 -101056.06840245379
7.825000000000002 0.3295072241083879 17.3991734375 12.676955883085885 -121788.9341614687
7.875000000000002 0.197157539144604 17.455846875 7.682380987024797 -147698.6323932977
7.925000000000002 0.09557027374732374 17.48366875 3.7714007293695664 -168507.16309794103
7.975000000000002 0.037605038449965315 17.4947546875 1.5027568333638701 -181576.52627539844
8.025000000000002 0.010950315606279539 17.4980234375 0.4430961656655696 -188952.72192567008
8.075000000000001 0.0029519303212929347 17.498915625 0.12094068384084142 -192861.75004875593
8.125000000000002 0.0006689283913623845 17.4991203125 0.02774646161672544 -195704.610644656
8.175000000000002 0.0002925550238691355 17.4992109375 0.01228469292954256 -198195.30371337023
8.225000000000001 0.0005830008049616391 17.49939375 0.024781190909594478 -200568.8292548987
8.275000000000002 0.001880539586540731 17.499990625 0.08090952929457342 -202751.18726924135
8.325000000000003 0.004348346785593912 17.5013875 0.18935371515536292 -204701.37775639814
8.375000000000002 0.012452396334542625 17.5054359375 0.5487868858697375 -205481.4007163692
8.425000000000002 0.028376136146144267 17.514771875 1.2655351767933931 -204589.2561491544
8.475000000000001 0.06312920825348874 17.5357890625 2.8489897344013273 -199619.9440547538
8.525000000000002 0.12909542118355335 17.5792765625 5.894958165776354 -187760.46443316748
8.575000000000003 0.24297569051089135 17.6620890625 11.225667676995789 -165128.8172843953
8.625000000000002 0.41402482744264185 17.80485 19.351992049888192 -129313.0026084373
8.675000000000002 0.6387034346284768 18.02764375 30.200858542027838 -80658.02040529353
8.725000000000001 0.8814097250919706 18.338653125 42.158948083684976 -26780.870674963982
8.775000000000002 1.0773410782702595 18.7231671875 52.12289307479654 17666.446582551434
8.825000000000003 1.17796556835165 19.1484 57.64253269107032 41115.931367252604
8.875000000000002 1.172579204781418 19.5764984375 58.030983153704476 40324.583679139585
8.925000000000002 1.0634722496939095 19.96915 53.22597377784926 14998.403518212406
8.975000000000001 0.934461717596584 20.3180453125 47.29458514338529 -15660.60911552902
9.025000000000002 0.8905551023296827 20.6542625 45.575998963552394 -26444.454222084634
9.075000000000003 0.9951981467305075 21.0341609375 51.49722095559191 -1173.1318014544086
9.125000000000002 1.225512691544045 21.507146875 64.11571864473721 55703.35814636154
9.175000000000002 1.4766501272106112 22.083321875 78.10353598542548 119030.01562136339
9.225000000000001 1.588929125898167 22.7100828125 84.96072449566584 148675.840623551
9.275000000000002 1.491470252757891 23.3047953125 80.61639110466847 125420.8331529244
9.325000000000003 1.2320064493438365 23.801359375 67.31185685692337 59846.993209483626
9.375000000000002 0.9094584845053985 24.1718609375 50.22342538182865 -23606.679206771398
9.425000000000002 0.6218138007812265 24.4278890625 34.70595196636181 -99658.18409584055
9.475000000000001 0.4211257191591325 24.6031296875 23.754783634826143 -154165.52145772392
9.525000000000002 0.29315106190116014 24.7264078125 16.71099487508705 -190239.69129242154
9.575000000000003 0.20819154906186513 24.8148796875 11.99282556994067 -215348.6935999333
9.625000000000002 0.15252610603459943 24.880375 8.878232302200612 -232901.5283802593
9.675000000000002 0.1104432006281352 24.92829375 6.495637289020884 -247013.19563339947
9.725000000000001 0.07695002991209277 24.9620265625 4.572659235446454 -258969.69535935385
9.775000000000002 0.05300386500422648 24.9855015625 3.182159078852542 -268427.0275581224
9.825000000000003 0.03829469628444752 25.0026359375 2.3226541838855814 -275392.1922297052
9.875000000000002 0.029518094614343664 25.015978125 1.808603326299378 -280741.18937410216
9.925000000000002 0.02567612258142651 25.0277015625 1.589173293971687 -284714.01899131335
9.975000000000001 0.027736682530162933 25.04049375 1.7340479485200853 -286981.68108133867
10.025000000000002 0.03033187875419552 25.0546234375 1.9153530717560927 -289092.17564417823
10.075000000000003 0.0365904887375605 25.0718390625 2.333668046512068 -290098.502679832
10.125000000000002 0.042780198319872946 25.0921671875 2.755583707126702 -291102.6621883
10.175000000000002 0.05103156265308682 25.11665625 3.3196205566331134 -291450.6541695821
10.225000000000003 0.0609577036334138 25.146196875 4.004386284929856 -291243.47862367844
10.275000000000002 0.07054181307837314 25.1807171875 4.679408980903169 -291097.13555058907
10.325000000000003 0.08303355976584853 25.221746875 5.561788821325139 -289986.6249503138
10.375000000000002 0.09510016741145325 25.2691953125 6.4318839688175675 -288948.94682285277
10.425000000000002 0.11159701337753414 25.3254125 7.620533912276066 -286422.1011682058
10.475000000000003 0.13073381801347922 25.391903125 9.013152119375071 -282947.08798637317
10.525000000000002 0.15761866316557743 25.472834375 10.970654396182526 -276819.90727735474
10.575000000000003 0.19106811914289246 25.571875 13.425474931585944 -268359.55904115044
10.625000000000002 0.2277344505484279 25.691040625 16.153523982146428 -258624.0432777604
10.675000000000002 0.27780262623056035 25.8377765625 19.89082409838399 -244138.35998718464
10.725000000000003 0.3372950482812557 26.017609375 24.37727867827314 -226130.5091694229
10.775000000000002 0.4077813776840506 26.2370546875 29.74696031878629 -203967.49082447536
10.825000000000003 0.5000340821867678 26.5086484375 36.815953879536 -173796.30495234212
10.875000000000002 0.6146422956020954 26.8455828125 45.67321748173619 -135196.95155302307
10.925000000000002 0.7707747327743839 27.272 57.80308091935641 -81161.43062651815
10.975000000000003 0.9588831408137005 27.8073515625 72.56970543076758 -14691.74217282742
11.025000000000002 1.1884218072327006 28.476915625 90.7629120493191 67941.11380804895
11.075000000000003 1.4385397532407829 29.294765625 110.86384675780837 159566.13731611124
11.125000000000002 1.6893718244197482 30.2639125 131.37292979862914 253103.32835135935
11.175000000000002 1.8802682390822962 31.3522890625 147.53513778784648 326102.6869137932
11.225000000000003 2.001686619614378 32.5213390625 158.47084435069496 374411.213003413
11.275000000000002 2.00429258969234 33.7023625 160.09390645274814 378736.9066202184
11.325000000000003 1.8907366176131823 34.8263765625 152.36598737986384 338898.76776420977
11.375000000000002 1.7059550088395035 35.849515625 138.69185331897992 270971.7964353868
11.425000000000002 1.4751496934129738 36.742025 120.98431568124634 183986.9926337498
11.475000000000003 1.2577965270943534 37.5097046875 104.06299839100352 100699.3563592984
11.525000000000002 1.0809433833594413 38.17520625 90.21221891799479 31893.88761203288
11.575000000000003 0.9672529832115566 38.775890625 81.42591000771523 -13015.41360804683
11.625000000000002 0.9223198531618751 39.3536296875 78.31555284098536 -31141.54730094067
11.675000000000002 0.9475442400584507 39.9522859375 81.1509870521541 -21210.5134666487
11.725000000000003 1.0338179675398433 40.61105625 89.29976276040048 13791.687894829025
11.775000000000002 1.15832472040039 41.3554734375 100.90964479902023 65120.05678349256
11.825000000000003 1.295246881303151 42.1949703125 113.79819392756497 122470.59319934179
11.875000000000002 1.4022810523856564 43.1115421875 124.2461134590904 168283.2971423769
11.925000000000002 1.438278837680261 44.0595765625 128.51101995614675 184889.1686125978
11.975000000000003 1.4017750225025007 44.9913140625 126.30189327933421 170914.20761000458
12.025000000000002 1.2793455998519074 45.848790625 116.2354346437761 119827.41413459706
12.075000000000003 1.114529708616756 46.602025 102.10486069904452 49537.78818637546
12.125000000000004 0.9415147836590274 47.2436109375 86.9703308148986 -25506.670234660443
12.175000000000002 0.7984154474277111 47.7921796875 74.36136435302622 -88641.96112851048
12.225000000000003 0.6849607915373316 48.2666703125 64.31968690837772 -139671.0844951747
12.275000000000002 0.6002183006145769 48.685865625 56.824117975902176 -178694.04033465323
12.325000000000003 0.5493735279140042 49.0726828125 52.435093719247334 -203064.82864694588
12.375000000000004 0.5176676785222525 49.4401390625 49.81061733838592 -219119.44943205273
12.425000000000002 0.5052755620856785 49.801703125 49.01190049291514 -226568.90268997382
12.475000000000003 0.5044088544217883 50.1655578125 49.322406696961856 -228796.188420709
12.525000000000002 0.5224387420092961 50.5454453125 51.49573832023834 -222243.30662425846
12.575000000000003 0.5567623050917567 50.9535296875 55.31797226173015 -207920.25730062212
12.625000000000004 0.5981172505377742 51.39541875 59.90037452950004 -190023.04044979997
12.675000000000002 0.6534578821041334 51.882025 65.96202327002726 -165156.656071792
12.725000000000003 0.7124690347589356 52.41676875 72.48731326611944 -138116.1041665983
12.775000000000002 0.7770962192791525 53.0046109375 79.68508429757884 -107915.38473421871
12.825000000000003 0.8474939656201083 53.650734375 87.58541268157776 -74412.49777465337
12.875000000000004 0.9087258937550814 54.348953125 94.64720487061015 -44883.443287902104
